2018/08/08 04:20:56 [INFO] Created default configuration file at /etc/hyperledger/fabric-ca/fabric-ca-server-config.yaml
2018/08/08 04:20:56 [INFO] Server Version: 1.2.0-stable
2018/08/08 04:20:56 [INFO] Server Levels: &{Identity:1 Affiliation:1 Certificate:1 Credential:1 RAInfo:1 Nonce:1}
2018/08/08 04:20:56 [DEBUG] Making server filenames absolute
2018/08/08 04:20:56 [DEBUG] Initializing default CA in directory /etc/hyperledger/fabric-ca
2018/08/08 04:20:56 [DEBUG] Init CA with home /etc/hyperledger/fabric-ca and config {Version:1.2.0-stable Cfg:{Identities:{AllowRemove:false} Affiliations:{AllowRemove:false}} CA:{Name: Keyfile: Certfile:ca-cert.pem Chainfile:ca-chain.pem} Signing:0xc42018ad40 CSR:{CN:org2-ca Names:[{C:US ST:North Carolina L: O:Hyperledger OU:Fabric SerialNumber:}] Hosts:[org2-ca] KeyRequest:<nil> CA:0xc42018f980 SerialNumber:} Registry:{MaxEnrollments:-1 Identities:[{ Name:**** Pass:**** Type:client Affiliation: MaxEnrollments:0 Attrs:map[hf.Revoker:1 hf.IntermediateCA:1 hf.GenCRL:1 hf.Registrar.Attributes:* hf.AffiliationMgr:1 hf.Registrar.Roles:* hf.Registrar.DelegateRoles:*]  }]} Affiliations:map[org1:[department1 department2] org2:[department1]] LDAP:{ Enabled:false URL:ldap://****:****@<host>:<port>/<base> UserFilter:(uid=%s) GroupFilter:(memberUid=%s) Attribute:{[uid member] [{ }] map[groups:[{ }]]} TLS:{false [] { }}  } DB:{ Type:sqlite3 Datasource:fabric-ca-server.db TLS:{false [] { }}  } CSP:0xc420454a20 Client:<nil> Intermediate:{ParentServer:{ URL: CAName:  } TLS:{Enabled:false CertFiles:[] Client:{KeyFile: CertFile:}} Enrollment:{ Name: Secret:**** CAName: AttrReqs:[] Profile: Label: CSR:<nil> Type:x509  }} CRL:{Expiry:24h0m0s} Idemix:{IssuerPublicKeyfile: IssuerSecretKeyfile: RevocationPublicKeyfile: RevocationPrivateKeyfile: RHPoolSize:0 NonceExpiration: NonceSweepInterval:}}
2018/08/08 04:20:56 [DEBUG] CA Home Directory: /etc/hyperledger/fabric-ca
2018/08/08 04:20:56 [DEBUG] Checking configuration file version '1.2.0-stable' against server version: '1.2.0-stable'
2018/08/08 04:20:56 [DEBUG] Initializing BCCSP: &{ProviderName:SW SwOpts:0xc420454a80 PluginOpts:<nil> Pkcs11Opts:<nil>}
2018/08/08 04:20:56 [DEBUG] Initializing BCCSP with software options &{SecLevel:256 HashFamily:SHA2 Ephemeral:false FileKeystore:0xc420199790 DummyKeystore:<nil>}
2018/08/08 04:20:56 [DEBUG] Initialize key material
2018/08/08 04:20:56 [DEBUG] Making CA filenames absolute
2018/08/08 04:20:56 [WARNING] &{69 The specified CA certificate file /etc/hyperledger/fabric-ca/ca-cert.pem does not exist}
2018/08/08 04:20:56 [DEBUG] Root CA certificate request: {CN:org2-ca Names:[{C:US ST:North Carolina L: O:Hyperledger OU:Fabric SerialNumber:}] Hosts:[org2-ca] KeyRequest:0xc42018fee0 CA:0xc42018f980 SerialNumber:}
2018/08/08 04:20:56 [INFO] generating key: &{A:ecdsa S:256}
2018/08/08 04:20:56 [DEBUG] generate key from request: algo=ecdsa, size=256
2018/08/08 04:20:56 [INFO] encoded CSR
2018/08/08 04:20:56 [DEBUG] validating configuration
2018/08/08 04:20:56 [DEBUG] validate local profile
2018/08/08 04:20:56 [DEBUG] profile is valid
2018/08/08 04:20:56 [INFO] signed certificate with serial number 544201298358469649885535774553462375657838240603
2018/08/08 04:20:56 [INFO] The CA key and certificate were generated for CA 
2018/08/08 04:20:56 [INFO] The key was stored by BCCSP provider 'SW'
2018/08/08 04:20:56 [INFO] The certificate is at: /etc/hyperledger/fabric-ca/ca-cert.pem
2018/08/08 04:20:56 [DEBUG] Initializing DB
2018/08/08 04:20:56 [DEBUG] Initializing 'sqlite3' database at '/etc/hyperledger/fabric-ca/fabric-ca-server.db'
2018/08/08 04:20:56 [DEBUG] Using sqlite database, connect to database in home (/etc/hyperledger/fabric-ca/fabric-ca-server.db) directory
2018/08/08 04:20:56 [DEBUG] Creating SQLite database (/etc/hyperledger/fabric-ca/fabric-ca-server.db) if it does not exist...
2018/08/08 04:20:56 [DEBUG] Creating users table if it does not exist
2018/08/08 04:20:56 [DEBUG] Creating affiliations table if it does not exist
2018/08/08 04:20:56 [DEBUG] Creating certificates table if it does not exist
2018/08/08 04:20:56 [DEBUG] Creating credentials table if it does not exist
2018/08/08 04:20:56 [DEBUG] Creating revocation_authority_info table if it does not exist
2018/08/08 04:20:56 [DEBUG] Creating nonces table if it does not exist
2018/08/08 04:20:56 [DEBUG] Creating properties table if it does not exist
2018/08/08 04:20:56 [DEBUG] Successfully opened sqlite3 DB
2018/08/08 04:20:56 [DEBUG] Checking database schema...
2018/08/08 04:20:56 [DEBUG] Update SQLite schema, if using outdated schema
2018/08/08 04:20:56 [DEBUG] Upgrade identities table
2018/08/08 04:20:56 [DEBUG] Creating users table if it does not exist
2018/08/08 04:20:56 [DEBUG] Upgrade affiliation table
2018/08/08 04:20:56 [DEBUG] Creating affiliations table if it does not exist
2018/08/08 04:20:56 [DEBUG] Upgrade certificates table
2018/08/08 04:20:56 [DEBUG] Creating certificates table if it does not exist
2018/08/08 04:20:56 [DEBUG] Initializing identity registry
2018/08/08 04:20:56 [DEBUG] Initialized DB identity registry
2018/08/08 04:20:56 [DEBUG] DB: Get properties [identity.level affiliation.level certificate.level]
2018/08/08 04:20:56 [DEBUG] Checking database levels 'map[affiliation.level:0 certificate.level:0 identity.level:0]' against server levels '&{Identity:1 Affiliation:1 Certificate:1 Credential:1 RAInfo:1 Nonce:1}'
2018/08/08 04:20:56 [DEBUG] Loading identity table
2018/08/08 04:20:56 [DEBUG] Loading identity 'org2-admin-ca'
2018/08/08 04:20:56 [DEBUG] DB: Getting identity org2-admin-ca
2018/08/08 04:20:56 [DEBUG] Max enrollment value verification - User specified max enrollment: 0, CA max enrollment: -1
2018/08/08 04:20:56 [DEBUG] DB: Add identity org2-admin-ca
2018/08/08 04:20:56 [DEBUG] Successfully added identity org2-admin-ca to the database
2018/08/08 04:20:56 [DEBUG] Registered identity: { Name:**** Pass:**** Type:client Affiliation: MaxEnrollments:-1 Attrs:map[hf.IntermediateCA:1 hf.GenCRL:1 hf.Registrar.Attributes:* hf.AffiliationMgr:1 hf.Registrar.Roles:* hf.Registrar.DelegateRoles:* hf.Revoker:1]  }
2018/08/08 04:20:56 [DEBUG] Successfully loaded identity table
2018/08/08 04:20:56 [DEBUG] Loading affiliations table
2018/08/08 04:20:56 [DEBUG] DB: Add affiliation org1
2018/08/08 04:20:56 [DEBUG] Affiliation 'org1' added
2018/08/08 04:20:56 [DEBUG] DB: Add affiliation org1.department1
2018/08/08 04:20:57 [DEBUG] Affiliation 'org1.department1' added
2018/08/08 04:20:57 [DEBUG] DB: Add affiliation org1.department2
2018/08/08 04:20:57 [DEBUG] Affiliation 'org1.department2' added
2018/08/08 04:20:57 [DEBUG] DB: Add affiliation org2
2018/08/08 04:20:57 [DEBUG] Affiliation 'org2' added
2018/08/08 04:20:57 [DEBUG] DB: Add affiliation org2.department1
2018/08/08 04:20:57 [DEBUG] Affiliation 'org2.department1' added
2018/08/08 04:20:57 [DEBUG] Successfully loaded affiliations table
2018/08/08 04:20:57 [DEBUG] Checking and performing migration, if needed
2018/08/08 04:20:57 [DEBUG] Updating database level to &{Identity:1 Affiliation:1 Certificate:1 Credential:1 RAInfo:1 Nonce:1}
2018/08/08 04:20:57 [INFO] Initialized sqlite3 database at /etc/hyperledger/fabric-ca/fabric-ca-server.db
2018/08/08 04:20:57 [DEBUG] Initializing enrollment signer
2018/08/08 04:20:57 [DEBUG] validating configuration
2018/08/08 04:20:57 [DEBUG] validate local profile
2018/08/08 04:20:57 [DEBUG] profile is valid
2018/08/08 04:20:57 [DEBUG] validate local profile
2018/08/08 04:20:57 [DEBUG] profile is valid
2018/08/08 04:20:57 [DEBUG] validate local profile
2018/08/08 04:20:57 [DEBUG] profile is valid
2018/08/08 04:20:57 [DEBUG] CA initialization successful
2018/08/08 04:20:57 [INFO] The issuer key was successfully stored. The public key is at: /etc/hyperledger/fabric-ca/IssuerPublicKey, secret key is at: /etc/hyperledger/fabric-ca/msp/keystore/IssuerSecretKey
2018/08/08 04:20:57 [INFO] The revocation key was successfully stored. The public key is at: /etc/hyperledger/fabric-ca/IssuerRevocationPublicKey, private key is at: /etc/hyperledger/fabric-ca/msp/keystore/IssuerRevocationPrivateKey
2018/08/08 04:20:57 [INFO] Home directory for default CA: /etc/hyperledger/fabric-ca
2018/08/08 04:20:57 [DEBUG] Closing server DBs
2018/08/08 04:20:57 [INFO] Initialization was successful
2018/08/08 04:20:57 [INFO] Configuration file location: /etc/hyperledger/fabric-ca/fabric-ca-server-config.yaml
2018/08/08 04:20:57 [INFO] Starting server in home directory: /etc/hyperledger/fabric-ca
2018/08/08 04:20:57 [INFO] Server Version: 1.2.0-stable
2018/08/08 04:20:57 [INFO] Server Levels: &{Identity:1 Affiliation:1 Certificate:1 Credential:1 RAInfo:1 Nonce:1}
2018/08/08 04:20:57 [DEBUG] Making server filenames absolute
2018/08/08 04:20:57 [DEBUG] Initializing default CA in directory /etc/hyperledger/fabric-ca
2018/08/08 04:20:57 [DEBUG] Init CA with home /etc/hyperledger/fabric-ca and config {Version:1.2.0-stable Cfg:{Identities:{AllowRemove:false} Affiliations:{AllowRemove:false}} CA:{Name: Keyfile: Certfile:ca-cert.pem Chainfile:ca-chain.pem} Signing:0xc42024ff80 CSR:{CN:org2-ca Names:[{C:US ST:North Carolina L: O:Hyperledger OU:Fabric SerialNumber:}] Hosts:[org2-ca] KeyRequest:<nil> CA:0xc4202577e0 SerialNumber:} Registry:{MaxEnrollments:-1 Identities:[{ Name:**** Pass:**** Type:client Affiliation: MaxEnrollments:0 Attrs:map[hf.Registrar.Roles:* hf.Registrar.DelegateRoles:* hf.Revoker:1 hf.IntermediateCA:1 hf.GenCRL:1 hf.Registrar.Attributes:* hf.AffiliationMgr:1]  }]} Affiliations:map[org2:[department1] org1:[department1 department2]] LDAP:{ Enabled:false URL:ldap://****:****@<host>:<port>/<base> UserFilter:(uid=%s) GroupFilter:(memberUid=%s) Attribute:{[uid member] [{ }] map[groups:[{ }]]} TLS:{false [] { }}  } DB:{ Type:sqlite3 Datasource:fabric-ca-server.db TLS:{false [] { }}  } CSP:0xc420491080 Client:<nil> Intermediate:{ParentServer:{ URL: CAName:  } TLS:{Enabled:false CertFiles:[] Client:{KeyFile: CertFile:}} Enrollment:{ Name: Secret:**** CAName: AttrReqs:[] Profile: Label: CSR:<nil> Type:x509  }} CRL:{Expiry:24h0m0s} Idemix:{IssuerPublicKeyfile: IssuerSecretKeyfile: RevocationPublicKeyfile: RevocationPrivateKeyfile: RHPoolSize:0 NonceExpiration: NonceSweepInterval:}}
2018/08/08 04:20:57 [DEBUG] CA Home Directory: /etc/hyperledger/fabric-ca
2018/08/08 04:20:57 [DEBUG] Checking configuration file version '1.2.0-stable' against server version: '1.2.0-stable'
2018/08/08 04:20:57 [DEBUG] Initializing BCCSP: &{ProviderName:SW SwOpts:0xc4204910e0 PluginOpts:<nil> Pkcs11Opts:<nil>}
2018/08/08 04:20:57 [DEBUG] Initializing BCCSP with software options &{SecLevel:256 HashFamily:SHA2 Ephemeral:false FileKeystore:0xc420264e40 DummyKeystore:<nil>}
2018/08/08 04:20:57 [DEBUG] Initialize key material
2018/08/08 04:20:57 [DEBUG] Making CA filenames absolute
2018/08/08 04:20:57 [INFO] The CA key and certificate already exist
2018/08/08 04:20:57 [INFO] The key is stored by BCCSP provider 'SW'
2018/08/08 04:20:57 [INFO] The certificate is at: /etc/hyperledger/fabric-ca/ca-cert.pem
2018/08/08 04:20:57 [DEBUG] Loading CN from existing enrollment information
2018/08/08 04:20:57 [DEBUG] Initializing DB
2018/08/08 04:20:57 [DEBUG] Initializing 'sqlite3' database at '/etc/hyperledger/fabric-ca/fabric-ca-server.db'
2018/08/08 04:20:57 [DEBUG] Using sqlite database, connect to database in home (/etc/hyperledger/fabric-ca/fabric-ca-server.db) directory
2018/08/08 04:20:57 [DEBUG] Creating SQLite database (/etc/hyperledger/fabric-ca/fabric-ca-server.db) if it does not exist...
2018/08/08 04:20:57 [DEBUG] Creating users table if it does not exist
2018/08/08 04:20:57 [DEBUG] Creating affiliations table if it does not exist
2018/08/08 04:20:57 [DEBUG] Creating certificates table if it does not exist
2018/08/08 04:20:57 [DEBUG] Creating credentials table if it does not exist
2018/08/08 04:20:57 [DEBUG] Creating revocation_authority_info table if it does not exist
2018/08/08 04:20:57 [DEBUG] Creating nonces table if it does not exist
2018/08/08 04:20:57 [DEBUG] Creating properties table if it does not exist
2018/08/08 04:20:57 [DEBUG] Successfully opened sqlite3 DB
2018/08/08 04:20:57 [DEBUG] Checking database schema...
2018/08/08 04:20:57 [DEBUG] Update SQLite schema, if using outdated schema
2018/08/08 04:20:57 [DEBUG] Initializing identity registry
2018/08/08 04:20:57 [DEBUG] Initialized DB identity registry
2018/08/08 04:20:57 [DEBUG] DB: Get properties [identity.level affiliation.level certificate.level]
2018/08/08 04:20:57 [DEBUG] Checking database levels 'map[affiliation.level:1 certificate.level:1 identity.level:1]' against server levels '&{Identity:1 Affiliation:1 Certificate:1 Credential:1 RAInfo:1 Nonce:1}'
2018/08/08 04:20:57 [DEBUG] Loading identity table
2018/08/08 04:20:57 [DEBUG] Loading identity 'org2-admin-ca'
2018/08/08 04:20:57 [DEBUG] DB: Getting identity org2-admin-ca
2018/08/08 04:20:57 [DEBUG] Identity 'org2-admin-ca' already registered, loaded identity
2018/08/08 04:20:57 [DEBUG] Successfully loaded identity table
2018/08/08 04:20:57 [DEBUG] Loading affiliations table
2018/08/08 04:20:57 [DEBUG] DB: Add affiliation org2
2018/08/08 04:20:57 [DEBUG] Affiliation 'org2' already exists
2018/08/08 04:20:57 [DEBUG] DB: Add affiliation org2.department1
2018/08/08 04:20:57 [DEBUG] Affiliation 'org2.department1' already exists
2018/08/08 04:20:57 [DEBUG] DB: Add affiliation org1
2018/08/08 04:20:57 [DEBUG] Affiliation 'org1' already exists
2018/08/08 04:20:57 [DEBUG] DB: Add affiliation org1.department1
2018/08/08 04:20:57 [DEBUG] Affiliation 'org1.department1' already exists
2018/08/08 04:20:57 [DEBUG] DB: Add affiliation org1.department2
2018/08/08 04:20:57 [DEBUG] Affiliation 'org1.department2' already exists
2018/08/08 04:20:57 [DEBUG] Successfully loaded affiliations table
2018/08/08 04:20:57 [DEBUG] Checking and performing migration, if needed
2018/08/08 04:20:57 [DEBUG] Updating database level to &{Identity:1 Affiliation:1 Certificate:1 Credential:1 RAInfo:1 Nonce:1}
2018/08/08 04:20:57 [INFO] Initialized sqlite3 database at /etc/hyperledger/fabric-ca/fabric-ca-server.db
2018/08/08 04:20:57 [DEBUG] Initializing enrollment signer
2018/08/08 04:20:57 [DEBUG] validating configuration
2018/08/08 04:20:57 [DEBUG] validate local profile
2018/08/08 04:20:57 [DEBUG] profile is valid
2018/08/08 04:20:57 [DEBUG] validate local profile
2018/08/08 04:20:57 [DEBUG] profile is valid
2018/08/08 04:20:57 [DEBUG] validate local profile
2018/08/08 04:20:57 [DEBUG] profile is valid
2018/08/08 04:20:57 [DEBUG] CA initialization successful
2018/08/08 04:20:57 [INFO] Home directory for default CA: /etc/hyperledger/fabric-ca
2018/08/08 04:20:57 [DEBUG] 1 CA instance(s) running on server
2018/08/08 04:20:57 [DEBUG] TLS is enabled
2018/08/08 04:20:57 [DEBUG] TLS enabled but no certificate or key provided, automatically generate TLS credentials
2018/08/08 04:20:57 [DEBUG] TLS CSR: {CN:org2-ca Names:[{C:US ST:North Carolina L: O:Hyperledger OU:Fabric SerialNumber:}] Hosts:[org2-ca] KeyRequest:<nil> CA:<nil> SerialNumber:}
2018/08/08 04:20:57 [DEBUG] GenCSR &{CN:org2-ca Names:[{C:US ST:North Carolina L: O:Hyperledger OU:Fabric SerialNumber:}] Hosts:[org2-ca] KeyRequest:<nil> CA:<nil> SerialNumber:}
2018/08/08 04:20:57 [DEBUG] Initializing client with config: &{URL: MSPDir: TLS:{Enabled:false CertFiles:[] Client:{KeyFile: CertFile:}} Enrollment:{ Name: Secret:**** CAName: AttrReqs:[] Profile: Label: CSR:<nil> Type:  } CSR:{CN: Names:[] Hosts:[] KeyRequest:<nil> CA:<nil> SerialNumber:} ID:{Name: Type: Secret: MaxEnrollments:0 Affiliation: Attributes:[] CAName:} Revoke:{Name: Serial: AKI: Reason: CAName: GenCRL:false} CAInfo:{CAName:} CAName: CSP:0xc420491080}
2018/08/08 04:20:57 [DEBUG] Initializing BCCSP: &{ProviderName:SW SwOpts:0xc4204910e0 PluginOpts:<nil> Pkcs11Opts:<nil>}
2018/08/08 04:20:57 [DEBUG] Initializing BCCSP with software options &{SecLevel:256 HashFamily:SHA2 Ephemeral:false FileKeystore:0xc420264e40 DummyKeystore:<nil>}
2018/08/08 04:20:57 [INFO] generating key: &{A:ecdsa S:256}
2018/08/08 04:20:57 [DEBUG] generate key from request: algo=ecdsa, size=256
2018/08/08 04:20:57 [INFO] encoded CSR
2018/08/08 04:20:57 [INFO] signed certificate with serial number 714380408387974013530302838422075621060416498091
2018/08/08 04:20:57 [DEBUG] DB: Insert Certificate
2018/08/08 04:20:57 [DEBUG] Saved serial number as hex 7d21ece7fed629b3d144d6887db45f5e5841e9ab
2018/08/08 04:20:57 [DEBUG] saved certificate with serial number 714380408387974013530302838422075621060416498091
2018/08/08 04:20:57 [DEBUG] TLS Certificate: /etc/hyperledger/fabric-ca/tls-cert.pem, TLS Key: 
2018/08/08 04:20:57 [DEBUG] Client authentication type requested: noclientcert
2018/08/08 04:20:57 [INFO] Listening on https://0.0.0.0:7054
2018/08/08 04:25:04 [DEBUG] Received request for /enroll
2018/08/08 04:25:04 [DEBUG] ca.Config: &{Version:1.2.0-stable Cfg:{Identities:{AllowRemove:false} Affiliations:{AllowRemove:false}} CA:{Name: Keyfile:/etc/hyperledger/fabric-ca/ca-key.pem Certfile:/etc/hyperledger/fabric-ca/ca-cert.pem Chainfile:/etc/hyperledger/fabric-ca/ca-chain.pem} Signing:0xc42024ff80 CSR:{CN:org2-ca Names:[{C:US ST:North Carolina L: O:Hyperledger OU:Fabric SerialNumber:}] Hosts:[org2-ca] KeyRequest:<nil> CA:0xc4202577e0 SerialNumber:} Registry:{MaxEnrollments:-1 Identities:[{ Name:**** Pass:**** Type:client Affiliation: MaxEnrollments:0 Attrs:map[hf.Registrar.Roles:* hf.Registrar.DelegateRoles:* hf.Revoker:1 hf.IntermediateCA:1 hf.GenCRL:1 hf.Registrar.Attributes:* hf.AffiliationMgr:1]  }]} Affiliations:map[org2:[department1] org1:[department1 department2]] LDAP:{ Enabled:false URL:ldap://****:****@<host>:<port>/<base> UserFilter:(uid=%s) GroupFilter:(memberUid=%s) Attribute:{[uid member] [{ }] map[groups:[{ }]]} TLS:{false [] { }}  } DB:{ Type:sqlite3 Datasource:/etc/hyperledger/fabric-ca/fabric-ca-server.db TLS:{false [] { }}  } CSP:0xc420491080 Client:<nil> Intermediate:{ParentServer:{ URL: CAName:  } TLS:{Enabled:false CertFiles:[] Client:{KeyFile: CertFile:}} Enrollment:{ Name: Secret:**** CAName: AttrReqs:[] Profile: Label: CSR:<nil> Type:x509  }} CRL:{Expiry:24h0m0s} Idemix:{IssuerPublicKeyfile:/etc/hyperledger/fabric-ca/IssuerPublicKey IssuerSecretKeyfile:/etc/hyperledger/fabric-ca/msp/keystore/IssuerSecretKey RevocationPublicKeyfile:/etc/hyperledger/fabric-ca/IssuerRevocationPublicKey RevocationPrivateKeyfile:/etc/hyperledger/fabric-ca/msp/keystore/IssuerRevocationPrivateKey RHPoolSize:1000 NonceExpiration:15s NonceSweepInterval:15m}}
2018/08/08 04:25:04 [DEBUG] DB: Getting identity org2-admin-ca
2018/08/08 04:25:04 [DEBUG] DB: Login user org2-admin-ca with max enrollments of -1 and state of 0
2018/08/08 04:25:04 [DEBUG] DB: identity org2-admin-ca successfully logged in
2018/08/08 04:25:04 [DEBUG] DB: Getting identity org2-admin-ca
2018/08/08 04:25:04 [DEBUG] Processing sign request: id=org2-admin-ca, CommonName=org2-admin-ca, Subject=<nil>
2018/08/08 04:25:04 [DEBUG] Request is not for a CA signing certificate
2018/08/08 04:25:04 [DEBUG] Checking CSR fields to make sure that they do not exceed maximum character limits
2018/08/08 04:25:04 [DEBUG] Finished processing sign request
2018/08/08 04:25:04 [DEBUG] DB: Getting identity org2-admin-ca
2018/08/08 04:25:04 [INFO] signed certificate with serial number 489417376426694412591478650027362832481584171735
2018/08/08 04:25:04 [DEBUG] DB: Insert Certificate
2018/08/08 04:25:04 [DEBUG] Saved serial number as hex 55ba3bf2f5a90b6707579d34d063aa9b59984ad7
2018/08/08 04:25:04 [DEBUG] saved certificate with serial number 489417376426694412591478650027362832481584171735
2018/08/08 04:25:04 [DEBUG] Successfully incremented state for identity org2-admin-ca to 1
2018/08/08 04:25:04 [INFO] 172.18.0.8:48298 POST /enroll 201 0 "OK"
2018/08/08 04:25:04 [DEBUG] Received request for /register
2018/08/08 04:25:04 [DEBUG] Checking for revocation/expiration of certificate owned by 'org2-admin-ca'
2018/08/08 04:25:04 [DEBUG] DB: Get certificate by serial (55ba3bf2f5a90b6707579d34d063aa9b59984ad7) and aki (f7ac3e215bb8d02e72220bc04e7a4681738a82a4)
2018/08/08 04:25:04 [DEBUG] DB: Getting identity org2-admin-ca
2018/08/08 04:25:04 [DEBUG] Successful token authentication of 'org2-admin-ca'
2018/08/08 04:25:04 [DEBUG] Received registration request from org2-admin-ca: { Name:org2-orderer Type:orderer Secret:**** MaxEnrollments:0 Affiliation:org2 Attributes:[] CAName:  }
2018/08/08 04:25:04 [DEBUG] canRegister - Check to see if user 'org2-admin-ca' can register
2018/08/08 04:25:04 [DEBUG] Checking to see if caller 'org2-admin-ca' can act on type 'orderer'
2018/08/08 04:25:04 [DEBUG] Checking to see if caller 'org2-admin-ca' is a registrar
2018/08/08 04:25:04 [DEBUG] Validating affiliation: org2
2018/08/08 04:25:04 [DEBUG] Checking to see if affiliation 'org2' contains caller's affiliation ''
2018/08/08 04:25:04 [DEBUG] Caller has root affiliation
2018/08/08 04:25:04 [DEBUG] DB: Get affiliation org2
2018/08/08 04:25:04 [DEBUG] Registering user id: org2-orderer
2018/08/08 04:25:04 [DEBUG] Max enrollment value verification - User specified max enrollment: 0, CA max enrollment: -1
2018/08/08 04:25:04 [DEBUG] DB: Getting identity org2-orderer
2018/08/08 04:25:04 [DEBUG] DB: Add identity org2-orderer
2018/08/08 04:25:04 [DEBUG] Successfully added identity org2-orderer to the database
2018/08/08 04:25:04 [INFO] 172.18.0.8:48300 POST /register 201 0 "OK"
2018/08/08 04:25:04 [DEBUG] Received request for /register
2018/08/08 04:25:04 [DEBUG] Checking for revocation/expiration of certificate owned by 'org2-admin-ca'
2018/08/08 04:25:04 [DEBUG] DB: Get certificate by serial (55ba3bf2f5a90b6707579d34d063aa9b59984ad7) and aki (f7ac3e215bb8d02e72220bc04e7a4681738a82a4)
2018/08/08 04:25:04 [DEBUG] DB: Getting identity org2-admin-ca
2018/08/08 04:25:04 [DEBUG] Successful token authentication of 'org2-admin-ca'
2018/08/08 04:25:04 [DEBUG] Received registration request from org2-admin-ca: { Name:org2-admin Type:client Secret:**** MaxEnrollments:0 Affiliation:org2 Attributes:[{hf.Registrar.Roles client false} {hf.Registrar.Attributes * false} {hf.Revoker true false} {hf.GenCRL true false} {admin true true} {abac.init true true}] CAName:  }
2018/08/08 04:25:04 [DEBUG] canRegister - Check to see if user 'org2-admin-ca' can register
2018/08/08 04:25:04 [DEBUG] Checking to see if caller 'org2-admin-ca' can act on type 'client'
2018/08/08 04:25:04 [DEBUG] Checking to see if caller 'org2-admin-ca' is a registrar
2018/08/08 04:25:04 [DEBUG] Validating affiliation: org2
2018/08/08 04:25:04 [DEBUG] Checking to see if affiliation 'org2' contains caller's affiliation ''
2018/08/08 04:25:04 [DEBUG] Caller has root affiliation
2018/08/08 04:25:04 [DEBUG] DB: Get affiliation org2
2018/08/08 04:25:04 [DEBUG] Checking to see if registrar can register the requested attributes: [{Name:hf.Registrar.Roles Value:client ECert:false} {Name:hf.Registrar.Attributes Value:* ECert:false} {Name:hf.Revoker Value:true ECert:false} {Name:hf.GenCRL Value:true ECert:false} {Name:admin Value:true ECert:true} {Name:abac.init Value:true ECert:true}]
2018/08/08 04:25:04 [DEBUG] Validating that registrar with the following values for hf.Registrar.Attributes '*' is authorized to register the requested attribute '&{Name:hf.Registrar.Roles Value:client ECert:false}'
2018/08/08 04:25:04 [DEBUG] Checking if registrar can register attribute: hf.Registrar.Roles
2018/08/08 04:25:04 [DEBUG] Performing authorization check...
2018/08/08 04:25:04 [DEBUG] Checking if caller is authorized to register attribute 'hf.Registrar.Roles' with the requested value of '%!s(func() string=0x8c9970)'
2018/08/08 04:25:04 [DEBUG] Requested attribute type is list
2018/08/08 04:25:04 [DEBUG] Validating that registrar with the following values for hf.Registrar.Attributes '*' is authorized to register the requested attribute '&{Name:hf.Registrar.Attributes Value:* ECert:false}'
2018/08/08 04:25:04 [DEBUG] Checking if registrar can register attribute: hf.Registrar.Attributes
2018/08/08 04:25:04 [DEBUG] Performing authorization check...
2018/08/08 04:25:04 [DEBUG] Checking if caller is authorized to register attribute 'hf.Registrar.Attributes' with the requested value of '%!s(func() string=0x8c9970)'
2018/08/08 04:25:04 [DEBUG] Requested attribute type is list
2018/08/08 04:25:04 [DEBUG] Perform ownshership check for requested 'hf.' attributes for the values of 'hf.Registrar.Attributes'
2018/08/08 04:25:04 [DEBUG] Checking if registrar can register attribute: *
2018/08/08 04:25:04 [DEBUG] Validating that registrar with the following values for hf.Registrar.Attributes '*' is authorized to register the requested attribute '&{Name:hf.Revoker Value:true ECert:false}'
2018/08/08 04:25:04 [DEBUG] Checking if registrar can register attribute: hf.Revoker
2018/08/08 04:25:04 [DEBUG] Performing authorization check...
2018/08/08 04:25:04 [DEBUG] Checking if caller is authorized to register attribute 'hf.Revoker' with the requested value of '%!s(func() string=0x8c9970)'
2018/08/08 04:25:04 [DEBUG] Requested attribute type is boolean
2018/08/08 04:25:04 [DEBUG] Validating that registrar with the following values for hf.Registrar.Attributes '*' is authorized to register the requested attribute '&{Name:hf.GenCRL Value:true ECert:false}'
2018/08/08 04:25:04 [DEBUG] Checking if registrar can register attribute: hf.GenCRL
2018/08/08 04:25:04 [DEBUG] Performing authorization check...
2018/08/08 04:25:04 [DEBUG] Checking if caller is authorized to register attribute 'hf.GenCRL' with the requested value of '%!s(func() string=0x8c9970)'
2018/08/08 04:25:04 [DEBUG] Requested attribute type is boolean
2018/08/08 04:25:04 [DEBUG] Validating that registrar with the following values for hf.Registrar.Attributes '*' is authorized to register the requested attribute '&{Name:admin Value:true ECert:true}'
2018/08/08 04:25:04 [DEBUG] Checking if registrar can register attribute: admin
2018/08/08 04:25:04 [DEBUG] Performing authorization check...
2018/08/08 04:25:04 [DEBUG] Validating that registrar with the following values for hf.Registrar.Attributes '*' is authorized to register the requested attribute '&{Name:abac.init Value:true ECert:true}'
2018/08/08 04:25:04 [DEBUG] Checking if registrar can register attribute: abac.init
2018/08/08 04:25:04 [DEBUG] Performing authorization check...
2018/08/08 04:25:04 [DEBUG] Registering user id: org2-admin
2018/08/08 04:25:04 [DEBUG] Max enrollment value verification - User specified max enrollment: 0, CA max enrollment: -1
2018/08/08 04:25:04 [DEBUG] DB: Getting identity org2-admin
2018/08/08 04:25:04 [DEBUG] DB: Add identity org2-admin
2018/08/08 04:25:05 [DEBUG] Successfully added identity org2-admin to the database
2018/08/08 04:25:05 [INFO] 172.18.0.8:48302 POST /register 201 0 "OK"
2018/08/08 04:25:05 [DEBUG] Received request for /register
2018/08/08 04:25:05 [DEBUG] Checking for revocation/expiration of certificate owned by 'org2-admin-ca'
2018/08/08 04:25:05 [DEBUG] DB: Get certificate by serial (55ba3bf2f5a90b6707579d34d063aa9b59984ad7) and aki (f7ac3e215bb8d02e72220bc04e7a4681738a82a4)
2018/08/08 04:25:05 [DEBUG] DB: Getting identity org2-admin-ca
2018/08/08 04:25:05 [DEBUG] Successful token authentication of 'org2-admin-ca'
2018/08/08 04:25:05 [DEBUG] Received registration request from org2-admin-ca: { Name:org2-peer0 Type:peer Secret:**** MaxEnrollments:0 Affiliation:org2 Attributes:[] CAName:  }
2018/08/08 04:25:05 [DEBUG] canRegister - Check to see if user 'org2-admin-ca' can register
2018/08/08 04:25:05 [DEBUG] Checking to see if caller 'org2-admin-ca' can act on type 'peer'
2018/08/08 04:25:05 [DEBUG] Checking to see if caller 'org2-admin-ca' is a registrar
2018/08/08 04:25:05 [DEBUG] Validating affiliation: org2
2018/08/08 04:25:05 [DEBUG] Checking to see if affiliation 'org2' contains caller's affiliation ''
2018/08/08 04:25:05 [DEBUG] Caller has root affiliation
2018/08/08 04:25:05 [DEBUG] DB: Get affiliation org2
2018/08/08 04:25:05 [DEBUG] Registering user id: org2-peer0
2018/08/08 04:25:05 [DEBUG] Max enrollment value verification - User specified max enrollment: 0, CA max enrollment: -1
2018/08/08 04:25:05 [DEBUG] DB: Getting identity org2-peer0
2018/08/08 04:25:05 [DEBUG] DB: Add identity org2-peer0
2018/08/08 04:25:05 [DEBUG] Successfully added identity org2-peer0 to the database
2018/08/08 04:25:05 [INFO] 172.18.0.8:48304 POST /register 201 0 "OK"
2018/08/08 04:25:05 [DEBUG] Received request for /enroll
2018/08/08 04:25:05 [DEBUG] ca.Config: &{Version:1.2.0-stable Cfg:{Identities:{AllowRemove:false} Affiliations:{AllowRemove:false}} CA:{Name: Keyfile:/etc/hyperledger/fabric-ca/ca-key.pem Certfile:/etc/hyperledger/fabric-ca/ca-cert.pem Chainfile:/etc/hyperledger/fabric-ca/ca-chain.pem} Signing:0xc42024ff80 CSR:{CN:org2-ca Names:[{C:US ST:North Carolina L: O:Hyperledger OU:Fabric SerialNumber:}] Hosts:[org2-ca] KeyRequest:<nil> CA:0xc4202577e0 SerialNumber:} Registry:{MaxEnrollments:-1 Identities:[{ Name:**** Pass:**** Type:client Affiliation: MaxEnrollments:0 Attrs:map[hf.AffiliationMgr:1 hf.Registrar.Roles:* hf.Registrar.DelegateRoles:* hf.Revoker:1 hf.IntermediateCA:1 hf.GenCRL:1 hf.Registrar.Attributes:*]  }]} Affiliations:map[org2:[department1] org1:[department1 department2]] LDAP:{ Enabled:false URL:ldap://****:****@<host>:<port>/<base> UserFilter:(uid=%s) GroupFilter:(memberUid=%s) Attribute:{[uid member] [{ }] map[groups:[{ }]]} TLS:{false [] { }}  } DB:{ Type:sqlite3 Datasource:/etc/hyperledger/fabric-ca/fabric-ca-server.db TLS:{false [] { }}  } CSP:0xc420491080 Client:<nil> Intermediate:{ParentServer:{ URL: CAName:  } TLS:{Enabled:false CertFiles:[] Client:{KeyFile: CertFile:}} Enrollment:{ Name: Secret:**** CAName: AttrReqs:[] Profile: Label: CSR:<nil> Type:x509  }} CRL:{Expiry:24h0m0s} Idemix:{IssuerPublicKeyfile:/etc/hyperledger/fabric-ca/IssuerPublicKey IssuerSecretKeyfile:/etc/hyperledger/fabric-ca/msp/keystore/IssuerSecretKey RevocationPublicKeyfile:/etc/hyperledger/fabric-ca/IssuerRevocationPublicKey RevocationPrivateKeyfile:/etc/hyperledger/fabric-ca/msp/keystore/IssuerRevocationPrivateKey RHPoolSize:1000 NonceExpiration:15s NonceSweepInterval:15m}}
2018/08/08 04:25:05 [DEBUG] DB: Getting identity org2-peer0
2018/08/08 04:25:05 [DEBUG] DB: Login user org2-peer0 with max enrollments of -1 and state of 0
2018/08/08 04:25:05 [DEBUG] DB: identity org2-peer0 successfully logged in
2018/08/08 04:25:05 [DEBUG] DB: Getting identity org2-peer0
2018/08/08 04:25:05 [DEBUG] Processing sign request: id=org2-peer0, CommonName=org2-peer0, Subject=<nil>
2018/08/08 04:25:05 [DEBUG] Request is not for a CA signing certificate
2018/08/08 04:25:05 [DEBUG] Checking CSR fields to make sure that they do not exceed maximum character limits
2018/08/08 04:25:05 [DEBUG] Finished processing sign request
2018/08/08 04:25:05 [DEBUG] DB: Getting identity org2-peer0
2018/08/08 04:25:05 [DEBUG] Attribute extension being added to certificate is: &{ID:[1 2 3 4 5 6 7 8 1] Critical:false Value:7b226174747273223a7b2268662e416666696c696174696f6e223a226f726732222c2268662e456e726f6c6c6d656e744944223a226f7267322d7065657230222c2268662e54797065223a2270656572227d7d}
2018/08/08 04:25:05 [DEBUG] Adding attribute extension to CSR: &{ID:[1 2 3 4 5 6 7 8 1] Critical:false Value:7b226174747273223a7b2268662e416666696c696174696f6e223a226f726732222c2268662e456e726f6c6c6d656e744944223a226f7267322d7065657230222c2268662e54797065223a2270656572227d7d}
2018/08/08 04:25:05 [INFO] signed certificate with serial number 509884894550650521858542252277614603330854720608
2018/08/08 04:25:05 [DEBUG] DB: Insert Certificate
2018/08/08 04:25:05 [DEBUG] Saved serial number as hex 59500788c8e69901bde40520475c856110121460
2018/08/08 04:25:05 [DEBUG] saved certificate with serial number 509884894550650521858542252277614603330854720608
2018/08/08 04:25:05 [DEBUG] Successfully incremented state for identity org2-peer0 to 1
2018/08/08 04:25:05 [INFO] 172.18.0.8:48306 POST /enroll 201 0 "OK"
2018/08/08 04:25:05 [DEBUG] Received request for /cainfo
2018/08/08 04:25:05 [INFO] 172.18.0.8:48308 POST /cainfo 200 0 "OK"
2018/08/08 04:25:05 [DEBUG] Received request for /enroll
2018/08/08 04:25:05 [DEBUG] ca.Config: &{Version:1.2.0-stable Cfg:{Identities:{AllowRemove:false} Affiliations:{AllowRemove:false}} CA:{Name: Keyfile:/etc/hyperledger/fabric-ca/ca-key.pem Certfile:/etc/hyperledger/fabric-ca/ca-cert.pem Chainfile:/etc/hyperledger/fabric-ca/ca-chain.pem} Signing:0xc42024ff80 CSR:{CN:org2-ca Names:[{C:US ST:North Carolina L: O:Hyperledger OU:Fabric SerialNumber:}] Hosts:[org2-ca] KeyRequest:<nil> CA:0xc4202577e0 SerialNumber:} Registry:{MaxEnrollments:-1 Identities:[{ Name:**** Pass:**** Type:client Affiliation: MaxEnrollments:0 Attrs:map[hf.Registrar.Roles:* hf.Registrar.DelegateRoles:* hf.Revoker:1 hf.IntermediateCA:1 hf.GenCRL:1 hf.Registrar.Attributes:* hf.AffiliationMgr:1]  }]} Affiliations:map[org2:[department1] org1:[department1 department2]] LDAP:{ Enabled:false URL:ldap://****:****@<host>:<port>/<base> UserFilter:(uid=%s) GroupFilter:(memberUid=%s) Attribute:{[uid member] [{ }] map[groups:[{ }]]} TLS:{false [] { }}  } DB:{ Type:sqlite3 Datasource:/etc/hyperledger/fabric-ca/fabric-ca-server.db TLS:{false [] { }}  } CSP:0xc420491080 Client:<nil> Intermediate:{ParentServer:{ URL: CAName:  } TLS:{Enabled:false CertFiles:[] Client:{KeyFile: CertFile:}} Enrollment:{ Name: Secret:**** CAName: AttrReqs:[] Profile: Label: CSR:<nil> Type:x509  }} CRL:{Expiry:24h0m0s} Idemix:{IssuerPublicKeyfile:/etc/hyperledger/fabric-ca/IssuerPublicKey IssuerSecretKeyfile:/etc/hyperledger/fabric-ca/msp/keystore/IssuerSecretKey RevocationPublicKeyfile:/etc/hyperledger/fabric-ca/IssuerRevocationPublicKey RevocationPrivateKeyfile:/etc/hyperledger/fabric-ca/msp/keystore/IssuerRevocationPrivateKey RHPoolSize:1000 NonceExpiration:15s NonceSweepInterval:15m}}
2018/08/08 04:25:05 [DEBUG] DB: Getting identity org2-admin
2018/08/08 04:25:05 [DEBUG] DB: Login user org2-admin with max enrollments of -1 and state of 0
2018/08/08 04:25:05 [DEBUG] DB: identity org2-admin successfully logged in
2018/08/08 04:25:05 [DEBUG] DB: Getting identity org2-admin
2018/08/08 04:25:05 [DEBUG] Processing sign request: id=org2-admin, CommonName=org2-admin, Subject=<nil>
2018/08/08 04:25:05 [DEBUG] Request is not for a CA signing certificate
2018/08/08 04:25:05 [DEBUG] Checking CSR fields to make sure that they do not exceed maximum character limits
2018/08/08 04:25:05 [DEBUG] Finished processing sign request
2018/08/08 04:25:05 [DEBUG] DB: Getting identity org2-admin
2018/08/08 04:25:05 [DEBUG] Attribute extension being added to certificate is: &{ID:[1 2 3 4 5 6 7 8 1] Critical:false Value:7b226174747273223a7b22616261632e696e6974223a2274727565222c2261646d696e223a2274727565222c2268662e416666696c696174696f6e223a226f726732222c2268662e456e726f6c6c6d656e744944223a226f7267322d61646d696e222c2268662e54797065223a22636c69656e74227d7d}
2018/08/08 04:25:05 [DEBUG] Adding attribute extension to CSR: &{ID:[1 2 3 4 5 6 7 8 1] Critical:false Value:7b226174747273223a7b22616261632e696e6974223a2274727565222c2261646d696e223a2274727565222c2268662e416666696c696174696f6e223a226f726732222c2268662e456e726f6c6c6d656e744944223a226f7267322d61646d696e222c2268662e54797065223a22636c69656e74227d7d}
2018/08/08 04:25:05 [INFO] signed certificate with serial number 397011751649572362351486363663919934642884991013
2018/08/08 04:25:05 [DEBUG] DB: Insert Certificate
2018/08/08 04:25:05 [DEBUG] Saved serial number as hex 458a9f662f71ffca11b86844519d79d074985825
2018/08/08 04:25:05 [DEBUG] saved certificate with serial number 397011751649572362351486363663919934642884991013
2018/08/08 04:25:05 [DEBUG] Successfully incremented state for identity org2-admin to 1
2018/08/08 04:25:05 [INFO] 172.18.0.8:48310 POST /enroll 201 0 "OK"
2018/08/08 04:34:15 [DEBUG] Received request for /enroll
2018/08/08 04:34:15 [DEBUG] ca.Config: &{Version:1.2.0-stable Cfg:{Identities:{AllowRemove:false} Affiliations:{AllowRemove:false}} CA:{Name: Keyfile:/etc/hyperledger/fabric-ca/ca-key.pem Certfile:/etc/hyperledger/fabric-ca/ca-cert.pem Chainfile:/etc/hyperledger/fabric-ca/ca-chain.pem} Signing:0xc42024ff80 CSR:{CN:org2-ca Names:[{C:US ST:North Carolina L: O:Hyperledger OU:Fabric SerialNumber:}] Hosts:[org2-ca] KeyRequest:<nil> CA:0xc4202577e0 SerialNumber:} Registry:{MaxEnrollments:-1 Identities:[{ Name:**** Pass:**** Type:client Affiliation: MaxEnrollments:0 Attrs:map[hf.GenCRL:1 hf.Registrar.Attributes:* hf.AffiliationMgr:1 hf.Registrar.Roles:* hf.Registrar.DelegateRoles:* hf.Revoker:1 hf.IntermediateCA:1]  }]} Affiliations:map[org2:[department1] org1:[department1 department2]] LDAP:{ Enabled:false URL:ldap://****:****@<host>:<port>/<base> UserFilter:(uid=%s) GroupFilter:(memberUid=%s) Attribute:{[uid member] [{ }] map[groups:[{ }]]} TLS:{false [] { }}  } DB:{ Type:sqlite3 Datasource:/etc/hyperledger/fabric-ca/fabric-ca-server.db TLS:{false [] { }}  } CSP:0xc420491080 Client:<nil> Intermediate:{ParentServer:{ URL: CAName:  } TLS:{Enabled:false CertFiles:[] Client:{KeyFile: CertFile:}} Enrollment:{ Name: Secret:**** CAName: AttrReqs:[] Profile: Label: CSR:<nil> Type:x509  }} CRL:{Expiry:24h0m0s} Idemix:{IssuerPublicKeyfile:/etc/hyperledger/fabric-ca/IssuerPublicKey IssuerSecretKeyfile:/etc/hyperledger/fabric-ca/msp/keystore/IssuerSecretKey RevocationPublicKeyfile:/etc/hyperledger/fabric-ca/IssuerRevocationPublicKey RevocationPrivateKeyfile:/etc/hyperledger/fabric-ca/msp/keystore/IssuerRevocationPrivateKey RHPoolSize:1000 NonceExpiration:15s NonceSweepInterval:15m}}
2018/08/08 04:34:15 [DEBUG] DB: Getting identity org2-peer0
2018/08/08 04:34:15 [DEBUG] DB: Login user org2-peer0 with max enrollments of -1 and state of 1
2018/08/08 04:34:16 [DEBUG] DB: identity org2-peer0 successfully logged in
2018/08/08 04:34:16 [DEBUG] DB: Getting identity org2-peer0
2018/08/08 04:34:16 [DEBUG] Processing sign request: id=org2-peer0, CommonName=org2-peer0, Subject=<nil>
2018/08/08 04:34:16 [DEBUG] Request is not for a CA signing certificate
2018/08/08 04:34:16 [DEBUG] Checking CSR fields to make sure that they do not exceed maximum character limits
2018/08/08 04:34:16 [DEBUG] Finished processing sign request
2018/08/08 04:34:16 [DEBUG] DB: Getting identity org2-peer0
2018/08/08 04:34:16 [DEBUG] Attribute extension being added to certificate is: &{ID:[1 2 3 4 5 6 7 8 1] Critical:false Value:7b226174747273223a7b2268662e416666696c696174696f6e223a226f726732222c2268662e456e726f6c6c6d656e744944223a226f7267322d7065657230222c2268662e54797065223a2270656572227d7d}
2018/08/08 04:34:16 [DEBUG] Adding attribute extension to CSR: &{ID:[1 2 3 4 5 6 7 8 1] Critical:false Value:7b226174747273223a7b2268662e416666696c696174696f6e223a226f726732222c2268662e456e726f6c6c6d656e744944223a226f7267322d7065657230222c2268662e54797065223a2270656572227d7d}
2018/08/08 04:34:16 [INFO] signed certificate with serial number 555360767031206716057561175055721490597080451901
2018/08/08 04:34:16 [DEBUG] DB: Insert Certificate
2018/08/08 04:34:16 [DEBUG] Saved serial number as hex 61473cf2c8a675b0c33203e61fa486b0ba9fcb3d
2018/08/08 04:34:16 [DEBUG] saved certificate with serial number 555360767031206716057561175055721490597080451901
2018/08/08 04:34:16 [DEBUG] Successfully incremented state for identity org2-peer0 to 2
2018/08/08 04:34:16 [INFO] 172.18.0.9:56010 POST /enroll 201 0 "OK"
2018/08/08 04:34:16 [DEBUG] Received request for /enroll
2018/08/08 04:34:16 [DEBUG] ca.Config: &{Version:1.2.0-stable Cfg:{Identities:{AllowRemove:false} Affiliations:{AllowRemove:false}} CA:{Name: Keyfile:/etc/hyperledger/fabric-ca/ca-key.pem Certfile:/etc/hyperledger/fabric-ca/ca-cert.pem Chainfile:/etc/hyperledger/fabric-ca/ca-chain.pem} Signing:0xc42024ff80 CSR:{CN:org2-ca Names:[{C:US ST:North Carolina L: O:Hyperledger OU:Fabric SerialNumber:}] Hosts:[org2-ca] KeyRequest:<nil> CA:0xc4202577e0 SerialNumber:} Registry:{MaxEnrollments:-1 Identities:[{ Name:**** Pass:**** Type:client Affiliation: MaxEnrollments:0 Attrs:map[hf.Registrar.Roles:* hf.Registrar.DelegateRoles:* hf.Revoker:1 hf.IntermediateCA:1 hf.GenCRL:1 hf.Registrar.Attributes:* hf.AffiliationMgr:1]  }]} Affiliations:map[org2:[department1] org1:[department1 department2]] LDAP:{ Enabled:false URL:ldap://****:****@<host>:<port>/<base> UserFilter:(uid=%s) GroupFilter:(memberUid=%s) Attribute:{[uid member] [{ }] map[groups:[{ }]]} TLS:{false [] { }}  } DB:{ Type:sqlite3 Datasource:/etc/hyperledger/fabric-ca/fabric-ca-server.db TLS:{false [] { }}  } CSP:0xc420491080 Client:<nil> Intermediate:{ParentServer:{ URL: CAName:  } TLS:{Enabled:false CertFiles:[] Client:{KeyFile: CertFile:}} Enrollment:{ Name: Secret:**** CAName: AttrReqs:[] Profile: Label: CSR:<nil> Type:x509  }} CRL:{Expiry:24h0m0s} Idemix:{IssuerPublicKeyfile:/etc/hyperledger/fabric-ca/IssuerPublicKey IssuerSecretKeyfile:/etc/hyperledger/fabric-ca/msp/keystore/IssuerSecretKey RevocationPublicKeyfile:/etc/hyperledger/fabric-ca/IssuerRevocationPublicKey RevocationPrivateKeyfile:/etc/hyperledger/fabric-ca/msp/keystore/IssuerRevocationPrivateKey RHPoolSize:1000 NonceExpiration:15s NonceSweepInterval:15m}}
2018/08/08 04:34:16 [DEBUG] DB: Getting identity org2-peer0
2018/08/08 04:34:16 [DEBUG] DB: Login user org2-peer0 with max enrollments of -1 and state of 2
2018/08/08 04:34:16 [DEBUG] DB: identity org2-peer0 successfully logged in
2018/08/08 04:34:16 [DEBUG] DB: Getting identity org2-peer0
2018/08/08 04:34:16 [DEBUG] Processing sign request: id=org2-peer0, CommonName=org2-peer0, Subject=<nil>
2018/08/08 04:34:16 [DEBUG] Request is not for a CA signing certificate
2018/08/08 04:34:16 [DEBUG] Checking CSR fields to make sure that they do not exceed maximum character limits
2018/08/08 04:34:16 [DEBUG] Finished processing sign request
2018/08/08 04:34:16 [DEBUG] DB: Getting identity org2-peer0
2018/08/08 04:34:16 [DEBUG] Attribute extension being added to certificate is: &{ID:[1 2 3 4 5 6 7 8 1] Critical:false Value:7b226174747273223a7b2268662e416666696c696174696f6e223a226f726732222c2268662e456e726f6c6c6d656e744944223a226f7267322d7065657230222c2268662e54797065223a2270656572227d7d}
2018/08/08 04:34:16 [DEBUG] Adding attribute extension to CSR: &{ID:[1 2 3 4 5 6 7 8 1] Critical:false Value:7b226174747273223a7b2268662e416666696c696174696f6e223a226f726732222c2268662e456e726f6c6c6d656e744944223a226f7267322d7065657230222c2268662e54797065223a2270656572227d7d}
2018/08/08 04:34:16 [INFO] signed certificate with serial number 361887121692614660753470419927174392644875177420
2018/08/08 04:34:16 [DEBUG] DB: Insert Certificate
2018/08/08 04:34:16 [DEBUG] Saved serial number as hex 3f63946bf6676bb38029415a5e7c2fab4235cdcc
2018/08/08 04:34:16 [DEBUG] saved certificate with serial number 361887121692614660753470419927174392644875177420
2018/08/08 04:34:16 [DEBUG] Successfully incremented state for identity org2-peer0 to 3
2018/08/08 04:34:16 [INFO] 172.18.0.9:56012 POST /enroll 201 0 "OK"
2018/08/08 04:35:57 [DEBUG] Cleaning up expired nonces for CA ''
