2018/07/28 21:03:39 [INFO] Configuration file location: /etc/hyperledger/fabric-ca/fabric-ca-server-config.yaml
2018/07/28 21:03:39 [INFO] Server Version: 1.2.0-stable
2018/07/28 21:03:39 [INFO] Server Levels: &{Identity:1 Affiliation:1 Certificate:1 Credential:1 RAInfo:1 Nonce:1}
2018/07/28 21:03:39 [DEBUG] Making server filenames absolute
2018/07/28 21:03:39 [DEBUG] Initializing default CA in directory /etc/hyperledger/fabric-ca
2018/07/28 21:03:39 [DEBUG] Init CA with home /etc/hyperledger/fabric-ca and config {Version:1.2.0-stable Cfg:{Identities:{AllowRemove:false} Affiliations:{AllowRemove:false}} CA:{Name:org1-ca Keyfile: Certfile:ca-cert.pem Chainfile:ca-chain.pem} Signing:0xc4202961d0 CSR:{CN:org1-ca Names:[{C:US ST:North Carolina L: O:Hyperledger OU:Fabric SerialNumber:}] Hosts:[org1-ca] KeyRequest:<nil> CA:0xc42000ddc0 SerialNumber:} Registry:{MaxEnrollments:-1 Identities:[{ Name:**** Pass:**** Type:client Affiliation: MaxEnrollments:0 Attrs:map[hf.GenCRL:1 hf.Registrar.Attributes:* hf.AffiliationMgr:1 hf.Registrar.Roles:* hf.Registrar.DelegateRoles:* hf.Revoker:1 hf.IntermediateCA:1]  }]} Affiliations:map[org1:[]] LDAP:{ Enabled:false URL:ldap://****:****@<host>:<port>/<base> UserFilter:(uid=%s) GroupFilter:(memberUid=%s) Attribute:{[uid member] [{ }] map[groups:[{ }]]} TLS:{false [] { }}  } DB:{ Type:sqlite3 Datasource:fabric-ca-server.db TLS:{false [] { }}  } CSP:0xc420270cc0 Client:<nil> Intermediate:{ParentServer:{ URL: CAName:  } TLS:{Enabled:false CertFiles:[] Client:{KeyFile: CertFile:}} Enrollment:{ Name: Secret:**** CAName: AttrReqs:[] Profile: Label: CSR:<nil> Type:x509  }} CRL:{Expiry:24h0m0s} Idemix:{IssuerPublicKeyfile: IssuerSecretKeyfile: RevocationPublicKeyfile: RevocationPrivateKeyfile: RHPoolSize:0 NonceExpiration: NonceSweepInterval:}}
2018/07/28 21:03:39 [DEBUG] CA Home Directory: /etc/hyperledger/fabric-ca
2018/07/28 21:03:39 [DEBUG] Checking configuration file version '1.2.0-stable' against server version: '1.2.0-stable'
2018/07/28 21:03:39 [DEBUG] Initializing BCCSP: &{ProviderName:SW SwOpts:0xc420270d20 PluginOpts:<nil> Pkcs11Opts:<nil>}
2018/07/28 21:03:39 [DEBUG] Initializing BCCSP with software options &{SecLevel:256 HashFamily:SHA2 Ephemeral:false FileKeystore:0xc420287ed0 DummyKeystore:<nil>}
2018/07/28 21:03:39 [DEBUG] Initialize key material
2018/07/28 21:03:39 [DEBUG] Making CA filenames absolute
2018/07/28 21:03:39 [WARNING] &{69 The specified CA certificate file /etc/hyperledger/fabric-ca/ca-cert.pem does not exist}
2018/07/28 21:03:39 [DEBUG] Root CA certificate request: {CN:org1-ca Names:[{C:US ST:North Carolina L: O:Hyperledger OU:Fabric SerialNumber:}] Hosts:[org1-ca] KeyRequest:0xc420295d60 CA:0xc42000ddc0 SerialNumber:}
2018/07/28 21:03:39 [INFO] generating key: &{A:ecdsa S:256}
2018/07/28 21:03:39 [DEBUG] generate key from request: algo=ecdsa, size=256
2018/07/28 21:03:39 [INFO] encoded CSR
2018/07/28 21:03:39 [DEBUG] validating configuration
2018/07/28 21:03:39 [DEBUG] validate local profile
2018/07/28 21:03:39 [DEBUG] profile is valid
2018/07/28 21:03:39 [INFO] signed certificate with serial number 318541019710106795848980447924046181524310576626
2018/07/28 21:03:39 [INFO] The CA key and certificate were generated for CA org1-ca
2018/07/28 21:03:39 [INFO] The key was stored by BCCSP provider 'SW'
2018/07/28 21:03:39 [INFO] The certificate is at: /etc/hyperledger/fabric-ca/ca-cert.pem
2018/07/28 21:03:39 [DEBUG] Initializing DB
2018/07/28 21:03:39 [DEBUG] Initializing 'sqlite3' database at '/etc/hyperledger/fabric-ca/fabric-ca-server.db'
2018/07/28 21:03:39 [DEBUG] Using sqlite database, connect to database in home (/etc/hyperledger/fabric-ca/fabric-ca-server.db) directory
2018/07/28 21:03:39 [DEBUG] Creating SQLite database (/etc/hyperledger/fabric-ca/fabric-ca-server.db) if it does not exist...
2018/07/28 21:03:39 [DEBUG] Creating users table if it does not exist
2018/07/28 21:03:39 [DEBUG] Creating affiliations table if it does not exist
2018/07/28 21:03:39 [DEBUG] Creating certificates table if it does not exist
2018/07/28 21:03:39 [DEBUG] Creating credentials table if it does not exist
2018/07/28 21:03:39 [DEBUG] Creating revocation_authority_info table if it does not exist
2018/07/28 21:03:39 [DEBUG] Creating nonces table if it does not exist
2018/07/28 21:03:39 [DEBUG] Creating properties table if it does not exist
2018/07/28 21:03:39 [DEBUG] Successfully opened sqlite3 DB
2018/07/28 21:03:39 [DEBUG] Checking database schema...
2018/07/28 21:03:39 [DEBUG] Update SQLite schema, if using outdated schema
2018/07/28 21:03:39 [DEBUG] Upgrade identities table
2018/07/28 21:03:39 [DEBUG] Creating users table if it does not exist
2018/07/28 21:03:39 [DEBUG] Upgrade affiliation table
2018/07/28 21:03:39 [DEBUG] Creating affiliations table if it does not exist
2018/07/28 21:03:39 [DEBUG] Upgrade certificates table
2018/07/28 21:03:39 [DEBUG] Creating certificates table if it does not exist
2018/07/28 21:03:39 [DEBUG] Initializing identity registry
2018/07/28 21:03:39 [DEBUG] Initialized DB identity registry
2018/07/28 21:03:39 [DEBUG] DB: Get properties [identity.level affiliation.level certificate.level]
2018/07/28 21:03:39 [DEBUG] Checking database levels 'map[affiliation.level:0 certificate.level:0 identity.level:0]' against server levels '&{Identity:1 Affiliation:1 Certificate:1 Credential:1 RAInfo:1 Nonce:1}'
2018/07/28 21:03:39 [DEBUG] Loading identity table
2018/07/28 21:03:39 [DEBUG] Loading identity 'org1-admin-ca'
2018/07/28 21:03:39 [DEBUG] DB: Getting identity org1-admin-ca
2018/07/28 21:03:39 [DEBUG] Max enrollment value verification - User specified max enrollment: 0, CA max enrollment: -1
2018/07/28 21:03:39 [DEBUG] DB: Add identity org1-admin-ca
2018/07/28 21:03:39 [DEBUG] Successfully added identity org1-admin-ca to the database
2018/07/28 21:03:39 [DEBUG] Registered identity: { Name:**** Pass:**** Type:client Affiliation: MaxEnrollments:-1 Attrs:map[hf.Registrar.DelegateRoles:* hf.Revoker:1 hf.IntermediateCA:1 hf.GenCRL:1 hf.Registrar.Attributes:* hf.AffiliationMgr:1 hf.Registrar.Roles:*]  }
2018/07/28 21:03:39 [DEBUG] Successfully loaded identity table
2018/07/28 21:03:39 [DEBUG] Loading affiliations table
2018/07/28 21:03:39 [DEBUG] DB: Add affiliation org1
2018/07/28 21:03:39 [DEBUG] Affiliation 'org1' added
2018/07/28 21:03:39 [DEBUG] Successfully loaded affiliations table
2018/07/28 21:03:39 [DEBUG] Checking and performing migration, if needed
2018/07/28 21:03:39 [DEBUG] Updating database level to &{Identity:1 Affiliation:1 Certificate:1 Credential:1 RAInfo:1 Nonce:1}
2018/07/28 21:03:40 [INFO] Initialized sqlite3 database at /etc/hyperledger/fabric-ca/fabric-ca-server.db
2018/07/28 21:03:40 [DEBUG] Initializing enrollment signer
2018/07/28 21:03:40 [DEBUG] validating configuration
2018/07/28 21:03:40 [DEBUG] validate local profile
2018/07/28 21:03:40 [DEBUG] profile is valid
2018/07/28 21:03:40 [DEBUG] validate local profile
2018/07/28 21:03:40 [DEBUG] profile is valid
2018/07/28 21:03:40 [DEBUG] validate local profile
2018/07/28 21:03:40 [DEBUG] profile is valid
2018/07/28 21:03:40 [DEBUG] CA initialization successful
2018/07/28 21:03:40 [INFO] The issuer key was successfully stored. The public key is at: /etc/hyperledger/fabric-ca/IssuerPublicKey, secret key is at: /etc/hyperledger/fabric-ca/msp/keystore/IssuerSecretKey
2018/07/28 21:03:40 [INFO] The revocation key was successfully stored. The public key is at: /etc/hyperledger/fabric-ca/IssuerRevocationPublicKey, private key is at: /etc/hyperledger/fabric-ca/msp/keystore/IssuerRevocationPrivateKey
2018/07/28 21:03:40 [INFO] Home directory for default CA: /etc/hyperledger/fabric-ca
2018/07/28 21:03:40 [DEBUG] Closing server DBs
2018/07/28 21:03:40 [INFO] Initialization was successful
2018/07/28 21:03:40 [INFO] Configuration file location: /etc/hyperledger/fabric-ca/fabric-ca-server-config.yaml
2018/07/28 21:03:40 [INFO] Starting server in home directory: /etc/hyperledger/fabric-ca
2018/07/28 21:03:40 [INFO] Server Version: 1.2.0-stable
2018/07/28 21:03:40 [INFO] Server Levels: &{Identity:1 Affiliation:1 Certificate:1 Credential:1 RAInfo:1 Nonce:1}
2018/07/28 21:03:40 [DEBUG] Making server filenames absolute
2018/07/28 21:03:40 [DEBUG] Initializing default CA in directory /etc/hyperledger/fabric-ca
2018/07/28 21:03:40 [DEBUG] Init CA with home /etc/hyperledger/fabric-ca and config {Version:1.2.0-stable Cfg:{Identities:{AllowRemove:false} Affiliations:{AllowRemove:false}} CA:{Name:org1-ca Keyfile: Certfile:ca-cert.pem Chainfile:ca-chain.pem} Signing:0xc420416040 CSR:{CN:org1-ca Names:[{C:US ST:North Carolina L: O:Hyperledger OU:Fabric SerialNumber:}] Hosts:[org1-ca] KeyRequest:<nil> CA:0xc42000de80 SerialNumber:} Registry:{MaxEnrollments:-1 Identities:[{ Name:**** Pass:**** Type:client Affiliation: MaxEnrollments:0 Attrs:map[hf.Registrar.DelegateRoles:* hf.Revoker:1 hf.IntermediateCA:1 hf.GenCRL:1 hf.Registrar.Attributes:* hf.AffiliationMgr:1 hf.Registrar.Roles:*]  }]} Affiliations:map[org1:[]] LDAP:{ Enabled:false URL:ldap://****:****@<host>:<port>/<base> UserFilter:(uid=%s) GroupFilter:(memberUid=%s) Attribute:{[uid member] [{ }] map[groups:[{ }]]} TLS:{false [] { }}  } DB:{ Type:sqlite3 Datasource:fabric-ca-server.db TLS:{false [] { }}  } CSP:0xc4203f4f90 Client:<nil> Intermediate:{ParentServer:{ URL: CAName:  } TLS:{Enabled:false CertFiles:[] Client:{KeyFile: CertFile:}} Enrollment:{ Name: Secret:**** CAName: AttrReqs:[] Profile: Label: CSR:<nil> Type:x509  }} CRL:{Expiry:24h0m0s} Idemix:{IssuerPublicKeyfile: IssuerSecretKeyfile: RevocationPublicKeyfile: RevocationPrivateKeyfile: RHPoolSize:0 NonceExpiration: NonceSweepInterval:}}
2018/07/28 21:03:40 [DEBUG] CA Home Directory: /etc/hyperledger/fabric-ca
2018/07/28 21:03:40 [DEBUG] Checking configuration file version '1.2.0-stable' against server version: '1.2.0-stable'
2018/07/28 21:03:40 [DEBUG] Initializing BCCSP: &{ProviderName:SW SwOpts:0xc4203f4ff0 PluginOpts:<nil> Pkcs11Opts:<nil>}
2018/07/28 21:03:40 [DEBUG] Initializing BCCSP with software options &{SecLevel:256 HashFamily:SHA2 Ephemeral:false FileKeystore:0xc42023c0a0 DummyKeystore:<nil>}
2018/07/28 21:03:40 [DEBUG] Initialize key material
2018/07/28 21:03:40 [DEBUG] Making CA filenames absolute
2018/07/28 21:03:40 [INFO] The CA key and certificate already exist
2018/07/28 21:03:40 [INFO] The key is stored by BCCSP provider 'SW'
2018/07/28 21:03:40 [INFO] The certificate is at: /etc/hyperledger/fabric-ca/ca-cert.pem
2018/07/28 21:03:40 [DEBUG] Loading CN from existing enrollment information
2018/07/28 21:03:40 [DEBUG] Initializing DB
2018/07/28 21:03:40 [DEBUG] Initializing 'sqlite3' database at '/etc/hyperledger/fabric-ca/fabric-ca-server.db'
2018/07/28 21:03:40 [DEBUG] Using sqlite database, connect to database in home (/etc/hyperledger/fabric-ca/fabric-ca-server.db) directory
2018/07/28 21:03:40 [DEBUG] Creating SQLite database (/etc/hyperledger/fabric-ca/fabric-ca-server.db) if it does not exist...
2018/07/28 21:03:40 [DEBUG] Creating users table if it does not exist
2018/07/28 21:03:40 [DEBUG] Creating affiliations table if it does not exist
2018/07/28 21:03:40 [DEBUG] Creating certificates table if it does not exist
2018/07/28 21:03:40 [DEBUG] Creating credentials table if it does not exist
2018/07/28 21:03:40 [DEBUG] Creating revocation_authority_info table if it does not exist
2018/07/28 21:03:40 [DEBUG] Creating nonces table if it does not exist
2018/07/28 21:03:40 [DEBUG] Creating properties table if it does not exist
2018/07/28 21:03:40 [DEBUG] Successfully opened sqlite3 DB
2018/07/28 21:03:40 [DEBUG] Checking database schema...
2018/07/28 21:03:40 [DEBUG] Update SQLite schema, if using outdated schema
2018/07/28 21:03:40 [DEBUG] Initializing identity registry
2018/07/28 21:03:40 [DEBUG] Initialized DB identity registry
2018/07/28 21:03:40 [DEBUG] DB: Get properties [identity.level affiliation.level certificate.level]
2018/07/28 21:03:40 [DEBUG] Checking database levels 'map[affiliation.level:1 certificate.level:1 identity.level:1]' against server levels '&{Identity:1 Affiliation:1 Certificate:1 Credential:1 RAInfo:1 Nonce:1}'
2018/07/28 21:03:40 [DEBUG] Loading identity table
2018/07/28 21:03:40 [DEBUG] Loading identity 'org1-admin-ca'
2018/07/28 21:03:40 [DEBUG] DB: Getting identity org1-admin-ca
2018/07/28 21:03:40 [DEBUG] Identity 'org1-admin-ca' already registered, loaded identity
2018/07/28 21:03:40 [DEBUG] Successfully loaded identity table
2018/07/28 21:03:40 [DEBUG] Loading affiliations table
2018/07/28 21:03:40 [DEBUG] DB: Add affiliation org1
2018/07/28 21:03:40 [DEBUG] Affiliation 'org1' already exists
2018/07/28 21:03:40 [DEBUG] Successfully loaded affiliations table
2018/07/28 21:03:40 [DEBUG] Checking and performing migration, if needed
2018/07/28 21:03:40 [DEBUG] Updating database level to &{Identity:1 Affiliation:1 Certificate:1 Credential:1 RAInfo:1 Nonce:1}
2018/07/28 21:03:40 [INFO] Initialized sqlite3 database at /etc/hyperledger/fabric-ca/fabric-ca-server.db
2018/07/28 21:03:40 [DEBUG] Initializing enrollment signer
2018/07/28 21:03:40 [DEBUG] validating configuration
2018/07/28 21:03:40 [DEBUG] validate local profile
2018/07/28 21:03:40 [DEBUG] profile is valid
2018/07/28 21:03:40 [DEBUG] validate local profile
2018/07/28 21:03:40 [DEBUG] profile is valid
2018/07/28 21:03:40 [DEBUG] validate local profile
2018/07/28 21:03:40 [DEBUG] profile is valid
2018/07/28 21:03:40 [DEBUG] CA initialization successful
2018/07/28 21:03:40 [INFO] Home directory for default CA: /etc/hyperledger/fabric-ca
2018/07/28 21:03:40 [DEBUG] 1 CA instance(s) running on server
2018/07/28 21:03:40 [DEBUG] TLS is enabled
2018/07/28 21:03:40 [DEBUG] TLS enabled but no certificate or key provided, automatically generate TLS credentials
2018/07/28 21:03:40 [DEBUG] TLS CSR: {CN:org1-ca Names:[{C:US ST:North Carolina L: O:Hyperledger OU:Fabric SerialNumber:}] Hosts:[org1-ca] KeyRequest:<nil> CA:<nil> SerialNumber:}
2018/07/28 21:03:40 [DEBUG] GenCSR &{CN:org1-ca Names:[{C:US ST:North Carolina L: O:Hyperledger OU:Fabric SerialNumber:}] Hosts:[org1-ca] KeyRequest:<nil> CA:<nil> SerialNumber:}
2018/07/28 21:03:40 [DEBUG] Initializing client with config: &{URL: MSPDir: TLS:{Enabled:false CertFiles:[] Client:{KeyFile: CertFile:}} Enrollment:{ Name: Secret:**** CAName: AttrReqs:[] Profile: Label: CSR:<nil> Type:  } CSR:{CN: Names:[] Hosts:[] KeyRequest:<nil> CA:<nil> SerialNumber:} ID:{Name: Type: Secret: MaxEnrollments:0 Affiliation: Attributes:[] CAName:} Revoke:{Name: Serial: AKI: Reason: CAName: GenCRL:false} CAInfo:{CAName:} CAName: CSP:0xc4203f4f90}
2018/07/28 21:03:40 [DEBUG] Initializing BCCSP: &{ProviderName:SW SwOpts:0xc4203f4ff0 PluginOpts:<nil> Pkcs11Opts:<nil>}
2018/07/28 21:03:40 [DEBUG] Initializing BCCSP with software options &{SecLevel:256 HashFamily:SHA2 Ephemeral:false FileKeystore:0xc42023c0a0 DummyKeystore:<nil>}
2018/07/28 21:03:40 [INFO] generating key: &{A:ecdsa S:256}
2018/07/28 21:03:40 [DEBUG] generate key from request: algo=ecdsa, size=256
2018/07/28 21:03:40 [INFO] encoded CSR
2018/07/28 21:03:40 [INFO] signed certificate with serial number 233365850866275464997681315650101592367396344024
2018/07/28 21:03:40 [DEBUG] DB: Insert Certificate
2018/07/28 21:03:40 [DEBUG] Saved serial number as hex 28e07c966b9c969519aad8787d5f371f0e54d0d8
2018/07/28 21:03:40 [DEBUG] saved certificate with serial number 233365850866275464997681315650101592367396344024
2018/07/28 21:03:40 [DEBUG] TLS Certificate: /etc/hyperledger/fabric-ca/tls-cert.pem, TLS Key: 
2018/07/28 21:03:40 [DEBUG] Client authentication type requested: noclientcert
2018/07/28 21:03:40 [INFO] Listening on https://0.0.0.0:7054
2018/07/28 21:18:40 [DEBUG] Cleaning up expired nonces for CA 'org1-ca'
2018/07/28 21:27:59 [DEBUG] Received request for /enroll
2018/07/28 21:27:59 [DEBUG] ca.Config: &{Version:1.2.0-stable Cfg:{Identities:{AllowRemove:false} Affiliations:{AllowRemove:false}} CA:{Name:org1-ca Keyfile:/etc/hyperledger/fabric-ca/ca-key.pem Certfile:/etc/hyperledger/fabric-ca/ca-cert.pem Chainfile:/etc/hyperledger/fabric-ca/ca-chain.pem} Signing:0xc420416040 CSR:{CN:org1-ca Names:[{C:US ST:North Carolina L: O:Hyperledger OU:Fabric SerialNumber:}] Hosts:[org1-ca] KeyRequest:<nil> CA:0xc42000de80 SerialNumber:} Registry:{MaxEnrollments:-1 Identities:[{ Name:**** Pass:**** Type:client Affiliation: MaxEnrollments:0 Attrs:map[hf.Registrar.Roles:* hf.Registrar.DelegateRoles:* hf.Revoker:1 hf.IntermediateCA:1 hf.GenCRL:1 hf.Registrar.Attributes:* hf.AffiliationMgr:1]  }]} Affiliations:map[org1:[]] LDAP:{ Enabled:false URL:ldap://****:****@<host>:<port>/<base> UserFilter:(uid=%s) GroupFilter:(memberUid=%s) Attribute:{[uid member] [{ }] map[groups:[{ }]]} TLS:{false [] { }}  } DB:{ Type:sqlite3 Datasource:/etc/hyperledger/fabric-ca/fabric-ca-server.db TLS:{false [] { }}  } CSP:0xc4203f4f90 Client:<nil> Intermediate:{ParentServer:{ URL: CAName:  } TLS:{Enabled:false CertFiles:[] Client:{KeyFile: CertFile:}} Enrollment:{ Name: Secret:**** CAName: AttrReqs:[] Profile: Label: CSR:<nil> Type:x509  }} CRL:{Expiry:24h0m0s} Idemix:{IssuerPublicKeyfile:/etc/hyperledger/fabric-ca/IssuerPublicKey IssuerSecretKeyfile:/etc/hyperledger/fabric-ca/msp/keystore/IssuerSecretKey RevocationPublicKeyfile:/etc/hyperledger/fabric-ca/IssuerRevocationPublicKey RevocationPrivateKeyfile:/etc/hyperledger/fabric-ca/msp/keystore/IssuerRevocationPrivateKey RHPoolSize:1000 NonceExpiration:15s NonceSweepInterval:15m}}
2018/07/28 21:27:59 [DEBUG] DB: Getting identity org1-admin-ca
2018/07/28 21:27:59 [DEBUG] DB: Login user org1-admin-ca with max enrollments of -1 and state of 0
2018/07/28 21:27:59 [DEBUG] DB: identity org1-admin-ca successfully logged in
2018/07/28 21:27:59 [DEBUG] DB: Getting identity org1-admin-ca
2018/07/28 21:27:59 [DEBUG] Processing sign request: id=org1-admin-ca, CommonName=org1-admin-ca, Subject=<nil>
2018/07/28 21:27:59 [DEBUG] Request is not for a CA signing certificate
2018/07/28 21:27:59 [DEBUG] Checking CSR fields to make sure that they do not exceed maximum character limits
2018/07/28 21:27:59 [DEBUG] Finished processing sign request
2018/07/28 21:27:59 [DEBUG] DB: Getting identity org1-admin-ca
2018/07/28 21:27:59 [INFO] signed certificate with serial number 649943213877664367268559487347963333701577454308
2018/07/28 21:27:59 [DEBUG] DB: Insert Certificate
2018/07/28 21:27:59 [DEBUG] Saved serial number as hex 71d87630abd325b29f773773d163f98b609bb2e4
2018/07/28 21:27:59 [DEBUG] saved certificate with serial number 649943213877664367268559487347963333701577454308
2018/07/28 21:27:59 [DEBUG] Successfully incremented state for identity org1-admin-ca to 1
2018/07/28 21:27:59 [INFO] 172.18.0.3:56964 POST /enroll 201 0 "OK"
2018/07/28 21:30:42 [DEBUG] Received request for /affiliations
2018/07/28 21:30:42 [DEBUG] Checking for revocation/expiration of certificate owned by 'org1-admin-ca'
2018/07/28 21:30:42 [DEBUG] DB: Get certificate by serial (71d87630abd325b29f773773d163f98b609bb2e4) and aki (11b1eebec9ac0522d62cdf60d18675be10313780)
2018/07/28 21:30:42 [DEBUG] DB: Getting identity org1-admin-ca
2018/07/28 21:30:42 [DEBUG] Successful token authentication of 'org1-admin-ca'
2018/07/28 21:30:42 [DEBUG] Received affiliation update request from org1-admin-ca
2018/07/28 21:30:42 [DEBUG] Processing affiliation configuration update request
2018/07/28 21:30:42 [DEBUG] Processing GET all affiliations request
2018/07/28 21:30:42 [DEBUG] Requesting all affiliations that the caller is authorized view
2018/07/28 21:30:42 [DEBUG] DB: Get affiliation 
2018/07/28 21:30:42 [INFO] 172.18.0.3:56966 GET /affiliations 200 0 "OK"
2018/07/28 21:31:01 [DEBUG] Received request for /cainfo
2018/07/28 21:31:01 [INFO] 172.18.0.3:56968 POST /cainfo 200 0 "OK"
2018/07/28 21:33:40 [DEBUG] Cleaning up expired nonces for CA 'org1-ca'
2018/07/28 21:34:43 [DEBUG] Received request for /register
2018/07/28 21:34:43 [DEBUG] Checking for revocation/expiration of certificate owned by 'org1-admin-ca'
2018/07/28 21:34:43 [DEBUG] DB: Get certificate by serial (71d87630abd325b29f773773d163f98b609bb2e4) and aki (11b1eebec9ac0522d62cdf60d18675be10313780)
2018/07/28 21:34:43 [DEBUG] DB: Getting identity org1-admin-ca
2018/07/28 21:34:43 [DEBUG] Successful token authentication of 'org1-admin-ca'
2018/07/28 21:34:43 [DEBUG] Received registration request from org1-admin-ca: { Name:org1-admin-orderer Type:client Secret:**** MaxEnrollments:0 Affiliation: Attributes:[{admin true true}] CAName:  }
2018/07/28 21:34:43 [DEBUG] No affiliation provided in registration request, will default to using registrar's affiliation of ''
2018/07/28 21:34:43 [DEBUG] canRegister - Check to see if user 'org1-admin-ca' can register
2018/07/28 21:34:43 [DEBUG] Checking to see if caller 'org1-admin-ca' can act on type 'client'
2018/07/28 21:34:43 [DEBUG] Checking to see if caller 'org1-admin-ca' is a registrar
2018/07/28 21:34:43 [DEBUG] Validating affiliation: 
2018/07/28 21:34:43 [DEBUG] Checking to see if affiliation '' contains caller's affiliation ''
2018/07/28 21:34:43 [DEBUG] Caller has root affiliation
2018/07/28 21:34:43 [DEBUG] Checking to see if registrar can register the requested attributes: [{Name:admin Value:true ECert:true}]
2018/07/28 21:34:43 [DEBUG] Validating that registrar with the following values for hf.Registrar.Attributes '*' is authorized to register the requested attribute '&{Name:admin Value:true ECert:true}'
2018/07/28 21:34:43 [DEBUG] Checking if registrar can register attribute: admin
2018/07/28 21:34:43 [DEBUG] Performing authorization check...
2018/07/28 21:34:43 [DEBUG] Registering user id: org1-admin-orderer
2018/07/28 21:34:43 [DEBUG] Max enrollment value verification - User specified max enrollment: 0, CA max enrollment: -1
2018/07/28 21:34:43 [DEBUG] DB: Getting identity org1-admin-orderer
2018/07/28 21:34:43 [DEBUG] DB: Add identity org1-admin-orderer
2018/07/28 21:34:43 [DEBUG] Successfully added identity org1-admin-orderer to the database
2018/07/28 21:34:43 [INFO] 172.18.0.3:56970 POST /register 201 0 "OK"
2018/07/28 21:34:51 [DEBUG] Received request for /register
2018/07/28 21:34:51 [DEBUG] Checking for revocation/expiration of certificate owned by 'org1-admin-ca'
2018/07/28 21:34:51 [DEBUG] DB: Get certificate by serial (71d87630abd325b29f773773d163f98b609bb2e4) and aki (11b1eebec9ac0522d62cdf60d18675be10313780)
2018/07/28 21:34:51 [DEBUG] DB: Getting identity org1-admin-ca
2018/07/28 21:34:51 [DEBUG] Successful token authentication of 'org1-admin-ca'
2018/07/28 21:34:51 [DEBUG] Received registration request from org1-admin-ca: { Name:org1-admin-peer Type:client Secret:**** MaxEnrollments:0 Affiliation: Attributes:[{abac.init true true} {hf.Registrar.Roles client false} {hf.Registrar.Attributes * false} {hf.Revoker true false} {hf.GenCRL true false} {admin true true}] CAName:  }
2018/07/28 21:34:51 [DEBUG] No affiliation provided in registration request, will default to using registrar's affiliation of ''
2018/07/28 21:34:51 [DEBUG] canRegister - Check to see if user 'org1-admin-ca' can register
2018/07/28 21:34:51 [DEBUG] Checking to see if caller 'org1-admin-ca' can act on type 'client'
2018/07/28 21:34:51 [DEBUG] Checking to see if caller 'org1-admin-ca' is a registrar
2018/07/28 21:34:51 [DEBUG] Validating affiliation: 
2018/07/28 21:34:51 [DEBUG] Checking to see if affiliation '' contains caller's affiliation ''
2018/07/28 21:34:51 [DEBUG] Caller has root affiliation
2018/07/28 21:34:51 [DEBUG] Checking to see if registrar can register the requested attributes: [{Name:abac.init Value:true ECert:true} {Name:hf.Registrar.Roles Value:client ECert:false} {Name:hf.Registrar.Attributes Value:* ECert:false} {Name:hf.Revoker Value:true ECert:false} {Name:hf.GenCRL Value:true ECert:false} {Name:admin Value:true ECert:true}]
2018/07/28 21:34:51 [DEBUG] Validating that registrar with the following values for hf.Registrar.Attributes '*' is authorized to register the requested attribute '&{Name:abac.init Value:true ECert:true}'
2018/07/28 21:34:51 [DEBUG] Checking if registrar can register attribute: abac.init
2018/07/28 21:34:51 [DEBUG] Performing authorization check...
2018/07/28 21:34:51 [DEBUG] Validating that registrar with the following values for hf.Registrar.Attributes '*' is authorized to register the requested attribute '&{Name:hf.Registrar.Roles Value:client ECert:false}'
2018/07/28 21:34:51 [DEBUG] Checking if registrar can register attribute: hf.Registrar.Roles
2018/07/28 21:34:51 [DEBUG] Performing authorization check...
2018/07/28 21:34:51 [DEBUG] Checking if caller is authorized to register attribute 'hf.Registrar.Roles' with the requested value of '%!s(func() string=0x8c9970)'
2018/07/28 21:34:51 [DEBUG] Requested attribute type is list
2018/07/28 21:34:51 [DEBUG] Validating that registrar with the following values for hf.Registrar.Attributes '*' is authorized to register the requested attribute '&{Name:hf.Registrar.Attributes Value:* ECert:false}'
2018/07/28 21:34:51 [DEBUG] Checking if registrar can register attribute: hf.Registrar.Attributes
2018/07/28 21:34:51 [DEBUG] Performing authorization check...
2018/07/28 21:34:51 [DEBUG] Checking if caller is authorized to register attribute 'hf.Registrar.Attributes' with the requested value of '%!s(func() string=0x8c9970)'
2018/07/28 21:34:51 [DEBUG] Requested attribute type is list
2018/07/28 21:34:51 [DEBUG] Perform ownshership check for requested 'hf.' attributes for the values of 'hf.Registrar.Attributes'
2018/07/28 21:34:51 [DEBUG] Checking if registrar can register attribute: *
2018/07/28 21:34:51 [DEBUG] Validating that registrar with the following values for hf.Registrar.Attributes '*' is authorized to register the requested attribute '&{Name:hf.Revoker Value:true ECert:false}'
2018/07/28 21:34:51 [DEBUG] Checking if registrar can register attribute: hf.Revoker
2018/07/28 21:34:51 [DEBUG] Performing authorization check...
2018/07/28 21:34:51 [DEBUG] Checking if caller is authorized to register attribute 'hf.Revoker' with the requested value of '%!s(func() string=0x8c9970)'
2018/07/28 21:34:51 [DEBUG] Requested attribute type is boolean
2018/07/28 21:34:51 [DEBUG] Validating that registrar with the following values for hf.Registrar.Attributes '*' is authorized to register the requested attribute '&{Name:hf.GenCRL Value:true ECert:false}'
2018/07/28 21:34:51 [DEBUG] Checking if registrar can register attribute: hf.GenCRL
2018/07/28 21:34:51 [DEBUG] Performing authorization check...
2018/07/28 21:34:51 [DEBUG] Checking if caller is authorized to register attribute 'hf.GenCRL' with the requested value of '%!s(func() string=0x8c9970)'
2018/07/28 21:34:51 [DEBUG] Requested attribute type is boolean
2018/07/28 21:34:51 [DEBUG] Validating that registrar with the following values for hf.Registrar.Attributes '*' is authorized to register the requested attribute '&{Name:admin Value:true ECert:true}'
2018/07/28 21:34:51 [DEBUG] Checking if registrar can register attribute: admin
2018/07/28 21:34:51 [DEBUG] Performing authorization check...
2018/07/28 21:34:51 [DEBUG] Registering user id: org1-admin-peer
2018/07/28 21:34:51 [DEBUG] Max enrollment value verification - User specified max enrollment: 0, CA max enrollment: -1
2018/07/28 21:34:51 [DEBUG] DB: Getting identity org1-admin-peer
2018/07/28 21:34:51 [DEBUG] DB: Add identity org1-admin-peer
2018/07/28 21:34:51 [DEBUG] Successfully added identity org1-admin-peer to the database
2018/07/28 21:34:51 [INFO] 172.18.0.3:56972 POST /register 201 0 "OK"
2018/07/28 21:34:57 [DEBUG] Received request for /register
2018/07/28 21:34:57 [DEBUG] Checking for revocation/expiration of certificate owned by 'org1-admin-ca'
2018/07/28 21:34:57 [DEBUG] DB: Get certificate by serial (71d87630abd325b29f773773d163f98b609bb2e4) and aki (11b1eebec9ac0522d62cdf60d18675be10313780)
2018/07/28 21:34:57 [DEBUG] DB: Getting identity org1-admin-ca
2018/07/28 21:34:57 [DEBUG] Successful token authentication of 'org1-admin-ca'
2018/07/28 21:34:57 [DEBUG] Received registration request from org1-admin-ca: { Name:org1-orderer Type:orderer Secret:**** MaxEnrollments:0 Affiliation: Attributes:[] CAName:  }
2018/07/28 21:34:57 [DEBUG] No affiliation provided in registration request, will default to using registrar's affiliation of ''
2018/07/28 21:34:57 [DEBUG] canRegister - Check to see if user 'org1-admin-ca' can register
2018/07/28 21:34:57 [DEBUG] Checking to see if caller 'org1-admin-ca' can act on type 'orderer'
2018/07/28 21:34:57 [DEBUG] Checking to see if caller 'org1-admin-ca' is a registrar
2018/07/28 21:34:57 [DEBUG] Validating affiliation: 
2018/07/28 21:34:57 [DEBUG] Checking to see if affiliation '' contains caller's affiliation ''
2018/07/28 21:34:57 [DEBUG] Caller has root affiliation
2018/07/28 21:34:57 [DEBUG] Registering user id: org1-orderer
2018/07/28 21:34:57 [DEBUG] Max enrollment value verification - User specified max enrollment: 0, CA max enrollment: -1
2018/07/28 21:34:57 [DEBUG] DB: Getting identity org1-orderer
2018/07/28 21:34:57 [DEBUG] DB: Add identity org1-orderer
2018/07/28 21:34:57 [DEBUG] Successfully added identity org1-orderer to the database
2018/07/28 21:34:57 [INFO] 172.18.0.3:56974 POST /register 201 0 "OK"
2018/07/28 21:35:03 [DEBUG] Received request for /register
2018/07/28 21:35:03 [DEBUG] Checking for revocation/expiration of certificate owned by 'org1-admin-ca'
2018/07/28 21:35:03 [DEBUG] DB: Get certificate by serial (71d87630abd325b29f773773d163f98b609bb2e4) and aki (11b1eebec9ac0522d62cdf60d18675be10313780)
2018/07/28 21:35:03 [DEBUG] DB: Getting identity org1-admin-ca
2018/07/28 21:35:03 [DEBUG] Successful token authentication of 'org1-admin-ca'
2018/07/28 21:35:03 [DEBUG] Received registration request from org1-admin-ca: { Name:org1-peer0 Type:peer Secret:**** MaxEnrollments:0 Affiliation: Attributes:[] CAName:  }
2018/07/28 21:35:03 [DEBUG] No affiliation provided in registration request, will default to using registrar's affiliation of ''
2018/07/28 21:35:03 [DEBUG] canRegister - Check to see if user 'org1-admin-ca' can register
2018/07/28 21:35:03 [DEBUG] Checking to see if caller 'org1-admin-ca' can act on type 'peer'
2018/07/28 21:35:03 [DEBUG] Checking to see if caller 'org1-admin-ca' is a registrar
2018/07/28 21:35:03 [DEBUG] Validating affiliation: 
2018/07/28 21:35:03 [DEBUG] Checking to see if affiliation '' contains caller's affiliation ''
2018/07/28 21:35:03 [DEBUG] Caller has root affiliation
2018/07/28 21:35:03 [DEBUG] Registering user id: org1-peer0
2018/07/28 21:35:03 [DEBUG] Max enrollment value verification - User specified max enrollment: 0, CA max enrollment: -1
2018/07/28 21:35:03 [DEBUG] DB: Getting identity org1-peer0
2018/07/28 21:35:03 [DEBUG] DB: Add identity org1-peer0
2018/07/28 21:35:04 [DEBUG] Successfully added identity org1-peer0 to the database
2018/07/28 21:35:04 [INFO] 172.18.0.3:56976 POST /register 201 0 "OK"
2018/07/28 21:35:09 [DEBUG] Received request for /register
2018/07/28 21:35:09 [DEBUG] Checking for revocation/expiration of certificate owned by 'org1-admin-ca'
2018/07/28 21:35:09 [DEBUG] DB: Get certificate by serial (71d87630abd325b29f773773d163f98b609bb2e4) and aki (11b1eebec9ac0522d62cdf60d18675be10313780)
2018/07/28 21:35:09 [DEBUG] DB: Getting identity org1-admin-ca
2018/07/28 21:35:09 [DEBUG] Successful token authentication of 'org1-admin-ca'
2018/07/28 21:35:09 [DEBUG] Received registration request from org1-admin-ca: { Name:org1-user1 Type:client Secret:**** MaxEnrollments:0 Affiliation: Attributes:[] CAName:  }
2018/07/28 21:35:09 [DEBUG] No affiliation provided in registration request, will default to using registrar's affiliation of ''
2018/07/28 21:35:09 [DEBUG] canRegister - Check to see if user 'org1-admin-ca' can register
2018/07/28 21:35:09 [DEBUG] Checking to see if caller 'org1-admin-ca' can act on type 'client'
2018/07/28 21:35:09 [DEBUG] Checking to see if caller 'org1-admin-ca' is a registrar
2018/07/28 21:35:09 [DEBUG] Validating affiliation: 
2018/07/28 21:35:09 [DEBUG] Checking to see if affiliation '' contains caller's affiliation ''
2018/07/28 21:35:09 [DEBUG] Caller has root affiliation
2018/07/28 21:35:09 [DEBUG] Registering user id: org1-user1
2018/07/28 21:35:09 [DEBUG] Max enrollment value verification - User specified max enrollment: 0, CA max enrollment: -1
2018/07/28 21:35:09 [DEBUG] DB: Getting identity org1-user1
2018/07/28 21:35:09 [DEBUG] DB: Add identity org1-user1
2018/07/28 21:35:09 [DEBUG] Successfully added identity org1-user1 to the database
2018/07/28 21:35:09 [INFO] 172.18.0.3:56978 POST /register 201 0 "OK"
2018/07/28 21:36:09 [DEBUG] Received request for /enroll
2018/07/28 21:36:09 [DEBUG] ca.Config: &{Version:1.2.0-stable Cfg:{Identities:{AllowRemove:false} Affiliations:{AllowRemove:false}} CA:{Name:org1-ca Keyfile:/etc/hyperledger/fabric-ca/ca-key.pem Certfile:/etc/hyperledger/fabric-ca/ca-cert.pem Chainfile:/etc/hyperledger/fabric-ca/ca-chain.pem} Signing:0xc420416040 CSR:{CN:org1-ca Names:[{C:US ST:North Carolina L: O:Hyperledger OU:Fabric SerialNumber:}] Hosts:[org1-ca] KeyRequest:<nil> CA:0xc42000de80 SerialNumber:} Registry:{MaxEnrollments:-1 Identities:[{ Name:**** Pass:**** Type:client Affiliation: MaxEnrollments:0 Attrs:map[hf.GenCRL:1 hf.Registrar.Attributes:* hf.AffiliationMgr:1 hf.Registrar.Roles:* hf.Registrar.DelegateRoles:* hf.Revoker:1 hf.IntermediateCA:1]  }]} Affiliations:map[org1:[]] LDAP:{ Enabled:false URL:ldap://****:****@<host>:<port>/<base> UserFilter:(uid=%s) GroupFilter:(memberUid=%s) Attribute:{[uid member] [{ }] map[groups:[{ }]]} TLS:{false [] { }}  } DB:{ Type:sqlite3 Datasource:/etc/hyperledger/fabric-ca/fabric-ca-server.db TLS:{false [] { }}  } CSP:0xc4203f4f90 Client:<nil> Intermediate:{ParentServer:{ URL: CAName:  } TLS:{Enabled:false CertFiles:[] Client:{KeyFile: CertFile:}} Enrollment:{ Name: Secret:**** CAName: AttrReqs:[] Profile: Label: CSR:<nil> Type:x509  }} CRL:{Expiry:24h0m0s} Idemix:{IssuerPublicKeyfile:/etc/hyperledger/fabric-ca/IssuerPublicKey IssuerSecretKeyfile:/etc/hyperledger/fabric-ca/msp/keystore/IssuerSecretKey RevocationPublicKeyfile:/etc/hyperledger/fabric-ca/IssuerRevocationPublicKey RevocationPrivateKeyfile:/etc/hyperledger/fabric-ca/msp/keystore/IssuerRevocationPrivateKey RHPoolSize:1000 NonceExpiration:15s NonceSweepInterval:15m}}
2018/07/28 21:36:09 [DEBUG] DB: Getting identity org1-orderer
2018/07/28 21:36:09 [DEBUG] DB: Login user org1-orderer with max enrollments of -1 and state of 0
2018/07/28 21:36:09 [DEBUG] DB: identity org1-orderer successfully logged in
2018/07/28 21:36:09 [DEBUG] DB: Getting identity org1-orderer
2018/07/28 21:36:09 [DEBUG] Processing sign request: id=org1-orderer, CommonName=org1-orderer, Subject=<nil>
2018/07/28 21:36:09 [DEBUG] Request is not for a CA signing certificate
2018/07/28 21:36:09 [DEBUG] Checking CSR fields to make sure that they do not exceed maximum character limits
2018/07/28 21:36:09 [DEBUG] Finished processing sign request
2018/07/28 21:36:09 [DEBUG] DB: Getting identity org1-orderer
2018/07/28 21:36:09 [DEBUG] Attribute extension being added to certificate is: &{ID:[1 2 3 4 5 6 7 8 1] Critical:false Value:7b226174747273223a7b2268662e416666696c696174696f6e223a22222c2268662e456e726f6c6c6d656e744944223a226f7267312d6f726465726572222c2268662e54797065223a226f726465726572227d7d}
2018/07/28 21:36:09 [DEBUG] Adding attribute extension to CSR: &{ID:[1 2 3 4 5 6 7 8 1] Critical:false Value:7b226174747273223a7b2268662e416666696c696174696f6e223a22222c2268662e456e726f6c6c6d656e744944223a226f7267312d6f726465726572222c2268662e54797065223a226f726465726572227d7d}
2018/07/28 21:36:09 [INFO] signed certificate with serial number 121438677665413026494193018743492159458726116124
2018/07/28 21:36:09 [DEBUG] DB: Insert Certificate
2018/07/28 21:36:09 [DEBUG] Saved serial number as hex 15457fa6eae4d64ad388a199c9dca26a99b3fb1c
2018/07/28 21:36:09 [DEBUG] saved certificate with serial number 121438677665413026494193018743492159458726116124
2018/07/28 21:36:09 [DEBUG] Successfully incremented state for identity org1-orderer to 1
2018/07/28 21:36:09 [INFO] 172.18.0.4:38648 POST /enroll 201 0 "OK"
2018/07/28 21:36:16 [DEBUG] Received request for /enroll
2018/07/28 21:36:16 [DEBUG] ca.Config: &{Version:1.2.0-stable Cfg:{Identities:{AllowRemove:false} Affiliations:{AllowRemove:false}} CA:{Name:org1-ca Keyfile:/etc/hyperledger/fabric-ca/ca-key.pem Certfile:/etc/hyperledger/fabric-ca/ca-cert.pem Chainfile:/etc/hyperledger/fabric-ca/ca-chain.pem} Signing:0xc420416040 CSR:{CN:org1-ca Names:[{C:US ST:North Carolina L: O:Hyperledger OU:Fabric SerialNumber:}] Hosts:[org1-ca] KeyRequest:<nil> CA:0xc42000de80 SerialNumber:} Registry:{MaxEnrollments:-1 Identities:[{ Name:**** Pass:**** Type:client Affiliation: MaxEnrollments:0 Attrs:map[hf.IntermediateCA:1 hf.GenCRL:1 hf.Registrar.Attributes:* hf.AffiliationMgr:1 hf.Registrar.Roles:* hf.Registrar.DelegateRoles:* hf.Revoker:1]  }]} Affiliations:map[org1:[]] LDAP:{ Enabled:false URL:ldap://****:****@<host>:<port>/<base> UserFilter:(uid=%s) GroupFilter:(memberUid=%s) Attribute:{[uid member] [{ }] map[groups:[{ }]]} TLS:{false [] { }}  } DB:{ Type:sqlite3 Datasource:/etc/hyperledger/fabric-ca/fabric-ca-server.db TLS:{false [] { }}  } CSP:0xc4203f4f90 Client:<nil> Intermediate:{ParentServer:{ URL: CAName:  } TLS:{Enabled:false CertFiles:[] Client:{KeyFile: CertFile:}} Enrollment:{ Name: Secret:**** CAName: AttrReqs:[] Profile: Label: CSR:<nil> Type:x509  }} CRL:{Expiry:24h0m0s} Idemix:{IssuerPublicKeyfile:/etc/hyperledger/fabric-ca/IssuerPublicKey IssuerSecretKeyfile:/etc/hyperledger/fabric-ca/msp/keystore/IssuerSecretKey RevocationPublicKeyfile:/etc/hyperledger/fabric-ca/IssuerRevocationPublicKey RevocationPrivateKeyfile:/etc/hyperledger/fabric-ca/msp/keystore/IssuerRevocationPrivateKey RHPoolSize:1000 NonceExpiration:15s NonceSweepInterval:15m}}
2018/07/28 21:36:16 [DEBUG] DB: Getting identity org1-orderer
2018/07/28 21:36:16 [DEBUG] DB: Login user org1-orderer with max enrollments of -1 and state of 1
2018/07/28 21:36:16 [DEBUG] DB: identity org1-orderer successfully logged in
2018/07/28 21:36:16 [DEBUG] DB: Getting identity org1-orderer
2018/07/28 21:36:16 [DEBUG] Processing sign request: id=org1-orderer, CommonName=org1-orderer, Subject=<nil>
2018/07/28 21:36:16 [DEBUG] Request is not for a CA signing certificate
2018/07/28 21:36:16 [DEBUG] Checking CSR fields to make sure that they do not exceed maximum character limits
2018/07/28 21:36:16 [DEBUG] Finished processing sign request
2018/07/28 21:36:16 [DEBUG] DB: Getting identity org1-orderer
2018/07/28 21:36:16 [DEBUG] Attribute extension being added to certificate is: &{ID:[1 2 3 4 5 6 7 8 1] Critical:false Value:7b226174747273223a7b2268662e416666696c696174696f6e223a22222c2268662e456e726f6c6c6d656e744944223a226f7267312d6f726465726572222c2268662e54797065223a226f726465726572227d7d}
2018/07/28 21:36:16 [DEBUG] Adding attribute extension to CSR: &{ID:[1 2 3 4 5 6 7 8 1] Critical:false Value:7b226174747273223a7b2268662e416666696c696174696f6e223a22222c2268662e456e726f6c6c6d656e744944223a226f7267312d6f726465726572222c2268662e54797065223a226f726465726572227d7d}
2018/07/28 21:36:16 [INFO] signed certificate with serial number 191201420141125621853185100977904015315743446301
2018/07/28 21:36:16 [DEBUG] DB: Insert Certificate
2018/07/28 21:36:16 [DEBUG] Saved serial number as hex 217dc4a91cdbdbcd622c428377fabbaa428a951d
2018/07/28 21:36:16 [DEBUG] saved certificate with serial number 191201420141125621853185100977904015315743446301
2018/07/28 21:36:16 [DEBUG] Successfully incremented state for identity org1-orderer to 2
2018/07/28 21:36:16 [INFO] 172.18.0.4:38650 POST /enroll 201 0 "OK"
2018/07/28 21:37:19 [DEBUG] Received request for /enroll
2018/07/28 21:37:19 [DEBUG] ca.Config: &{Version:1.2.0-stable Cfg:{Identities:{AllowRemove:false} Affiliations:{AllowRemove:false}} CA:{Name:org1-ca Keyfile:/etc/hyperledger/fabric-ca/ca-key.pem Certfile:/etc/hyperledger/fabric-ca/ca-cert.pem Chainfile:/etc/hyperledger/fabric-ca/ca-chain.pem} Signing:0xc420416040 CSR:{CN:org1-ca Names:[{C:US ST:North Carolina L: O:Hyperledger OU:Fabric SerialNumber:}] Hosts:[org1-ca] KeyRequest:<nil> CA:0xc42000de80 SerialNumber:} Registry:{MaxEnrollments:-1 Identities:[{ Name:**** Pass:**** Type:client Affiliation: MaxEnrollments:0 Attrs:map[hf.Registrar.Attributes:* hf.AffiliationMgr:1 hf.Registrar.Roles:* hf.Registrar.DelegateRoles:* hf.Revoker:1 hf.IntermediateCA:1 hf.GenCRL:1]  }]} Affiliations:map[org1:[]] LDAP:{ Enabled:false URL:ldap://****:****@<host>:<port>/<base> UserFilter:(uid=%s) GroupFilter:(memberUid=%s) Attribute:{[uid member] [{ }] map[groups:[{ }]]} TLS:{false [] { }}  } DB:{ Type:sqlite3 Datasource:/etc/hyperledger/fabric-ca/fabric-ca-server.db TLS:{false [] { }}  } CSP:0xc4203f4f90 Client:<nil> Intermediate:{ParentServer:{ URL: CAName:  } TLS:{Enabled:false CertFiles:[] Client:{KeyFile: CertFile:}} Enrollment:{ Name: Secret:**** CAName: AttrReqs:[] Profile: Label: CSR:<nil> Type:x509  }} CRL:{Expiry:24h0m0s} Idemix:{IssuerPublicKeyfile:/etc/hyperledger/fabric-ca/IssuerPublicKey IssuerSecretKeyfile:/etc/hyperledger/fabric-ca/msp/keystore/IssuerSecretKey RevocationPublicKeyfile:/etc/hyperledger/fabric-ca/IssuerRevocationPublicKey RevocationPrivateKeyfile:/etc/hyperledger/fabric-ca/msp/keystore/IssuerRevocationPrivateKey RHPoolSize:1000 NonceExpiration:15s NonceSweepInterval:15m}}
2018/07/28 21:37:19 [DEBUG] DB: Getting identity org1-peer0
2018/07/28 21:37:19 [DEBUG] DB: Login user org1-peer0 with max enrollments of -1 and state of 0
2018/07/28 21:37:20 [DEBUG] DB: identity org1-peer0 successfully logged in
2018/07/28 21:37:20 [DEBUG] DB: Getting identity org1-peer0
2018/07/28 21:37:20 [DEBUG] Processing sign request: id=org1-peer0, CommonName=org1-peer0, Subject=<nil>
2018/07/28 21:37:20 [DEBUG] Request is not for a CA signing certificate
2018/07/28 21:37:20 [DEBUG] Checking CSR fields to make sure that they do not exceed maximum character limits
2018/07/28 21:37:20 [DEBUG] Finished processing sign request
2018/07/28 21:37:20 [DEBUG] DB: Getting identity org1-peer0
2018/07/28 21:37:20 [DEBUG] Attribute extension being added to certificate is: &{ID:[1 2 3 4 5 6 7 8 1] Critical:false Value:7b226174747273223a7b2268662e416666696c696174696f6e223a22222c2268662e456e726f6c6c6d656e744944223a226f7267312d7065657230222c2268662e54797065223a2270656572227d7d}
2018/07/28 21:37:20 [DEBUG] Adding attribute extension to CSR: &{ID:[1 2 3 4 5 6 7 8 1] Critical:false Value:7b226174747273223a7b2268662e416666696c696174696f6e223a22222c2268662e456e726f6c6c6d656e744944223a226f7267312d7065657230222c2268662e54797065223a2270656572227d7d}
2018/07/28 21:37:20 [INFO] signed certificate with serial number 567395549961825224798747193000451603229662920863
2018/07/28 21:37:20 [DEBUG] DB: Insert Certificate
2018/07/28 21:37:20 [DEBUG] Saved serial number as hex 6362e57b279250d2a8cdafd78f347bed751a409f
2018/07/28 21:37:20 [DEBUG] saved certificate with serial number 567395549961825224798747193000451603229662920863
2018/07/28 21:37:20 [DEBUG] Successfully incremented state for identity org1-peer0 to 1
2018/07/28 21:37:20 [INFO] 172.18.0.5:44324 POST /enroll 201 0 "OK"
2018/07/28 21:37:27 [DEBUG] Received request for /enroll
2018/07/28 21:37:27 [DEBUG] ca.Config: &{Version:1.2.0-stable Cfg:{Identities:{AllowRemove:false} Affiliations:{AllowRemove:false}} CA:{Name:org1-ca Keyfile:/etc/hyperledger/fabric-ca/ca-key.pem Certfile:/etc/hyperledger/fabric-ca/ca-cert.pem Chainfile:/etc/hyperledger/fabric-ca/ca-chain.pem} Signing:0xc420416040 CSR:{CN:org1-ca Names:[{C:US ST:North Carolina L: O:Hyperledger OU:Fabric SerialNumber:}] Hosts:[org1-ca] KeyRequest:<nil> CA:0xc42000de80 SerialNumber:} Registry:{MaxEnrollments:-1 Identities:[{ Name:**** Pass:**** Type:client Affiliation: MaxEnrollments:0 Attrs:map[hf.IntermediateCA:1 hf.GenCRL:1 hf.Registrar.Attributes:* hf.AffiliationMgr:1 hf.Registrar.Roles:* hf.Registrar.DelegateRoles:* hf.Revoker:1]  }]} Affiliations:map[org1:[]] LDAP:{ Enabled:false URL:ldap://****:****@<host>:<port>/<base> UserFilter:(uid=%s) GroupFilter:(memberUid=%s) Attribute:{[uid member] [{ }] map[groups:[{ }]]} TLS:{false [] { }}  } DB:{ Type:sqlite3 Datasource:/etc/hyperledger/fabric-ca/fabric-ca-server.db TLS:{false [] { }}  } CSP:0xc4203f4f90 Client:<nil> Intermediate:{ParentServer:{ URL: CAName:  } TLS:{Enabled:false CertFiles:[] Client:{KeyFile: CertFile:}} Enrollment:{ Name: Secret:**** CAName: AttrReqs:[] Profile: Label: CSR:<nil> Type:x509  }} CRL:{Expiry:24h0m0s} Idemix:{IssuerPublicKeyfile:/etc/hyperledger/fabric-ca/IssuerPublicKey IssuerSecretKeyfile:/etc/hyperledger/fabric-ca/msp/keystore/IssuerSecretKey RevocationPublicKeyfile:/etc/hyperledger/fabric-ca/IssuerRevocationPublicKey RevocationPrivateKeyfile:/etc/hyperledger/fabric-ca/msp/keystore/IssuerRevocationPrivateKey RHPoolSize:1000 NonceExpiration:15s NonceSweepInterval:15m}}
2018/07/28 21:37:27 [DEBUG] DB: Getting identity org1-peer0
2018/07/28 21:37:27 [DEBUG] DB: Login user org1-peer0 with max enrollments of -1 and state of 1
2018/07/28 21:37:27 [DEBUG] DB: identity org1-peer0 successfully logged in
2018/07/28 21:37:27 [DEBUG] DB: Getting identity org1-peer0
2018/07/28 21:37:27 [DEBUG] Processing sign request: id=org1-peer0, CommonName=org1-peer0, Subject=<nil>
2018/07/28 21:37:27 [DEBUG] Request is not for a CA signing certificate
2018/07/28 21:37:27 [DEBUG] Checking CSR fields to make sure that they do not exceed maximum character limits
2018/07/28 21:37:27 [DEBUG] Finished processing sign request
2018/07/28 21:37:27 [DEBUG] DB: Getting identity org1-peer0
2018/07/28 21:37:27 [DEBUG] Attribute extension being added to certificate is: &{ID:[1 2 3 4 5 6 7 8 1] Critical:false Value:7b226174747273223a7b2268662e416666696c696174696f6e223a22222c2268662e456e726f6c6c6d656e744944223a226f7267312d7065657230222c2268662e54797065223a2270656572227d7d}
2018/07/28 21:37:27 [DEBUG] Adding attribute extension to CSR: &{ID:[1 2 3 4 5 6 7 8 1] Critical:false Value:7b226174747273223a7b2268662e416666696c696174696f6e223a22222c2268662e456e726f6c6c6d656e744944223a226f7267312d7065657230222c2268662e54797065223a2270656572227d7d}
2018/07/28 21:37:27 [INFO] signed certificate with serial number 635308744546245948058952267657230256374438016989
2018/07/28 21:37:27 [DEBUG] DB: Insert Certificate
2018/07/28 21:37:27 [DEBUG] Saved serial number as hex 6f483ab89af39bd907c07e39f9694705ee29b7dd
2018/07/28 21:37:27 [DEBUG] saved certificate with serial number 635308744546245948058952267657230256374438016989
2018/07/28 21:37:27 [DEBUG] Successfully incremented state for identity org1-peer0 to 2
2018/07/28 21:37:27 [INFO] 172.18.0.5:44326 POST /enroll 201 0 "OK"
2018/07/28 21:48:40 [DEBUG] Cleaning up expired nonces for CA 'org1-ca'
2018/07/28 22:03:40 [DEBUG] Cleaning up expired nonces for CA 'org1-ca'
2018/07/28 22:18:40 [DEBUG] Cleaning up expired nonces for CA 'org1-ca'
2018/07/28 22:33:40 [DEBUG] Cleaning up expired nonces for CA 'org1-ca'
2018/07/28 22:48:40 [DEBUG] Cleaning up expired nonces for CA 'org1-ca'
2018/07/29 01:46:05 [DEBUG] Cleaning up expired nonces for CA 'org1-ca'
2018/07/29 02:01:05 [DEBUG] Cleaning up expired nonces for CA 'org1-ca'
2018/07/29 02:16:05 [DEBUG] Cleaning up expired nonces for CA 'org1-ca'
2018/07/29 02:31:05 [DEBUG] Cleaning up expired nonces for CA 'org1-ca'
2018/07/29 02:46:05 [DEBUG] Cleaning up expired nonces for CA 'org1-ca'
2018/07/29 03:01:05 [DEBUG] Cleaning up expired nonces for CA 'org1-ca'
2018/07/29 03:16:05 [DEBUG] Cleaning up expired nonces for CA 'org1-ca'
2018/07/29 03:31:05 [DEBUG] Cleaning up expired nonces for CA 'org1-ca'
