2018/07/29 11:48:34 [INFO] Configuration file location: /etc/hyperledger/fabric-ca/fabric-ca-server-config.yaml
2018/07/29 11:48:34 [INFO] Server Version: 1.2.0-stable
2018/07/29 11:48:34 [INFO] Server Levels: &{Identity:1 Affiliation:1 Certificate:1 Credential:1 RAInfo:1 Nonce:1}
2018/07/29 11:48:34 [DEBUG] Making server filenames absolute
2018/07/29 11:48:34 [DEBUG] Initializing default CA in directory /etc/hyperledger/fabric-ca
2018/07/29 11:48:34 [DEBUG] Init CA with home /etc/hyperledger/fabric-ca and config {Version:1.2.0-stable Cfg:{Identities:{AllowRemove:false} Affiliations:{AllowRemove:false}} CA:{Name:org1-ca Keyfile: Certfile:ca-cert.pem Chainfile:ca-chain.pem} Signing:0xc4202914f0 CSR:{CN:org1-ca Names:[{C:US ST:North Carolina L: O:Hyperledger OU:Fabric SerialNumber:}] Hosts:[org1-ca] KeyRequest:<nil> CA:0xc420217d60 SerialNumber:} Registry:{MaxEnrollments:-1 Identities:[{ Name:**** Pass:**** Type:client Affiliation: MaxEnrollments:0 Attrs:map[hf.Registrar.DelegateRoles:* hf.Revoker:1 hf.IntermediateCA:1 hf.GenCRL:1 hf.Registrar.Attributes:* hf.AffiliationMgr:1 hf.Registrar.Roles:*]  }]} Affiliations:map[org1:[]] LDAP:{ Enabled:false URL:ldap://****:****@<host>:<port>/<base> UserFilter:(uid=%s) GroupFilter:(memberUid=%s) Attribute:{[uid member] [{ }] map[groups:[{ }]]} TLS:{false [] { }}  } DB:{ Type:sqlite3 Datasource:fabric-ca-server.db TLS:{false [] { }}  } CSP:0xc420278900 Client:<nil> Intermediate:{ParentServer:{ URL: CAName:  } TLS:{Enabled:false CertFiles:[] Client:{KeyFile: CertFile:}} Enrollment:{ Name: Secret:**** CAName: AttrReqs:[] Profile: Label: CSR:<nil> Type:x509  }} CRL:{Expiry:24h0m0s} Idemix:{IssuerPublicKeyfile: IssuerSecretKeyfile: RevocationPublicKeyfile: RevocationPrivateKeyfile: RHPoolSize:0 NonceExpiration: NonceSweepInterval:}}
2018/07/29 11:48:34 [DEBUG] CA Home Directory: /etc/hyperledger/fabric-ca
2018/07/29 11:48:34 [DEBUG] Checking configuration file version '1.2.0-stable' against server version: '1.2.0-stable'
2018/07/29 11:48:34 [DEBUG] Initializing BCCSP: &{ProviderName:SW SwOpts:0xc420278960 PluginOpts:<nil> Pkcs11Opts:<nil>}
2018/07/29 11:48:34 [DEBUG] Initializing BCCSP with software options &{SecLevel:256 HashFamily:SHA2 Ephemeral:false FileKeystore:0xc42029bd10 DummyKeystore:<nil>}
2018/07/29 11:48:34 [DEBUG] Initialize key material
2018/07/29 11:48:34 [DEBUG] Making CA filenames absolute
2018/07/29 11:48:34 [WARNING] &{69 The specified CA certificate file /etc/hyperledger/fabric-ca/ca-cert.pem does not exist}
2018/07/29 11:48:34 [DEBUG] Root CA certificate request: {CN:org1-ca Names:[{C:US ST:North Carolina L: O:Hyperledger OU:Fabric SerialNumber:}] Hosts:[org1-ca] KeyRequest:0xc42029eaa0 CA:0xc420217d60 SerialNumber:}
2018/07/29 11:48:34 [INFO] generating key: &{A:ecdsa S:256}
2018/07/29 11:48:34 [DEBUG] generate key from request: algo=ecdsa, size=256
2018/07/29 11:48:34 [INFO] encoded CSR
2018/07/29 11:48:34 [DEBUG] validating configuration
2018/07/29 11:48:34 [DEBUG] validate local profile
2018/07/29 11:48:34 [DEBUG] profile is valid
2018/07/29 11:48:34 [INFO] signed certificate with serial number 202961560542429183212366283831113885785111778483
2018/07/29 11:48:34 [INFO] The CA key and certificate were generated for CA org1-ca
2018/07/29 11:48:34 [INFO] The key was stored by BCCSP provider 'SW'
2018/07/29 11:48:34 [INFO] The certificate is at: /etc/hyperledger/fabric-ca/ca-cert.pem
2018/07/29 11:48:34 [DEBUG] Initializing DB
2018/07/29 11:48:34 [DEBUG] Initializing 'sqlite3' database at '/etc/hyperledger/fabric-ca/fabric-ca-server.db'
2018/07/29 11:48:34 [DEBUG] Using sqlite database, connect to database in home (/etc/hyperledger/fabric-ca/fabric-ca-server.db) directory
2018/07/29 11:48:34 [DEBUG] Creating SQLite database (/etc/hyperledger/fabric-ca/fabric-ca-server.db) if it does not exist...
2018/07/29 11:48:34 [DEBUG] Creating users table if it does not exist
2018/07/29 11:48:34 [DEBUG] Creating affiliations table if it does not exist
2018/07/29 11:48:34 [DEBUG] Creating certificates table if it does not exist
2018/07/29 11:48:34 [DEBUG] Creating credentials table if it does not exist
2018/07/29 11:48:34 [DEBUG] Creating revocation_authority_info table if it does not exist
2018/07/29 11:48:34 [DEBUG] Creating nonces table if it does not exist
2018/07/29 11:48:34 [DEBUG] Creating properties table if it does not exist
2018/07/29 11:48:34 [DEBUG] Successfully opened sqlite3 DB
2018/07/29 11:48:34 [DEBUG] Checking database schema...
2018/07/29 11:48:34 [DEBUG] Update SQLite schema, if using outdated schema
2018/07/29 11:48:34 [DEBUG] Upgrade identities table
2018/07/29 11:48:34 [DEBUG] Creating users table if it does not exist
2018/07/29 11:48:34 [DEBUG] Upgrade affiliation table
2018/07/29 11:48:34 [DEBUG] Creating affiliations table if it does not exist
2018/07/29 11:48:34 [DEBUG] Upgrade certificates table
2018/07/29 11:48:34 [DEBUG] Creating certificates table if it does not exist
2018/07/29 11:48:34 [DEBUG] Initializing identity registry
2018/07/29 11:48:34 [DEBUG] Initialized DB identity registry
2018/07/29 11:48:34 [DEBUG] DB: Get properties [identity.level affiliation.level certificate.level]
2018/07/29 11:48:34 [DEBUG] Checking database levels 'map[affiliation.level:0 certificate.level:0 identity.level:0]' against server levels '&{Identity:1 Affiliation:1 Certificate:1 Credential:1 RAInfo:1 Nonce:1}'
2018/07/29 11:48:34 [DEBUG] Loading identity table
2018/07/29 11:48:34 [DEBUG] Loading identity 'org1-admin-ca'
2018/07/29 11:48:34 [DEBUG] DB: Getting identity org1-admin-ca
2018/07/29 11:48:34 [DEBUG] Max enrollment value verification - User specified max enrollment: 0, CA max enrollment: -1
2018/07/29 11:48:34 [DEBUG] DB: Add identity org1-admin-ca
2018/07/29 11:48:34 [DEBUG] Successfully added identity org1-admin-ca to the database
2018/07/29 11:48:34 [DEBUG] Registered identity: { Name:**** Pass:**** Type:client Affiliation: MaxEnrollments:-1 Attrs:map[hf.Revoker:1 hf.IntermediateCA:1 hf.GenCRL:1 hf.Registrar.Attributes:* hf.AffiliationMgr:1 hf.Registrar.Roles:* hf.Registrar.DelegateRoles:*]  }
2018/07/29 11:48:34 [DEBUG] Successfully loaded identity table
2018/07/29 11:48:34 [DEBUG] Loading affiliations table
2018/07/29 11:48:34 [DEBUG] DB: Add affiliation org1
2018/07/29 11:48:34 [DEBUG] Affiliation 'org1' added
2018/07/29 11:48:34 [DEBUG] Successfully loaded affiliations table
2018/07/29 11:48:34 [DEBUG] Checking and performing migration, if needed
2018/07/29 11:48:34 [DEBUG] Updating database level to &{Identity:1 Affiliation:1 Certificate:1 Credential:1 RAInfo:1 Nonce:1}
2018/07/29 11:48:34 [INFO] Initialized sqlite3 database at /etc/hyperledger/fabric-ca/fabric-ca-server.db
2018/07/29 11:48:34 [DEBUG] Initializing enrollment signer
2018/07/29 11:48:34 [DEBUG] validating configuration
2018/07/29 11:48:34 [DEBUG] validate local profile
2018/07/29 11:48:34 [DEBUG] profile is valid
2018/07/29 11:48:34 [DEBUG] validate local profile
2018/07/29 11:48:34 [DEBUG] profile is valid
2018/07/29 11:48:34 [DEBUG] validate local profile
2018/07/29 11:48:34 [DEBUG] profile is valid
2018/07/29 11:48:34 [DEBUG] CA initialization successful
2018/07/29 11:48:34 [INFO] The issuer key was successfully stored. The public key is at: /etc/hyperledger/fabric-ca/IssuerPublicKey, secret key is at: /etc/hyperledger/fabric-ca/msp/keystore/IssuerSecretKey
2018/07/29 11:48:34 [INFO] The revocation key was successfully stored. The public key is at: /etc/hyperledger/fabric-ca/IssuerRevocationPublicKey, private key is at: /etc/hyperledger/fabric-ca/msp/keystore/IssuerRevocationPrivateKey
2018/07/29 11:48:34 [INFO] Home directory for default CA: /etc/hyperledger/fabric-ca
2018/07/29 11:48:34 [DEBUG] Closing server DBs
2018/07/29 11:48:34 [INFO] Initialization was successful
2018/07/29 11:48:35 [INFO] Configuration file location: /etc/hyperledger/fabric-ca/fabric-ca-server-config.yaml
2018/07/29 11:48:35 [INFO] Starting server in home directory: /etc/hyperledger/fabric-ca
2018/07/29 11:48:35 [INFO] Server Version: 1.2.0-stable
2018/07/29 11:48:35 [INFO] Server Levels: &{Identity:1 Affiliation:1 Certificate:1 Credential:1 RAInfo:1 Nonce:1}
2018/07/29 11:48:35 [DEBUG] Making server filenames absolute
2018/07/29 11:48:35 [DEBUG] Initializing default CA in directory /etc/hyperledger/fabric-ca
2018/07/29 11:48:35 [DEBUG] Init CA with home /etc/hyperledger/fabric-ca and config {Version:1.2.0-stable Cfg:{Identities:{AllowRemove:false} Affiliations:{AllowRemove:false}} CA:{Name:org1-ca Keyfile: Certfile:ca-cert.pem Chainfile:ca-chain.pem} Signing:0xc4205aebb0 CSR:{CN:org1-ca Names:[{C:US ST:North Carolina L: O:Hyperledger OU:Fabric SerialNumber:}] Hosts:[org1-ca] KeyRequest:<nil> CA:0xc4205ad6c0 SerialNumber:} Registry:{MaxEnrollments:-1 Identities:[{ Name:**** Pass:**** Type:client Affiliation: MaxEnrollments:0 Attrs:map[hf.IntermediateCA:1 hf.GenCRL:1 hf.Registrar.Attributes:* hf.AffiliationMgr:1 hf.Registrar.Roles:* hf.Registrar.DelegateRoles:* hf.Revoker:1]  }]} Affiliations:map[org1:[]] LDAP:{ Enabled:false URL:ldap://****:****@<host>:<port>/<base> UserFilter:(uid=%s) GroupFilter:(memberUid=%s) Attribute:{[uid member] [{ }] map[groups:[{ }]]} TLS:{false [] { }}  } DB:{ Type:sqlite3 Datasource:fabric-ca-server.db TLS:{false [] { }}  } CSP:0xc42027ac60 Client:<nil> Intermediate:{ParentServer:{ URL: CAName:  } TLS:{Enabled:false CertFiles:[] Client:{KeyFile: CertFile:}} Enrollment:{ Name: Secret:**** CAName: AttrReqs:[] Profile: Label: CSR:<nil> Type:x509  }} CRL:{Expiry:24h0m0s} Idemix:{IssuerPublicKeyfile: IssuerSecretKeyfile: RevocationPublicKeyfile: RevocationPrivateKeyfile: RHPoolSize:0 NonceExpiration: NonceSweepInterval:}}
2018/07/29 11:48:35 [DEBUG] CA Home Directory: /etc/hyperledger/fabric-ca
2018/07/29 11:48:35 [DEBUG] Checking configuration file version '1.2.0-stable' against server version: '1.2.0-stable'
2018/07/29 11:48:35 [DEBUG] Initializing BCCSP: &{ProviderName:SW SwOpts:0xc42027acc0 PluginOpts:<nil> Pkcs11Opts:<nil>}
2018/07/29 11:48:35 [DEBUG] Initializing BCCSP with software options &{SecLevel:256 HashFamily:SHA2 Ephemeral:false FileKeystore:0xc4205ae280 DummyKeystore:<nil>}
2018/07/29 11:48:35 [DEBUG] Initialize key material
2018/07/29 11:48:35 [DEBUG] Making CA filenames absolute
2018/07/29 11:48:35 [INFO] The CA key and certificate already exist
2018/07/29 11:48:35 [INFO] The key is stored by BCCSP provider 'SW'
2018/07/29 11:48:35 [INFO] The certificate is at: /etc/hyperledger/fabric-ca/ca-cert.pem
2018/07/29 11:48:35 [DEBUG] Loading CN from existing enrollment information
2018/07/29 11:48:35 [DEBUG] Initializing DB
2018/07/29 11:48:35 [DEBUG] Initializing 'sqlite3' database at '/etc/hyperledger/fabric-ca/fabric-ca-server.db'
2018/07/29 11:48:35 [DEBUG] Using sqlite database, connect to database in home (/etc/hyperledger/fabric-ca/fabric-ca-server.db) directory
2018/07/29 11:48:35 [DEBUG] Creating SQLite database (/etc/hyperledger/fabric-ca/fabric-ca-server.db) if it does not exist...
2018/07/29 11:48:35 [DEBUG] Creating users table if it does not exist
2018/07/29 11:48:35 [DEBUG] Creating affiliations table if it does not exist
2018/07/29 11:48:35 [DEBUG] Creating certificates table if it does not exist
2018/07/29 11:48:35 [DEBUG] Creating credentials table if it does not exist
2018/07/29 11:48:35 [DEBUG] Creating revocation_authority_info table if it does not exist
2018/07/29 11:48:35 [DEBUG] Creating nonces table if it does not exist
2018/07/29 11:48:35 [DEBUG] Creating properties table if it does not exist
2018/07/29 11:48:35 [DEBUG] Successfully opened sqlite3 DB
2018/07/29 11:48:35 [DEBUG] Checking database schema...
2018/07/29 11:48:35 [DEBUG] Update SQLite schema, if using outdated schema
2018/07/29 11:48:35 [DEBUG] Initializing identity registry
2018/07/29 11:48:35 [DEBUG] Initialized DB identity registry
2018/07/29 11:48:35 [DEBUG] DB: Get properties [identity.level affiliation.level certificate.level]
2018/07/29 11:48:35 [DEBUG] Checking database levels 'map[identity.level:1 affiliation.level:1 certificate.level:1]' against server levels '&{Identity:1 Affiliation:1 Certificate:1 Credential:1 RAInfo:1 Nonce:1}'
2018/07/29 11:48:35 [DEBUG] Loading identity table
2018/07/29 11:48:35 [DEBUG] Loading identity 'org1-admin-ca'
2018/07/29 11:48:35 [DEBUG] DB: Getting identity org1-admin-ca
2018/07/29 11:48:35 [DEBUG] Identity 'org1-admin-ca' already registered, loaded identity
2018/07/29 11:48:35 [DEBUG] Successfully loaded identity table
2018/07/29 11:48:35 [DEBUG] Loading affiliations table
2018/07/29 11:48:35 [DEBUG] DB: Add affiliation org1
2018/07/29 11:48:35 [DEBUG] Affiliation 'org1' already exists
2018/07/29 11:48:35 [DEBUG] Successfully loaded affiliations table
2018/07/29 11:48:35 [DEBUG] Checking and performing migration, if needed
2018/07/29 11:48:35 [DEBUG] Updating database level to &{Identity:1 Affiliation:1 Certificate:1 Credential:1 RAInfo:1 Nonce:1}
2018/07/29 11:48:35 [INFO] Initialized sqlite3 database at /etc/hyperledger/fabric-ca/fabric-ca-server.db
2018/07/29 11:48:35 [DEBUG] Initializing enrollment signer
2018/07/29 11:48:35 [DEBUG] validating configuration
2018/07/29 11:48:35 [DEBUG] validate local profile
2018/07/29 11:48:35 [DEBUG] profile is valid
2018/07/29 11:48:35 [DEBUG] validate local profile
2018/07/29 11:48:35 [DEBUG] profile is valid
2018/07/29 11:48:35 [DEBUG] validate local profile
2018/07/29 11:48:35 [DEBUG] profile is valid
2018/07/29 11:48:35 [DEBUG] CA initialization successful
2018/07/29 11:48:35 [INFO] Home directory for default CA: /etc/hyperledger/fabric-ca
2018/07/29 11:48:35 [DEBUG] 1 CA instance(s) running on server
2018/07/29 11:48:35 [DEBUG] TLS is enabled
2018/07/29 11:48:35 [DEBUG] TLS enabled but no certificate or key provided, automatically generate TLS credentials
2018/07/29 11:48:35 [DEBUG] TLS CSR: {CN:org1-ca Names:[{C:US ST:North Carolina L: O:Hyperledger OU:Fabric SerialNumber:}] Hosts:[org1-ca] KeyRequest:<nil> CA:<nil> SerialNumber:}
2018/07/29 11:48:35 [DEBUG] GenCSR &{CN:org1-ca Names:[{C:US ST:North Carolina L: O:Hyperledger OU:Fabric SerialNumber:}] Hosts:[org1-ca] KeyRequest:<nil> CA:<nil> SerialNumber:}
2018/07/29 11:48:35 [DEBUG] Initializing client with config: &{URL: MSPDir: TLS:{Enabled:false CertFiles:[] Client:{KeyFile: CertFile:}} Enrollment:{ Name: Secret:**** CAName: AttrReqs:[] Profile: Label: CSR:<nil> Type:  } CSR:{CN: Names:[] Hosts:[] KeyRequest:<nil> CA:<nil> SerialNumber:} ID:{Name: Type: Secret: MaxEnrollments:0 Affiliation: Attributes:[] CAName:} Revoke:{Name: Serial: AKI: Reason: CAName: GenCRL:false} CAInfo:{CAName:} CAName: CSP:0xc42027ac60}
2018/07/29 11:48:35 [DEBUG] Initializing BCCSP: &{ProviderName:SW SwOpts:0xc42027acc0 PluginOpts:<nil> Pkcs11Opts:<nil>}
2018/07/29 11:48:35 [DEBUG] Initializing BCCSP with software options &{SecLevel:256 HashFamily:SHA2 Ephemeral:false FileKeystore:0xc4205ae280 DummyKeystore:<nil>}
2018/07/29 11:48:35 [INFO] generating key: &{A:ecdsa S:256}
2018/07/29 11:48:35 [DEBUG] generate key from request: algo=ecdsa, size=256
2018/07/29 11:48:35 [INFO] encoded CSR
2018/07/29 11:48:35 [INFO] signed certificate with serial number 549793451346721427293976355781773403828673305866
2018/07/29 11:48:35 [DEBUG] DB: Insert Certificate
2018/07/29 11:48:35 [DEBUG] Saved serial number as hex 604d974c7161c413425d2d3c169019d6b7f3dd0a
2018/07/29 11:48:35 [DEBUG] saved certificate with serial number 549793451346721427293976355781773403828673305866
2018/07/29 11:48:35 [DEBUG] TLS Certificate: /etc/hyperledger/fabric-ca/tls-cert.pem, TLS Key: 
2018/07/29 11:48:35 [DEBUG] Client authentication type requested: noclientcert
2018/07/29 11:48:35 [INFO] Listening on https://0.0.0.0:7054
2018/07/29 11:52:00 [DEBUG] Received request for /enroll
2018/07/29 11:52:00 [DEBUG] ca.Config: &{Version:1.2.0-stable Cfg:{Identities:{AllowRemove:false} Affiliations:{AllowRemove:false}} CA:{Name:org1-ca Keyfile:/etc/hyperledger/fabric-ca/ca-key.pem Certfile:/etc/hyperledger/fabric-ca/ca-cert.pem Chainfile:/etc/hyperledger/fabric-ca/ca-chain.pem} Signing:0xc4205aebb0 CSR:{CN:org1-ca Names:[{C:US ST:North Carolina L: O:Hyperledger OU:Fabric SerialNumber:}] Hosts:[org1-ca] KeyRequest:<nil> CA:0xc4205ad6c0 SerialNumber:} Registry:{MaxEnrollments:-1 Identities:[{ Name:**** Pass:**** Type:client Affiliation: MaxEnrollments:0 Attrs:map[hf.GenCRL:1 hf.Registrar.Attributes:* hf.AffiliationMgr:1 hf.Registrar.Roles:* hf.Registrar.DelegateRoles:* hf.Revoker:1 hf.IntermediateCA:1]  }]} Affiliations:map[org1:[]] LDAP:{ Enabled:false URL:ldap://****:****@<host>:<port>/<base> UserFilter:(uid=%s) GroupFilter:(memberUid=%s) Attribute:{[uid member] [{ }] map[groups:[{ }]]} TLS:{false [] { }}  } DB:{ Type:sqlite3 Datasource:/etc/hyperledger/fabric-ca/fabric-ca-server.db TLS:{false [] { }}  } CSP:0xc42027ac60 Client:<nil> Intermediate:{ParentServer:{ URL: CAName:  } TLS:{Enabled:false CertFiles:[] Client:{KeyFile: CertFile:}} Enrollment:{ Name: Secret:**** CAName: AttrReqs:[] Profile: Label: CSR:<nil> Type:x509  }} CRL:{Expiry:24h0m0s} Idemix:{IssuerPublicKeyfile:/etc/hyperledger/fabric-ca/IssuerPublicKey IssuerSecretKeyfile:/etc/hyperledger/fabric-ca/msp/keystore/IssuerSecretKey RevocationPublicKeyfile:/etc/hyperledger/fabric-ca/IssuerRevocationPublicKey RevocationPrivateKeyfile:/etc/hyperledger/fabric-ca/msp/keystore/IssuerRevocationPrivateKey RHPoolSize:1000 NonceExpiration:15s NonceSweepInterval:15m}}
2018/07/29 11:52:00 [DEBUG] DB: Getting identity org1-admin-ca
2018/07/29 11:52:00 [DEBUG] DB: Login user org1-admin-ca with max enrollments of -1 and state of 0
2018/07/29 11:52:00 [DEBUG] DB: identity org1-admin-ca successfully logged in
2018/07/29 11:52:00 [DEBUG] DB: Getting identity org1-admin-ca
2018/07/29 11:52:00 [DEBUG] Processing sign request: id=org1-admin-ca, CommonName=org1-admin-ca, Subject=<nil>
2018/07/29 11:52:00 [DEBUG] Request is not for a CA signing certificate
2018/07/29 11:52:00 [DEBUG] Checking CSR fields to make sure that they do not exceed maximum character limits
2018/07/29 11:52:00 [DEBUG] Finished processing sign request
2018/07/29 11:52:00 [DEBUG] DB: Getting identity org1-admin-ca
2018/07/29 11:52:00 [INFO] signed certificate with serial number 448716837354269886788738151859706430873102485064
2018/07/29 11:52:00 [DEBUG] DB: Insert Certificate
2018/07/29 11:52:00 [DEBUG] Saved serial number as hex 4e9928ac926c892d945b14ba7f81530ba0908648
2018/07/29 11:52:00 [DEBUG] saved certificate with serial number 448716837354269886788738151859706430873102485064
2018/07/29 11:52:00 [DEBUG] Successfully incremented state for identity org1-admin-ca to 1
2018/07/29 11:52:00 [INFO] 172.18.0.3:56996 POST /enroll 201 0 "OK"
2018/07/29 11:52:43 [DEBUG] Received request for /cainfo
2018/07/29 11:52:43 [INFO] 172.18.0.3:56998 POST /cainfo 200 0 "OK"
2018/07/29 11:56:35 [DEBUG] Received request for /register
2018/07/29 11:56:35 [DEBUG] Checking for revocation/expiration of certificate owned by 'org1-admin-ca'
2018/07/29 11:56:35 [DEBUG] DB: Get certificate by serial (4e9928ac926c892d945b14ba7f81530ba0908648) and aki (b3a1ce0a7ab800d4bdf3d946bc95850c15d4dcb5)
2018/07/29 11:56:35 [DEBUG] DB: Getting identity org1-admin-ca
2018/07/29 11:56:35 [DEBUG] Successful token authentication of 'org1-admin-ca'
2018/07/29 11:56:35 [DEBUG] Received registration request from org1-admin-ca: { Name:org1-admin-orderer Type:client Secret:**** MaxEnrollments:0 Affiliation: Attributes:[{admin true true}] CAName:  }
2018/07/29 11:56:35 [DEBUG] No affiliation provided in registration request, will default to using registrar's affiliation of ''
2018/07/29 11:56:35 [DEBUG] canRegister - Check to see if user 'org1-admin-ca' can register
2018/07/29 11:56:35 [DEBUG] Checking to see if caller 'org1-admin-ca' can act on type 'client'
2018/07/29 11:56:35 [DEBUG] Checking to see if caller 'org1-admin-ca' is a registrar
2018/07/29 11:56:35 [DEBUG] Validating affiliation: 
2018/07/29 11:56:35 [DEBUG] Checking to see if affiliation '' contains caller's affiliation ''
2018/07/29 11:56:35 [DEBUG] Caller has root affiliation
2018/07/29 11:56:35 [DEBUG] Checking to see if registrar can register the requested attributes: [{Name:admin Value:true ECert:true}]
2018/07/29 11:56:35 [DEBUG] Validating that registrar with the following values for hf.Registrar.Attributes '*' is authorized to register the requested attribute '&{Name:admin Value:true ECert:true}'
2018/07/29 11:56:35 [DEBUG] Checking if registrar can register attribute: admin
2018/07/29 11:56:35 [DEBUG] Performing authorization check...
2018/07/29 11:56:35 [DEBUG] Registering user id: org1-admin-orderer
2018/07/29 11:56:35 [DEBUG] Max enrollment value verification - User specified max enrollment: 0, CA max enrollment: -1
2018/07/29 11:56:35 [DEBUG] DB: Getting identity org1-admin-orderer
2018/07/29 11:56:35 [DEBUG] DB: Add identity org1-admin-orderer
2018/07/29 11:56:35 [DEBUG] Successfully added identity org1-admin-orderer to the database
2018/07/29 11:56:35 [INFO] 172.18.0.3:57000 POST /register 201 0 "OK"
2018/07/29 11:57:23 [DEBUG] Received request for /register
2018/07/29 11:57:23 [DEBUG] Checking for revocation/expiration of certificate owned by 'org1-admin-ca'
2018/07/29 11:57:23 [DEBUG] DB: Get certificate by serial (4e9928ac926c892d945b14ba7f81530ba0908648) and aki (b3a1ce0a7ab800d4bdf3d946bc95850c15d4dcb5)
2018/07/29 11:57:23 [DEBUG] DB: Getting identity org1-admin-ca
2018/07/29 11:57:23 [DEBUG] Successful token authentication of 'org1-admin-ca'
2018/07/29 11:57:23 [DEBUG] Received registration request from org1-admin-ca: { Name:org1-admin-peer Type:client Secret:**** MaxEnrollments:0 Affiliation: Attributes:[{hf.Registrar.Roles client false} {hf.Registrar.Attributes * false} {hf.Revoker true false} {hf.GenCRL true false} {admin true true} {abac.init true true}] CAName:  }
2018/07/29 11:57:23 [DEBUG] No affiliation provided in registration request, will default to using registrar's affiliation of ''
2018/07/29 11:57:23 [DEBUG] canRegister - Check to see if user 'org1-admin-ca' can register
2018/07/29 11:57:23 [DEBUG] Checking to see if caller 'org1-admin-ca' can act on type 'client'
2018/07/29 11:57:23 [DEBUG] Checking to see if caller 'org1-admin-ca' is a registrar
2018/07/29 11:57:23 [DEBUG] Validating affiliation: 
2018/07/29 11:57:23 [DEBUG] Checking to see if affiliation '' contains caller's affiliation ''
2018/07/29 11:57:23 [DEBUG] Caller has root affiliation
2018/07/29 11:57:23 [DEBUG] Checking to see if registrar can register the requested attributes: [{Name:hf.Registrar.Roles Value:client ECert:false} {Name:hf.Registrar.Attributes Value:* ECert:false} {Name:hf.Revoker Value:true ECert:false} {Name:hf.GenCRL Value:true ECert:false} {Name:admin Value:true ECert:true} {Name:abac.init Value:true ECert:true}]
2018/07/29 11:57:23 [DEBUG] Validating that registrar with the following values for hf.Registrar.Attributes '*' is authorized to register the requested attribute '&{Name:hf.Registrar.Roles Value:client ECert:false}'
2018/07/29 11:57:23 [DEBUG] Checking if registrar can register attribute: hf.Registrar.Roles
2018/07/29 11:57:23 [DEBUG] Performing authorization check...
2018/07/29 11:57:23 [DEBUG] Checking if caller is authorized to register attribute 'hf.Registrar.Roles' with the requested value of '%!s(func() string=0x8c9970)'
2018/07/29 11:57:23 [DEBUG] Requested attribute type is list
2018/07/29 11:57:23 [DEBUG] Validating that registrar with the following values for hf.Registrar.Attributes '*' is authorized to register the requested attribute '&{Name:hf.Registrar.Attributes Value:* ECert:false}'
2018/07/29 11:57:23 [DEBUG] Checking if registrar can register attribute: hf.Registrar.Attributes
2018/07/29 11:57:23 [DEBUG] Performing authorization check...
2018/07/29 11:57:23 [DEBUG] Checking if caller is authorized to register attribute 'hf.Registrar.Attributes' with the requested value of '%!s(func() string=0x8c9970)'
2018/07/29 11:57:23 [DEBUG] Requested attribute type is list
2018/07/29 11:57:23 [DEBUG] Perform ownshership check for requested 'hf.' attributes for the values of 'hf.Registrar.Attributes'
2018/07/29 11:57:23 [DEBUG] Checking if registrar can register attribute: *
2018/07/29 11:57:23 [DEBUG] Validating that registrar with the following values for hf.Registrar.Attributes '*' is authorized to register the requested attribute '&{Name:hf.Revoker Value:true ECert:false}'
2018/07/29 11:57:23 [DEBUG] Checking if registrar can register attribute: hf.Revoker
2018/07/29 11:57:23 [DEBUG] Performing authorization check...
2018/07/29 11:57:23 [DEBUG] Checking if caller is authorized to register attribute 'hf.Revoker' with the requested value of '%!s(func() string=0x8c9970)'
2018/07/29 11:57:23 [DEBUG] Requested attribute type is boolean
2018/07/29 11:57:23 [DEBUG] Validating that registrar with the following values for hf.Registrar.Attributes '*' is authorized to register the requested attribute '&{Name:hf.GenCRL Value:true ECert:false}'
2018/07/29 11:57:23 [DEBUG] Checking if registrar can register attribute: hf.GenCRL
2018/07/29 11:57:23 [DEBUG] Performing authorization check...
2018/07/29 11:57:23 [DEBUG] Checking if caller is authorized to register attribute 'hf.GenCRL' with the requested value of '%!s(func() string=0x8c9970)'
2018/07/29 11:57:23 [DEBUG] Requested attribute type is boolean
2018/07/29 11:57:23 [DEBUG] Validating that registrar with the following values for hf.Registrar.Attributes '*' is authorized to register the requested attribute '&{Name:admin Value:true ECert:true}'
2018/07/29 11:57:23 [DEBUG] Checking if registrar can register attribute: admin
2018/07/29 11:57:23 [DEBUG] Performing authorization check...
2018/07/29 11:57:23 [DEBUG] Validating that registrar with the following values for hf.Registrar.Attributes '*' is authorized to register the requested attribute '&{Name:abac.init Value:true ECert:true}'
2018/07/29 11:57:23 [DEBUG] Checking if registrar can register attribute: abac.init
2018/07/29 11:57:23 [DEBUG] Performing authorization check...
2018/07/29 11:57:23 [DEBUG] Registering user id: org1-admin-peer
2018/07/29 11:57:23 [DEBUG] Max enrollment value verification - User specified max enrollment: 0, CA max enrollment: -1
2018/07/29 11:57:23 [DEBUG] DB: Getting identity org1-admin-peer
2018/07/29 11:57:23 [DEBUG] DB: Add identity org1-admin-peer
2018/07/29 11:57:23 [DEBUG] Successfully added identity org1-admin-peer to the database
2018/07/29 11:57:23 [INFO] 172.18.0.3:57002 POST /register 201 0 "OK"
2018/07/29 11:57:49 [DEBUG] Received request for /register
2018/07/29 11:57:49 [DEBUG] Checking for revocation/expiration of certificate owned by 'org1-admin-ca'
2018/07/29 11:57:49 [DEBUG] DB: Get certificate by serial (4e9928ac926c892d945b14ba7f81530ba0908648) and aki (b3a1ce0a7ab800d4bdf3d946bc95850c15d4dcb5)
2018/07/29 11:57:49 [DEBUG] DB: Getting identity org1-admin-ca
2018/07/29 11:57:49 [DEBUG] Successful token authentication of 'org1-admin-ca'
2018/07/29 11:57:49 [DEBUG] Received registration request from org1-admin-ca: { Name:org1-orderer Type:orderer Secret:**** MaxEnrollments:0 Affiliation: Attributes:[] CAName:  }
2018/07/29 11:57:49 [DEBUG] No affiliation provided in registration request, will default to using registrar's affiliation of ''
2018/07/29 11:57:49 [DEBUG] canRegister - Check to see if user 'org1-admin-ca' can register
2018/07/29 11:57:49 [DEBUG] Checking to see if caller 'org1-admin-ca' can act on type 'orderer'
2018/07/29 11:57:49 [DEBUG] Checking to see if caller 'org1-admin-ca' is a registrar
2018/07/29 11:57:49 [DEBUG] Validating affiliation: 
2018/07/29 11:57:49 [DEBUG] Checking to see if affiliation '' contains caller's affiliation ''
2018/07/29 11:57:49 [DEBUG] Caller has root affiliation
2018/07/29 11:57:49 [DEBUG] Registering user id: org1-orderer
2018/07/29 11:57:49 [DEBUG] Max enrollment value verification - User specified max enrollment: 0, CA max enrollment: -1
2018/07/29 11:57:49 [DEBUG] DB: Getting identity org1-orderer
2018/07/29 11:57:49 [DEBUG] DB: Add identity org1-orderer
2018/07/29 11:57:50 [DEBUG] Successfully added identity org1-orderer to the database
2018/07/29 11:57:50 [INFO] 172.18.0.3:57004 POST /register 201 0 "OK"
2018/07/29 11:58:13 [DEBUG] Received request for /register
2018/07/29 11:58:13 [DEBUG] Checking for revocation/expiration of certificate owned by 'org1-admin-ca'
2018/07/29 11:58:13 [DEBUG] DB: Get certificate by serial (4e9928ac926c892d945b14ba7f81530ba0908648) and aki (b3a1ce0a7ab800d4bdf3d946bc95850c15d4dcb5)
2018/07/29 11:58:13 [DEBUG] DB: Getting identity org1-admin-ca
2018/07/29 11:58:13 [DEBUG] Successful token authentication of 'org1-admin-ca'
2018/07/29 11:58:13 [DEBUG] Received registration request from org1-admin-ca: { Name:org1-peer0 Type:peer Secret:**** MaxEnrollments:0 Affiliation: Attributes:[] CAName:  }
2018/07/29 11:58:13 [DEBUG] No affiliation provided in registration request, will default to using registrar's affiliation of ''
2018/07/29 11:58:13 [DEBUG] canRegister - Check to see if user 'org1-admin-ca' can register
2018/07/29 11:58:13 [DEBUG] Checking to see if caller 'org1-admin-ca' can act on type 'peer'
2018/07/29 11:58:13 [DEBUG] Checking to see if caller 'org1-admin-ca' is a registrar
2018/07/29 11:58:13 [DEBUG] Validating affiliation: 
2018/07/29 11:58:13 [DEBUG] Checking to see if affiliation '' contains caller's affiliation ''
2018/07/29 11:58:13 [DEBUG] Caller has root affiliation
2018/07/29 11:58:13 [DEBUG] Registering user id: org1-peer0
2018/07/29 11:58:13 [DEBUG] Max enrollment value verification - User specified max enrollment: 0, CA max enrollment: -1
2018/07/29 11:58:13 [DEBUG] DB: Getting identity org1-peer0
2018/07/29 11:58:13 [DEBUG] DB: Add identity org1-peer0
2018/07/29 11:58:13 [DEBUG] Successfully added identity org1-peer0 to the database
2018/07/29 11:58:13 [INFO] 172.18.0.3:57006 POST /register 201 0 "OK"
2018/07/29 11:58:31 [DEBUG] Received request for /register
2018/07/29 11:58:31 [DEBUG] Checking for revocation/expiration of certificate owned by 'org1-admin-ca'
2018/07/29 11:58:31 [DEBUG] DB: Get certificate by serial (4e9928ac926c892d945b14ba7f81530ba0908648) and aki (b3a1ce0a7ab800d4bdf3d946bc95850c15d4dcb5)
2018/07/29 11:58:31 [DEBUG] DB: Getting identity org1-admin-ca
2018/07/29 11:58:31 [DEBUG] Successful token authentication of 'org1-admin-ca'
2018/07/29 11:58:31 [DEBUG] Received registration request from org1-admin-ca: { Name:org1-user1 Type:client Secret:**** MaxEnrollments:0 Affiliation: Attributes:[] CAName:  }
2018/07/29 11:58:31 [DEBUG] No affiliation provided in registration request, will default to using registrar's affiliation of ''
2018/07/29 11:58:31 [DEBUG] canRegister - Check to see if user 'org1-admin-ca' can register
2018/07/29 11:58:31 [DEBUG] Checking to see if caller 'org1-admin-ca' can act on type 'client'
2018/07/29 11:58:31 [DEBUG] Checking to see if caller 'org1-admin-ca' is a registrar
2018/07/29 11:58:31 [DEBUG] Validating affiliation: 
2018/07/29 11:58:31 [DEBUG] Checking to see if affiliation '' contains caller's affiliation ''
2018/07/29 11:58:31 [DEBUG] Caller has root affiliation
2018/07/29 11:58:31 [DEBUG] Registering user id: org1-user1
2018/07/29 11:58:31 [DEBUG] Max enrollment value verification - User specified max enrollment: 0, CA max enrollment: -1
2018/07/29 11:58:31 [DEBUG] DB: Getting identity org1-user1
2018/07/29 11:58:31 [DEBUG] DB: Add identity org1-user1
2018/07/29 11:58:31 [DEBUG] Successfully added identity org1-user1 to the database
2018/07/29 11:58:31 [INFO] 172.18.0.3:57008 POST /register 201 0 "OK"
2018/07/29 12:03:35 [DEBUG] Cleaning up expired nonces for CA 'org1-ca'
2018/07/29 12:18:35 [DEBUG] Cleaning up expired nonces for CA 'org1-ca'
2018/07/29 12:33:35 [DEBUG] Cleaning up expired nonces for CA 'org1-ca'
2018/07/29 12:46:43 [DEBUG] Received request for /enroll
2018/07/29 12:46:43 [DEBUG] ca.Config: &{Version:1.2.0-stable Cfg:{Identities:{AllowRemove:false} Affiliations:{AllowRemove:false}} CA:{Name:org1-ca Keyfile:/etc/hyperledger/fabric-ca/ca-key.pem Certfile:/etc/hyperledger/fabric-ca/ca-cert.pem Chainfile:/etc/hyperledger/fabric-ca/ca-chain.pem} Signing:0xc4205aebb0 CSR:{CN:org1-ca Names:[{C:US ST:North Carolina L: O:Hyperledger OU:Fabric SerialNumber:}] Hosts:[org1-ca] KeyRequest:<nil> CA:0xc4205ad6c0 SerialNumber:} Registry:{MaxEnrollments:-1 Identities:[{ Name:**** Pass:**** Type:client Affiliation: MaxEnrollments:0 Attrs:map[hf.Revoker:1 hf.IntermediateCA:1 hf.GenCRL:1 hf.Registrar.Attributes:* hf.AffiliationMgr:1 hf.Registrar.Roles:* hf.Registrar.DelegateRoles:*]  }]} Affiliations:map[org1:[]] LDAP:{ Enabled:false URL:ldap://****:****@<host>:<port>/<base> UserFilter:(uid=%s) GroupFilter:(memberUid=%s) Attribute:{[uid member] [{ }] map[groups:[{ }]]} TLS:{false [] { }}  } DB:{ Type:sqlite3 Datasource:/etc/hyperledger/fabric-ca/fabric-ca-server.db TLS:{false [] { }}  } CSP:0xc42027ac60 Client:<nil> Intermediate:{ParentServer:{ URL: CAName:  } TLS:{Enabled:false CertFiles:[] Client:{KeyFile: CertFile:}} Enrollment:{ Name: Secret:**** CAName: AttrReqs:[] Profile: Label: CSR:<nil> Type:x509  }} CRL:{Expiry:24h0m0s} Idemix:{IssuerPublicKeyfile:/etc/hyperledger/fabric-ca/IssuerPublicKey IssuerSecretKeyfile:/etc/hyperledger/fabric-ca/msp/keystore/IssuerSecretKey RevocationPublicKeyfile:/etc/hyperledger/fabric-ca/IssuerRevocationPublicKey RevocationPrivateKeyfile:/etc/hyperledger/fabric-ca/msp/keystore/IssuerRevocationPrivateKey RHPoolSize:1000 NonceExpiration:15s NonceSweepInterval:15m}}
2018/07/29 12:46:43 [DEBUG] DB: Getting identity org1-orderer
2018/07/29 12:46:43 [DEBUG] DB: Login user org1-orderer with max enrollments of -1 and state of 0
2018/07/29 12:46:43 [DEBUG] DB: identity org1-orderer successfully logged in
2018/07/29 12:46:43 [DEBUG] DB: Getting identity org1-orderer
2018/07/29 12:46:43 [DEBUG] Processing sign request: id=org1-orderer, CommonName=org1-orderer, Subject=<nil>
2018/07/29 12:46:43 [DEBUG] Request is not for a CA signing certificate
2018/07/29 12:46:43 [DEBUG] Checking CSR fields to make sure that they do not exceed maximum character limits
2018/07/29 12:46:43 [DEBUG] Finished processing sign request
2018/07/29 12:46:43 [DEBUG] DB: Getting identity org1-orderer
2018/07/29 12:46:43 [DEBUG] Attribute extension being added to certificate is: &{ID:[1 2 3 4 5 6 7 8 1] Critical:false Value:7b226174747273223a7b2268662e416666696c696174696f6e223a22222c2268662e456e726f6c6c6d656e744944223a226f7267312d6f726465726572222c2268662e54797065223a226f726465726572227d7d}
2018/07/29 12:46:43 [DEBUG] Adding attribute extension to CSR: &{ID:[1 2 3 4 5 6 7 8 1] Critical:false Value:7b226174747273223a7b2268662e416666696c696174696f6e223a22222c2268662e456e726f6c6c6d656e744944223a226f7267312d6f726465726572222c2268662e54797065223a226f726465726572227d7d}
2018/07/29 12:46:43 [INFO] signed certificate with serial number 69864911329308230749360819650346363942067955072
2018/07/29 12:46:43 [DEBUG] DB: Insert Certificate
2018/07/29 12:46:43 [DEBUG] Saved serial number as hex c3cd9d978836061ee6df8a680a0e2447fbee580
2018/07/29 12:46:43 [DEBUG] saved certificate with serial number 69864911329308230749360819650346363942067955072
2018/07/29 12:46:43 [DEBUG] Successfully incremented state for identity org1-orderer to 1
2018/07/29 12:46:43 [INFO] 172.18.0.4:38678 POST /enroll 201 0 "OK"
2018/07/29 12:47:13 [DEBUG] Received request for /enroll
2018/07/29 12:47:13 [DEBUG] ca.Config: &{Version:1.2.0-stable Cfg:{Identities:{AllowRemove:false} Affiliations:{AllowRemove:false}} CA:{Name:org1-ca Keyfile:/etc/hyperledger/fabric-ca/ca-key.pem Certfile:/etc/hyperledger/fabric-ca/ca-cert.pem Chainfile:/etc/hyperledger/fabric-ca/ca-chain.pem} Signing:0xc4205aebb0 CSR:{CN:org1-ca Names:[{C:US ST:North Carolina L: O:Hyperledger OU:Fabric SerialNumber:}] Hosts:[org1-ca] KeyRequest:<nil> CA:0xc4205ad6c0 SerialNumber:} Registry:{MaxEnrollments:-1 Identities:[{ Name:**** Pass:**** Type:client Affiliation: MaxEnrollments:0 Attrs:map[hf.GenCRL:1 hf.Registrar.Attributes:* hf.AffiliationMgr:1 hf.Registrar.Roles:* hf.Registrar.DelegateRoles:* hf.Revoker:1 hf.IntermediateCA:1]  }]} Affiliations:map[org1:[]] LDAP:{ Enabled:false URL:ldap://****:****@<host>:<port>/<base> UserFilter:(uid=%s) GroupFilter:(memberUid=%s) Attribute:{[uid member] [{ }] map[groups:[{ }]]} TLS:{false [] { }}  } DB:{ Type:sqlite3 Datasource:/etc/hyperledger/fabric-ca/fabric-ca-server.db TLS:{false [] { }}  } CSP:0xc42027ac60 Client:<nil> Intermediate:{ParentServer:{ URL: CAName:  } TLS:{Enabled:false CertFiles:[] Client:{KeyFile: CertFile:}} Enrollment:{ Name: Secret:**** CAName: AttrReqs:[] Profile: Label: CSR:<nil> Type:x509  }} CRL:{Expiry:24h0m0s} Idemix:{IssuerPublicKeyfile:/etc/hyperledger/fabric-ca/IssuerPublicKey IssuerSecretKeyfile:/etc/hyperledger/fabric-ca/msp/keystore/IssuerSecretKey RevocationPublicKeyfile:/etc/hyperledger/fabric-ca/IssuerRevocationPublicKey RevocationPrivateKeyfile:/etc/hyperledger/fabric-ca/msp/keystore/IssuerRevocationPrivateKey RHPoolSize:1000 NonceExpiration:15s NonceSweepInterval:15m}}
2018/07/29 12:47:13 [DEBUG] DB: Getting identity org1-orderer
2018/07/29 12:47:13 [DEBUG] DB: Login user org1-orderer with max enrollments of -1 and state of 1
2018/07/29 12:47:13 [DEBUG] DB: identity org1-orderer successfully logged in
2018/07/29 12:47:13 [DEBUG] DB: Getting identity org1-orderer
2018/07/29 12:47:13 [DEBUG] Processing sign request: id=org1-orderer, CommonName=org1-orderer, Subject=<nil>
2018/07/29 12:47:13 [DEBUG] Request is not for a CA signing certificate
2018/07/29 12:47:13 [DEBUG] Checking CSR fields to make sure that they do not exceed maximum character limits
2018/07/29 12:47:13 [DEBUG] Finished processing sign request
2018/07/29 12:47:13 [DEBUG] DB: Getting identity org1-orderer
2018/07/29 12:47:13 [DEBUG] Attribute extension being added to certificate is: &{ID:[1 2 3 4 5 6 7 8 1] Critical:false Value:7b226174747273223a7b2268662e416666696c696174696f6e223a22222c2268662e456e726f6c6c6d656e744944223a226f7267312d6f726465726572222c2268662e54797065223a226f726465726572227d7d}
2018/07/29 12:47:13 [DEBUG] Adding attribute extension to CSR: &{ID:[1 2 3 4 5 6 7 8 1] Critical:false Value:7b226174747273223a7b2268662e416666696c696174696f6e223a22222c2268662e456e726f6c6c6d656e744944223a226f7267312d6f726465726572222c2268662e54797065223a226f726465726572227d7d}
2018/07/29 12:47:13 [INFO] signed certificate with serial number 326534612905499616249118834992446321879334051769
2018/07/29 12:47:13 [DEBUG] DB: Insert Certificate
2018/07/29 12:47:13 [DEBUG] Saved serial number as hex 393251860bbfa57143fb3269508f50a837f0dfb9
2018/07/29 12:47:13 [DEBUG] saved certificate with serial number 326534612905499616249118834992446321879334051769
2018/07/29 12:47:13 [DEBUG] Successfully incremented state for identity org1-orderer to 2
2018/07/29 12:47:13 [INFO] 172.18.0.4:38680 POST /enroll 201 0 "OK"
2018/07/29 12:48:35 [DEBUG] Cleaning up expired nonces for CA 'org1-ca'
2018/07/29 12:53:55 [DEBUG] Received request for /enroll
2018/07/29 12:53:55 [DEBUG] ca.Config: &{Version:1.2.0-stable Cfg:{Identities:{AllowRemove:false} Affiliations:{AllowRemove:false}} CA:{Name:org1-ca Keyfile:/etc/hyperledger/fabric-ca/ca-key.pem Certfile:/etc/hyperledger/fabric-ca/ca-cert.pem Chainfile:/etc/hyperledger/fabric-ca/ca-chain.pem} Signing:0xc4205aebb0 CSR:{CN:org1-ca Names:[{C:US ST:North Carolina L: O:Hyperledger OU:Fabric SerialNumber:}] Hosts:[org1-ca] KeyRequest:<nil> CA:0xc4205ad6c0 SerialNumber:} Registry:{MaxEnrollments:-1 Identities:[{ Name:**** Pass:**** Type:client Affiliation: MaxEnrollments:0 Attrs:map[hf.Revoker:1 hf.IntermediateCA:1 hf.GenCRL:1 hf.Registrar.Attributes:* hf.AffiliationMgr:1 hf.Registrar.Roles:* hf.Registrar.DelegateRoles:*]  }]} Affiliations:map[org1:[]] LDAP:{ Enabled:false URL:ldap://****:****@<host>:<port>/<base> UserFilter:(uid=%s) GroupFilter:(memberUid=%s) Attribute:{[uid member] [{ }] map[groups:[{ }]]} TLS:{false [] { }}  } DB:{ Type:sqlite3 Datasource:/etc/hyperledger/fabric-ca/fabric-ca-server.db TLS:{false [] { }}  } CSP:0xc42027ac60 Client:<nil> Intermediate:{ParentServer:{ URL: CAName:  } TLS:{Enabled:false CertFiles:[] Client:{KeyFile: CertFile:}} Enrollment:{ Name: Secret:**** CAName: AttrReqs:[] Profile: Label: CSR:<nil> Type:x509  }} CRL:{Expiry:24h0m0s} Idemix:{IssuerPublicKeyfile:/etc/hyperledger/fabric-ca/IssuerPublicKey IssuerSecretKeyfile:/etc/hyperledger/fabric-ca/msp/keystore/IssuerSecretKey RevocationPublicKeyfile:/etc/hyperledger/fabric-ca/IssuerRevocationPublicKey RevocationPrivateKeyfile:/etc/hyperledger/fabric-ca/msp/keystore/IssuerRevocationPrivateKey RHPoolSize:1000 NonceExpiration:15s NonceSweepInterval:15m}}
2018/07/29 12:53:55 [DEBUG] DB: Getting identity org1-peer0
2018/07/29 12:53:55 [DEBUG] DB: Login user org1-peer0 with max enrollments of -1 and state of 0
2018/07/29 12:53:56 [DEBUG] DB: identity org1-peer0 successfully logged in
2018/07/29 12:53:56 [DEBUG] DB: Getting identity org1-peer0
2018/07/29 12:53:56 [DEBUG] Processing sign request: id=org1-peer0, CommonName=org1-peer0, Subject=<nil>
2018/07/29 12:53:56 [DEBUG] Request is not for a CA signing certificate
2018/07/29 12:53:56 [DEBUG] Checking CSR fields to make sure that they do not exceed maximum character limits
2018/07/29 12:53:56 [DEBUG] Finished processing sign request
2018/07/29 12:53:56 [DEBUG] DB: Getting identity org1-peer0
2018/07/29 12:53:56 [DEBUG] Attribute extension being added to certificate is: &{ID:[1 2 3 4 5 6 7 8 1] Critical:false Value:7b226174747273223a7b2268662e416666696c696174696f6e223a22222c2268662e456e726f6c6c6d656e744944223a226f7267312d7065657230222c2268662e54797065223a2270656572227d7d}
2018/07/29 12:53:56 [DEBUG] Adding attribute extension to CSR: &{ID:[1 2 3 4 5 6 7 8 1] Critical:false Value:7b226174747273223a7b2268662e416666696c696174696f6e223a22222c2268662e456e726f6c6c6d656e744944223a226f7267312d7065657230222c2268662e54797065223a2270656572227d7d}
2018/07/29 12:53:56 [INFO] signed certificate with serial number 360427377494990237835909523719375853645928578888
2018/07/29 12:53:56 [DEBUG] DB: Insert Certificate
2018/07/29 12:53:56 [DEBUG] Saved serial number as hex 3f221f61515061967c7324950806530de4d7bf48
2018/07/29 12:53:56 [DEBUG] saved certificate with serial number 360427377494990237835909523719375853645928578888
2018/07/29 12:53:56 [DEBUG] Successfully incremented state for identity org1-peer0 to 1
2018/07/29 12:53:56 [INFO] 172.18.0.5:44354 POST /enroll 201 0 "OK"
2018/07/29 12:54:24 [DEBUG] Received request for /enroll
2018/07/29 12:54:24 [DEBUG] ca.Config: &{Version:1.2.0-stable Cfg:{Identities:{AllowRemove:false} Affiliations:{AllowRemove:false}} CA:{Name:org1-ca Keyfile:/etc/hyperledger/fabric-ca/ca-key.pem Certfile:/etc/hyperledger/fabric-ca/ca-cert.pem Chainfile:/etc/hyperledger/fabric-ca/ca-chain.pem} Signing:0xc4205aebb0 CSR:{CN:org1-ca Names:[{C:US ST:North Carolina L: O:Hyperledger OU:Fabric SerialNumber:}] Hosts:[org1-ca] KeyRequest:<nil> CA:0xc4205ad6c0 SerialNumber:} Registry:{MaxEnrollments:-1 Identities:[{ Name:**** Pass:**** Type:client Affiliation: MaxEnrollments:0 Attrs:map[hf.Revoker:1 hf.IntermediateCA:1 hf.GenCRL:1 hf.Registrar.Attributes:* hf.AffiliationMgr:1 hf.Registrar.Roles:* hf.Registrar.DelegateRoles:*]  }]} Affiliations:map[org1:[]] LDAP:{ Enabled:false URL:ldap://****:****@<host>:<port>/<base> UserFilter:(uid=%s) GroupFilter:(memberUid=%s) Attribute:{[uid member] [{ }] map[groups:[{ }]]} TLS:{false [] { }}  } DB:{ Type:sqlite3 Datasource:/etc/hyperledger/fabric-ca/fabric-ca-server.db TLS:{false [] { }}  } CSP:0xc42027ac60 Client:<nil> Intermediate:{ParentServer:{ URL: CAName:  } TLS:{Enabled:false CertFiles:[] Client:{KeyFile: CertFile:}} Enrollment:{ Name: Secret:**** CAName: AttrReqs:[] Profile: Label: CSR:<nil> Type:x509  }} CRL:{Expiry:24h0m0s} Idemix:{IssuerPublicKeyfile:/etc/hyperledger/fabric-ca/IssuerPublicKey IssuerSecretKeyfile:/etc/hyperledger/fabric-ca/msp/keystore/IssuerSecretKey RevocationPublicKeyfile:/etc/hyperledger/fabric-ca/IssuerRevocationPublicKey RevocationPrivateKeyfile:/etc/hyperledger/fabric-ca/msp/keystore/IssuerRevocationPrivateKey RHPoolSize:1000 NonceExpiration:15s NonceSweepInterval:15m}}
2018/07/29 12:54:24 [DEBUG] DB: Getting identity org1-peer0
2018/07/29 12:54:24 [DEBUG] DB: Login user org1-peer0 with max enrollments of -1 and state of 1
2018/07/29 12:54:24 [DEBUG] DB: identity org1-peer0 successfully logged in
2018/07/29 12:54:24 [DEBUG] DB: Getting identity org1-peer0
2018/07/29 12:54:24 [DEBUG] Processing sign request: id=org1-peer0, CommonName=org1-peer0, Subject=<nil>
2018/07/29 12:54:24 [DEBUG] Request is not for a CA signing certificate
2018/07/29 12:54:24 [DEBUG] Checking CSR fields to make sure that they do not exceed maximum character limits
2018/07/29 12:54:24 [DEBUG] Finished processing sign request
2018/07/29 12:54:24 [DEBUG] DB: Getting identity org1-peer0
2018/07/29 12:54:24 [DEBUG] Attribute extension being added to certificate is: &{ID:[1 2 3 4 5 6 7 8 1] Critical:false Value:7b226174747273223a7b2268662e416666696c696174696f6e223a22222c2268662e456e726f6c6c6d656e744944223a226f7267312d7065657230222c2268662e54797065223a2270656572227d7d}
2018/07/29 12:54:24 [DEBUG] Adding attribute extension to CSR: &{ID:[1 2 3 4 5 6 7 8 1] Critical:false Value:7b226174747273223a7b2268662e416666696c696174696f6e223a22222c2268662e456e726f6c6c6d656e744944223a226f7267312d7065657230222c2268662e54797065223a2270656572227d7d}
2018/07/29 12:54:24 [INFO] signed certificate with serial number 408361441973623379740275608897915775812753756804
2018/07/29 12:54:24 [DEBUG] DB: Insert Certificate
2018/07/29 12:54:24 [DEBUG] Saved serial number as hex 47878f74558731105aee324149030f7381791284
2018/07/29 12:54:24 [DEBUG] saved certificate with serial number 408361441973623379740275608897915775812753756804
2018/07/29 12:54:24 [DEBUG] Successfully incremented state for identity org1-peer0 to 2
2018/07/29 12:54:24 [INFO] 172.18.0.5:44356 POST /enroll 201 0 "OK"
2018/07/29 13:03:35 [DEBUG] Cleaning up expired nonces for CA 'org1-ca'
2018/07/29 13:18:35 [DEBUG] Cleaning up expired nonces for CA 'org1-ca'
2018/07/29 13:33:35 [DEBUG] Cleaning up expired nonces for CA 'org1-ca'
2018/07/29 13:48:35 [DEBUG] Cleaning up expired nonces for CA 'org1-ca'
2018/07/29 14:42:05 [DEBUG] Cleaning up expired nonces for CA 'org1-ca'
2018/07/29 14:57:05 [DEBUG] Cleaning up expired nonces for CA 'org1-ca'
2018/07/29 15:12:05 [DEBUG] Cleaning up expired nonces for CA 'org1-ca'
2018/07/29 15:27:05 [DEBUG] Cleaning up expired nonces for CA 'org1-ca'
2018/07/29 15:28:37 [DEBUG] Received request for /enroll
2018/07/29 15:28:37 [DEBUG] ca.Config: &{Version:1.2.0-stable Cfg:{Identities:{AllowRemove:false} Affiliations:{AllowRemove:false}} CA:{Name:org1-ca Keyfile:/etc/hyperledger/fabric-ca/ca-key.pem Certfile:/etc/hyperledger/fabric-ca/ca-cert.pem Chainfile:/etc/hyperledger/fabric-ca/ca-chain.pem} Signing:0xc4205aebb0 CSR:{CN:org1-ca Names:[{C:US ST:North Carolina L: O:Hyperledger OU:Fabric SerialNumber:}] Hosts:[org1-ca] KeyRequest:<nil> CA:0xc4205ad6c0 SerialNumber:} Registry:{MaxEnrollments:-1 Identities:[{ Name:**** Pass:**** Type:client Affiliation: MaxEnrollments:0 Attrs:map[hf.Revoker:1 hf.IntermediateCA:1 hf.GenCRL:1 hf.Registrar.Attributes:* hf.AffiliationMgr:1 hf.Registrar.Roles:* hf.Registrar.DelegateRoles:*]  }]} Affiliations:map[org1:[]] LDAP:{ Enabled:false URL:ldap://****:****@<host>:<port>/<base> UserFilter:(uid=%s) GroupFilter:(memberUid=%s) Attribute:{[uid member] [{ }] map[groups:[{ }]]} TLS:{false [] { }}  } DB:{ Type:sqlite3 Datasource:/etc/hyperledger/fabric-ca/fabric-ca-server.db TLS:{false [] { }}  } CSP:0xc42027ac60 Client:<nil> Intermediate:{ParentServer:{ URL: CAName:  } TLS:{Enabled:false CertFiles:[] Client:{KeyFile: CertFile:}} Enrollment:{ Name: Secret:**** CAName: AttrReqs:[] Profile: Label: CSR:<nil> Type:x509  }} CRL:{Expiry:24h0m0s} Idemix:{IssuerPublicKeyfile:/etc/hyperledger/fabric-ca/IssuerPublicKey IssuerSecretKeyfile:/etc/hyperledger/fabric-ca/msp/keystore/IssuerSecretKey RevocationPublicKeyfile:/etc/hyperledger/fabric-ca/IssuerRevocationPublicKey RevocationPrivateKeyfile:/etc/hyperledger/fabric-ca/msp/keystore/IssuerRevocationPrivateKey RHPoolSize:1000 NonceExpiration:15s NonceSweepInterval:15m}}
2018/07/29 15:28:37 [DEBUG] DB: Getting identity org1-admin-orderer
2018/07/29 15:28:37 [DEBUG] DB: Login user org1-admin-orderer with max enrollments of -1 and state of 0
2018/07/29 15:28:37 [DEBUG] DB: identity org1-admin-orderer successfully logged in
2018/07/29 15:28:37 [DEBUG] DB: Getting identity org1-admin-orderer
2018/07/29 15:28:37 [DEBUG] Processing sign request: id=org1-admin-orderer, CommonName=org1-admin-orderer, Subject=<nil>
2018/07/29 15:28:37 [DEBUG] Request is not for a CA signing certificate
2018/07/29 15:28:37 [DEBUG] Checking CSR fields to make sure that they do not exceed maximum character limits
2018/07/29 15:28:37 [DEBUG] Finished processing sign request
2018/07/29 15:28:37 [DEBUG] DB: Getting identity org1-admin-orderer
2018/07/29 15:28:37 [DEBUG] Attribute extension being added to certificate is: &{ID:[1 2 3 4 5 6 7 8 1] Critical:false Value:7b226174747273223a7b2261646d696e223a2274727565222c2268662e416666696c696174696f6e223a22222c2268662e456e726f6c6c6d656e744944223a226f7267312d61646d696e2d6f726465726572222c2268662e54797065223a22636c69656e74227d7d}
2018/07/29 15:28:37 [DEBUG] Adding attribute extension to CSR: &{ID:[1 2 3 4 5 6 7 8 1] Critical:false Value:7b226174747273223a7b2261646d696e223a2274727565222c2268662e416666696c696174696f6e223a22222c2268662e456e726f6c6c6d656e744944223a226f7267312d61646d696e2d6f726465726572222c2268662e54797065223a22636c69656e74227d7d}
2018/07/29 15:28:37 [INFO] signed certificate with serial number 261866878659638928535213918165015152072861880031
2018/07/29 15:28:37 [DEBUG] DB: Insert Certificate
2018/07/29 15:28:37 [DEBUG] Saved serial number as hex 2dde84575465be7c482bf0e127681855e2bf0edf
2018/07/29 15:28:37 [DEBUG] saved certificate with serial number 261866878659638928535213918165015152072861880031
2018/07/29 15:28:37 [DEBUG] Successfully incremented state for identity org1-admin-orderer to 1
2018/07/29 15:28:37 [INFO] 172.18.0.3:57026 POST /enroll 201 0 "OK"
2018/07/29 15:29:13 [DEBUG] Received request for /enroll
2018/07/29 15:29:13 [DEBUG] ca.Config: &{Version:1.2.0-stable Cfg:{Identities:{AllowRemove:false} Affiliations:{AllowRemove:false}} CA:{Name:org1-ca Keyfile:/etc/hyperledger/fabric-ca/ca-key.pem Certfile:/etc/hyperledger/fabric-ca/ca-cert.pem Chainfile:/etc/hyperledger/fabric-ca/ca-chain.pem} Signing:0xc4205aebb0 CSR:{CN:org1-ca Names:[{C:US ST:North Carolina L: O:Hyperledger OU:Fabric SerialNumber:}] Hosts:[org1-ca] KeyRequest:<nil> CA:0xc4205ad6c0 SerialNumber:} Registry:{MaxEnrollments:-1 Identities:[{ Name:**** Pass:**** Type:client Affiliation: MaxEnrollments:0 Attrs:map[hf.Registrar.DelegateRoles:* hf.Revoker:1 hf.IntermediateCA:1 hf.GenCRL:1 hf.Registrar.Attributes:* hf.AffiliationMgr:1 hf.Registrar.Roles:*]  }]} Affiliations:map[org1:[]] LDAP:{ Enabled:false URL:ldap://****:****@<host>:<port>/<base> UserFilter:(uid=%s) GroupFilter:(memberUid=%s) Attribute:{[uid member] [{ }] map[groups:[{ }]]} TLS:{false [] { }}  } DB:{ Type:sqlite3 Datasource:/etc/hyperledger/fabric-ca/fabric-ca-server.db TLS:{false [] { }}  } CSP:0xc42027ac60 Client:<nil> Intermediate:{ParentServer:{ URL: CAName:  } TLS:{Enabled:false CertFiles:[] Client:{KeyFile: CertFile:}} Enrollment:{ Name: Secret:**** CAName: AttrReqs:[] Profile: Label: CSR:<nil> Type:x509  }} CRL:{Expiry:24h0m0s} Idemix:{IssuerPublicKeyfile:/etc/hyperledger/fabric-ca/IssuerPublicKey IssuerSecretKeyfile:/etc/hyperledger/fabric-ca/msp/keystore/IssuerSecretKey RevocationPublicKeyfile:/etc/hyperledger/fabric-ca/IssuerRevocationPublicKey RevocationPrivateKeyfile:/etc/hyperledger/fabric-ca/msp/keystore/IssuerRevocationPrivateKey RHPoolSize:1000 NonceExpiration:15s NonceSweepInterval:15m}}
2018/07/29 15:29:13 [DEBUG] DB: Getting identity org1-admin-peer
2018/07/29 15:29:13 [DEBUG] DB: Login user org1-admin-peer with max enrollments of -1 and state of 0
2018/07/29 15:29:13 [DEBUG] DB: identity org1-admin-peer successfully logged in
2018/07/29 15:29:13 [DEBUG] DB: Getting identity org1-admin-peer
2018/07/29 15:29:13 [DEBUG] Processing sign request: id=org1-admin-peer, CommonName=org1-admin-peer, Subject=<nil>
2018/07/29 15:29:13 [DEBUG] Request is not for a CA signing certificate
2018/07/29 15:29:13 [DEBUG] Checking CSR fields to make sure that they do not exceed maximum character limits
2018/07/29 15:29:13 [DEBUG] Finished processing sign request
2018/07/29 15:29:13 [DEBUG] DB: Getting identity org1-admin-peer
2018/07/29 15:29:13 [DEBUG] Attribute extension being added to certificate is: &{ID:[1 2 3 4 5 6 7 8 1] Critical:false Value:7b226174747273223a7b22616261632e696e6974223a2274727565222c2261646d696e223a2274727565222c2268662e416666696c696174696f6e223a22222c2268662e456e726f6c6c6d656e744944223a226f7267312d61646d696e2d70656572222c2268662e54797065223a22636c69656e74227d7d}
2018/07/29 15:29:13 [DEBUG] Adding attribute extension to CSR: &{ID:[1 2 3 4 5 6 7 8 1] Critical:false Value:7b226174747273223a7b22616261632e696e6974223a2274727565222c2261646d696e223a2274727565222c2268662e416666696c696174696f6e223a22222c2268662e456e726f6c6c6d656e744944223a226f7267312d61646d696e2d70656572222c2268662e54797065223a22636c69656e74227d7d}
2018/07/29 15:29:13 [INFO] signed certificate with serial number 577729715804716357890672470345762720829734769087
2018/07/29 15:29:13 [DEBUG] DB: Insert Certificate
2018/07/29 15:29:13 [DEBUG] Saved serial number as hex 65324be31397184e24a38138505030d976a5d1bf
2018/07/29 15:29:13 [DEBUG] saved certificate with serial number 577729715804716357890672470345762720829734769087
2018/07/29 15:29:13 [DEBUG] Successfully incremented state for identity org1-admin-peer to 1
2018/07/29 15:29:13 [INFO] 172.18.0.3:57032 POST /enroll 201 0 "OK"
2018/07/29 15:42:05 [DEBUG] Cleaning up expired nonces for CA 'org1-ca'
2018/07/29 15:57:05 [DEBUG] Cleaning up expired nonces for CA 'org1-ca'
2018/07/29 16:12:05 [DEBUG] Cleaning up expired nonces for CA 'org1-ca'
2018/07/29 17:08:48 [DEBUG] Cleaning up expired nonces for CA 'org1-ca'
2018/07/29 17:23:48 [DEBUG] Cleaning up expired nonces for CA 'org1-ca'
