2018/08/08 03:54:37 [INFO] Created default configuration file at /etc/hyperledger/fabric-ca/fabric-ca-server-config.yaml
2018/08/08 03:54:37 [INFO] Server Version: 1.2.0-stable
2018/08/08 03:54:37 [INFO] Server Levels: &{Identity:1 Affiliation:1 Certificate:1 Credential:1 RAInfo:1 Nonce:1}
2018/08/08 03:54:37 [DEBUG] Making server filenames absolute
2018/08/08 03:54:37 [DEBUG] Initializing default CA in directory /etc/hyperledger/fabric-ca
2018/08/08 03:54:37 [DEBUG] Init CA with home /etc/hyperledger/fabric-ca and config {Version:1.2.0-stable Cfg:{Identities:{AllowRemove:false} Affiliations:{AllowRemove:false}} CA:{Name: Keyfile: Certfile:ca-cert.pem Chainfile:ca-chain.pem} Signing:0xc4203587d0 CSR:{CN:org1-ca Names:[{C:US ST:North Carolina L: O:Hyperledger OU:Fabric SerialNumber:}] Hosts:[org1-ca] KeyRequest:<nil> CA:0xc42035ed00 SerialNumber:} Registry:{MaxEnrollments:-1 Identities:[{ Name:**** Pass:**** Type:client Affiliation: MaxEnrollments:0 Attrs:map[hf.Registrar.Roles:* hf.Registrar.DelegateRoles:* hf.Revoker:1 hf.IntermediateCA:1 hf.GenCRL:1 hf.Registrar.Attributes:* hf.AffiliationMgr:1]  }]} Affiliations:map[org2:[department1] org1:[department1 department2]] LDAP:{ Enabled:false URL:ldap://****:****@<host>:<port>/<base> UserFilter:(uid=%s) GroupFilter:(memberUid=%s) Attribute:{[uid member] [{ }] map[groups:[{ }]]} TLS:{false [] { }}  } DB:{ Type:sqlite3 Datasource:fabric-ca-server.db TLS:{false [] { }}  } CSP:0xc420417020 Client:<nil> Intermediate:{ParentServer:{ URL: CAName:  } TLS:{Enabled:false CertFiles:[] Client:{KeyFile: CertFile:}} Enrollment:{ Name: Secret:**** CAName: AttrReqs:[] Profile: Label: CSR:<nil> Type:x509  }} CRL:{Expiry:24h0m0s} Idemix:{IssuerPublicKeyfile: IssuerSecretKeyfile: RevocationPublicKeyfile: RevocationPrivateKeyfile: RHPoolSize:0 NonceExpiration: NonceSweepInterval:}}
2018/08/08 03:54:37 [DEBUG] CA Home Directory: /etc/hyperledger/fabric-ca
2018/08/08 03:54:37 [DEBUG] Checking configuration file version '1.2.0-stable' against server version: '1.2.0-stable'
2018/08/08 03:54:37 [DEBUG] Initializing BCCSP: &{ProviderName:SW SwOpts:0xc420417080 PluginOpts:<nil> Pkcs11Opts:<nil>}
2018/08/08 03:54:37 [DEBUG] Initializing BCCSP with software options &{SecLevel:256 HashFamily:SHA2 Ephemeral:false FileKeystore:0xc420366a00 DummyKeystore:<nil>}
2018/08/08 03:54:37 [DEBUG] Initialize key material
2018/08/08 03:54:37 [DEBUG] Making CA filenames absolute
2018/08/08 03:54:37 [WARNING] &{69 The specified CA certificate file /etc/hyperledger/fabric-ca/ca-cert.pem does not exist}
2018/08/08 03:54:37 [DEBUG] Root CA certificate request: {CN:org1-ca Names:[{C:US ST:North Carolina L: O:Hyperledger OU:Fabric SerialNumber:}] Hosts:[org1-ca] KeyRequest:0xc42035ff60 CA:0xc42035ed00 SerialNumber:}
2018/08/08 03:54:37 [INFO] generating key: &{A:ecdsa S:256}
2018/08/08 03:54:37 [DEBUG] generate key from request: algo=ecdsa, size=256
2018/08/08 03:54:37 [INFO] encoded CSR
2018/08/08 03:54:37 [DEBUG] validating configuration
2018/08/08 03:54:37 [DEBUG] validate local profile
2018/08/08 03:54:37 [DEBUG] profile is valid
2018/08/08 03:54:37 [INFO] signed certificate with serial number 3134809566122930694935881564400782922808605800
2018/08/08 03:54:37 [INFO] The CA key and certificate were generated for CA 
2018/08/08 03:54:37 [INFO] The key was stored by BCCSP provider 'SW'
2018/08/08 03:54:37 [INFO] The certificate is at: /etc/hyperledger/fabric-ca/ca-cert.pem
2018/08/08 03:54:37 [DEBUG] Initializing DB
2018/08/08 03:54:37 [DEBUG] Initializing 'sqlite3' database at '/etc/hyperledger/fabric-ca/fabric-ca-server.db'
2018/08/08 03:54:37 [DEBUG] Using sqlite database, connect to database in home (/etc/hyperledger/fabric-ca/fabric-ca-server.db) directory
2018/08/08 03:54:37 [DEBUG] Creating SQLite database (/etc/hyperledger/fabric-ca/fabric-ca-server.db) if it does not exist...
2018/08/08 03:54:37 [DEBUG] Creating users table if it does not exist
2018/08/08 03:54:37 [DEBUG] Creating affiliations table if it does not exist
2018/08/08 03:54:37 [DEBUG] Creating certificates table if it does not exist
2018/08/08 03:54:37 [DEBUG] Creating credentials table if it does not exist
2018/08/08 03:54:37 [DEBUG] Creating revocation_authority_info table if it does not exist
2018/08/08 03:54:37 [DEBUG] Creating nonces table if it does not exist
2018/08/08 03:54:37 [DEBUG] Creating properties table if it does not exist
2018/08/08 03:54:37 [DEBUG] Successfully opened sqlite3 DB
2018/08/08 03:54:37 [DEBUG] Checking database schema...
2018/08/08 03:54:37 [DEBUG] Update SQLite schema, if using outdated schema
2018/08/08 03:54:37 [DEBUG] Upgrade identities table
2018/08/08 03:54:37 [DEBUG] Creating users table if it does not exist
2018/08/08 03:54:37 [DEBUG] Upgrade affiliation table
2018/08/08 03:54:37 [DEBUG] Creating affiliations table if it does not exist
2018/08/08 03:54:37 [DEBUG] Upgrade certificates table
2018/08/08 03:54:37 [DEBUG] Creating certificates table if it does not exist
2018/08/08 03:54:37 [DEBUG] Initializing identity registry
2018/08/08 03:54:37 [DEBUG] Initialized DB identity registry
2018/08/08 03:54:37 [DEBUG] DB: Get properties [identity.level affiliation.level certificate.level]
2018/08/08 03:54:37 [DEBUG] Checking database levels 'map[affiliation.level:0 certificate.level:0 identity.level:0]' against server levels '&{Identity:1 Affiliation:1 Certificate:1 Credential:1 RAInfo:1 Nonce:1}'
2018/08/08 03:54:37 [DEBUG] Loading identity table
2018/08/08 03:54:37 [DEBUG] Loading identity 'org1-admin-ca'
2018/08/08 03:54:37 [DEBUG] DB: Getting identity org1-admin-ca
2018/08/08 03:54:37 [DEBUG] Max enrollment value verification - User specified max enrollment: 0, CA max enrollment: -1
2018/08/08 03:54:37 [DEBUG] DB: Add identity org1-admin-ca
2018/08/08 03:54:37 [DEBUG] Successfully added identity org1-admin-ca to the database
2018/08/08 03:54:37 [DEBUG] Registered identity: { Name:**** Pass:**** Type:client Affiliation: MaxEnrollments:-1 Attrs:map[hf.Revoker:1 hf.IntermediateCA:1 hf.GenCRL:1 hf.Registrar.Attributes:* hf.AffiliationMgr:1 hf.Registrar.Roles:* hf.Registrar.DelegateRoles:*]  }
2018/08/08 03:54:37 [DEBUG] Successfully loaded identity table
2018/08/08 03:54:37 [DEBUG] Loading affiliations table
2018/08/08 03:54:37 [DEBUG] DB: Add affiliation org2
2018/08/08 03:54:37 [DEBUG] Affiliation 'org2' added
2018/08/08 03:54:37 [DEBUG] DB: Add affiliation org2.department1
2018/08/08 03:54:37 [DEBUG] Affiliation 'org2.department1' added
2018/08/08 03:54:37 [DEBUG] DB: Add affiliation org1
2018/08/08 03:54:37 [DEBUG] Affiliation 'org1' added
2018/08/08 03:54:37 [DEBUG] DB: Add affiliation org1.department1
2018/08/08 03:54:37 [DEBUG] Affiliation 'org1.department1' added
2018/08/08 03:54:37 [DEBUG] DB: Add affiliation org1.department2
2018/08/08 03:54:37 [DEBUG] Affiliation 'org1.department2' added
2018/08/08 03:54:37 [DEBUG] Successfully loaded affiliations table
2018/08/08 03:54:37 [DEBUG] Checking and performing migration, if needed
2018/08/08 03:54:37 [DEBUG] Updating database level to &{Identity:1 Affiliation:1 Certificate:1 Credential:1 RAInfo:1 Nonce:1}
2018/08/08 03:54:37 [INFO] Initialized sqlite3 database at /etc/hyperledger/fabric-ca/fabric-ca-server.db
2018/08/08 03:54:37 [DEBUG] Initializing enrollment signer
2018/08/08 03:54:37 [DEBUG] validating configuration
2018/08/08 03:54:37 [DEBUG] validate local profile
2018/08/08 03:54:37 [DEBUG] profile is valid
2018/08/08 03:54:37 [DEBUG] validate local profile
2018/08/08 03:54:37 [DEBUG] profile is valid
2018/08/08 03:54:37 [DEBUG] validate local profile
2018/08/08 03:54:37 [DEBUG] profile is valid
2018/08/08 03:54:37 [DEBUG] CA initialization successful
2018/08/08 03:54:37 [INFO] The issuer key was successfully stored. The public key is at: /etc/hyperledger/fabric-ca/IssuerPublicKey, secret key is at: /etc/hyperledger/fabric-ca/msp/keystore/IssuerSecretKey
2018/08/08 03:54:37 [INFO] The revocation key was successfully stored. The public key is at: /etc/hyperledger/fabric-ca/IssuerRevocationPublicKey, private key is at: /etc/hyperledger/fabric-ca/msp/keystore/IssuerRevocationPrivateKey
2018/08/08 03:54:37 [INFO] Home directory for default CA: /etc/hyperledger/fabric-ca
2018/08/08 03:54:37 [DEBUG] Closing server DBs
2018/08/08 03:54:37 [INFO] Initialization was successful
2018/08/08 03:54:38 [INFO] Configuration file location: /etc/hyperledger/fabric-ca/fabric-ca-server-config.yaml
2018/08/08 03:54:38 [INFO] Starting server in home directory: /etc/hyperledger/fabric-ca
2018/08/08 03:54:38 [INFO] Server Version: 1.2.0-stable
2018/08/08 03:54:38 [INFO] Server Levels: &{Identity:1 Affiliation:1 Certificate:1 Credential:1 RAInfo:1 Nonce:1}
2018/08/08 03:54:38 [DEBUG] Making server filenames absolute
2018/08/08 03:54:38 [DEBUG] Initializing default CA in directory /etc/hyperledger/fabric-ca
2018/08/08 03:54:38 [DEBUG] Init CA with home /etc/hyperledger/fabric-ca and config {Version:1.2.0-stable Cfg:{Identities:{AllowRemove:false} Affiliations:{AllowRemove:false}} CA:{Name: Keyfile: Certfile:ca-cert.pem Chainfile:ca-chain.pem} Signing:0xc4203891d0 CSR:{CN:org1-ca Names:[{C:US ST:North Carolina L: O:Hyperledger OU:Fabric SerialNumber:}] Hosts:[org1-ca] KeyRequest:<nil> CA:0xc42038b780 SerialNumber:} Registry:{MaxEnrollments:-1 Identities:[{ Name:**** Pass:**** Type:client Affiliation: MaxEnrollments:0 Attrs:map[hf.Registrar.Attributes:* hf.AffiliationMgr:1 hf.Registrar.Roles:* hf.Registrar.DelegateRoles:* hf.Revoker:1 hf.IntermediateCA:1 hf.GenCRL:1]  }]} Affiliations:map[org2:[department1] org1:[department1 department2]] LDAP:{ Enabled:false URL:ldap://****:****@<host>:<port>/<base> UserFilter:(uid=%s) GroupFilter:(memberUid=%s) Attribute:{[uid member] [{ }] map[groups:[{ }]]} TLS:{false [] { }}  } DB:{ Type:sqlite3 Datasource:fabric-ca-server.db TLS:{false [] { }}  } CSP:0xc42036ac30 Client:<nil> Intermediate:{ParentServer:{ URL: CAName:  } TLS:{Enabled:false CertFiles:[] Client:{KeyFile: CertFile:}} Enrollment:{ Name: Secret:**** CAName: AttrReqs:[] Profile: Label: CSR:<nil> Type:x509  }} CRL:{Expiry:24h0m0s} Idemix:{IssuerPublicKeyfile: IssuerSecretKeyfile: RevocationPublicKeyfile: RevocationPrivateKeyfile: RHPoolSize:0 NonceExpiration: NonceSweepInterval:}}
2018/08/08 03:54:38 [DEBUG] CA Home Directory: /etc/hyperledger/fabric-ca
2018/08/08 03:54:38 [DEBUG] Checking configuration file version '1.2.0-stable' against server version: '1.2.0-stable'
2018/08/08 03:54:38 [DEBUG] Initializing BCCSP: &{ProviderName:SW SwOpts:0xc42036ac90 PluginOpts:<nil> Pkcs11Opts:<nil>}
2018/08/08 03:54:38 [DEBUG] Initializing BCCSP with software options &{SecLevel:256 HashFamily:SHA2 Ephemeral:false FileKeystore:0xc420383fe0 DummyKeystore:<nil>}
2018/08/08 03:54:38 [DEBUG] Initialize key material
2018/08/08 03:54:38 [DEBUG] Making CA filenames absolute
2018/08/08 03:54:38 [INFO] The CA key and certificate already exist
2018/08/08 03:54:38 [INFO] The key is stored by BCCSP provider 'SW'
2018/08/08 03:54:38 [INFO] The certificate is at: /etc/hyperledger/fabric-ca/ca-cert.pem
2018/08/08 03:54:38 [DEBUG] Loading CN from existing enrollment information
2018/08/08 03:54:38 [DEBUG] Initializing DB
2018/08/08 03:54:38 [DEBUG] Initializing 'sqlite3' database at '/etc/hyperledger/fabric-ca/fabric-ca-server.db'
2018/08/08 03:54:38 [DEBUG] Using sqlite database, connect to database in home (/etc/hyperledger/fabric-ca/fabric-ca-server.db) directory
2018/08/08 03:54:38 [DEBUG] Creating SQLite database (/etc/hyperledger/fabric-ca/fabric-ca-server.db) if it does not exist...
2018/08/08 03:54:38 [DEBUG] Creating users table if it does not exist
2018/08/08 03:54:38 [DEBUG] Creating affiliations table if it does not exist
2018/08/08 03:54:38 [DEBUG] Creating certificates table if it does not exist
2018/08/08 03:54:38 [DEBUG] Creating credentials table if it does not exist
2018/08/08 03:54:38 [DEBUG] Creating revocation_authority_info table if it does not exist
2018/08/08 03:54:38 [DEBUG] Creating nonces table if it does not exist
2018/08/08 03:54:38 [DEBUG] Creating properties table if it does not exist
2018/08/08 03:54:38 [DEBUG] Successfully opened sqlite3 DB
2018/08/08 03:54:38 [DEBUG] Checking database schema...
2018/08/08 03:54:38 [DEBUG] Update SQLite schema, if using outdated schema
2018/08/08 03:54:38 [DEBUG] Initializing identity registry
2018/08/08 03:54:38 [DEBUG] Initialized DB identity registry
2018/08/08 03:54:38 [DEBUG] DB: Get properties [identity.level affiliation.level certificate.level]
2018/08/08 03:54:38 [DEBUG] Checking database levels 'map[affiliation.level:1 certificate.level:1 identity.level:1]' against server levels '&{Identity:1 Affiliation:1 Certificate:1 Credential:1 RAInfo:1 Nonce:1}'
2018/08/08 03:54:38 [DEBUG] Loading identity table
2018/08/08 03:54:38 [DEBUG] Loading identity 'org1-admin-ca'
2018/08/08 03:54:38 [DEBUG] DB: Getting identity org1-admin-ca
2018/08/08 03:54:38 [DEBUG] Identity 'org1-admin-ca' already registered, loaded identity
2018/08/08 03:54:38 [DEBUG] Successfully loaded identity table
2018/08/08 03:54:38 [DEBUG] Loading affiliations table
2018/08/08 03:54:38 [DEBUG] DB: Add affiliation org2
2018/08/08 03:54:38 [DEBUG] Affiliation 'org2' already exists
2018/08/08 03:54:38 [DEBUG] DB: Add affiliation org2.department1
2018/08/08 03:54:38 [DEBUG] Affiliation 'org2.department1' already exists
2018/08/08 03:54:38 [DEBUG] DB: Add affiliation org1
2018/08/08 03:54:38 [DEBUG] Affiliation 'org1' already exists
2018/08/08 03:54:38 [DEBUG] DB: Add affiliation org1.department1
2018/08/08 03:54:38 [DEBUG] Affiliation 'org1.department1' already exists
2018/08/08 03:54:38 [DEBUG] DB: Add affiliation org1.department2
2018/08/08 03:54:38 [DEBUG] Affiliation 'org1.department2' already exists
2018/08/08 03:54:38 [DEBUG] Successfully loaded affiliations table
2018/08/08 03:54:38 [DEBUG] Checking and performing migration, if needed
2018/08/08 03:54:38 [DEBUG] Updating database level to &{Identity:1 Affiliation:1 Certificate:1 Credential:1 RAInfo:1 Nonce:1}
2018/08/08 03:54:38 [INFO] Initialized sqlite3 database at /etc/hyperledger/fabric-ca/fabric-ca-server.db
2018/08/08 03:54:38 [DEBUG] Initializing enrollment signer
2018/08/08 03:54:38 [DEBUG] validating configuration
2018/08/08 03:54:38 [DEBUG] validate local profile
2018/08/08 03:54:38 [DEBUG] profile is valid
2018/08/08 03:54:38 [DEBUG] validate local profile
2018/08/08 03:54:38 [DEBUG] profile is valid
2018/08/08 03:54:38 [DEBUG] validate local profile
2018/08/08 03:54:38 [DEBUG] profile is valid
2018/08/08 03:54:38 [DEBUG] CA initialization successful
2018/08/08 03:54:38 [INFO] Home directory for default CA: /etc/hyperledger/fabric-ca
2018/08/08 03:54:38 [DEBUG] 1 CA instance(s) running on server
2018/08/08 03:54:38 [DEBUG] TLS is enabled
2018/08/08 03:54:38 [DEBUG] TLS enabled but no certificate or key provided, automatically generate TLS credentials
2018/08/08 03:54:38 [DEBUG] TLS CSR: {CN:org1-ca Names:[{C:US ST:North Carolina L: O:Hyperledger OU:Fabric SerialNumber:}] Hosts:[org1-ca] KeyRequest:<nil> CA:<nil> SerialNumber:}
2018/08/08 03:54:38 [DEBUG] GenCSR &{CN:org1-ca Names:[{C:US ST:North Carolina L: O:Hyperledger OU:Fabric SerialNumber:}] Hosts:[org1-ca] KeyRequest:<nil> CA:<nil> SerialNumber:}
2018/08/08 03:54:38 [DEBUG] Initializing client with config: &{URL: MSPDir: TLS:{Enabled:false CertFiles:[] Client:{KeyFile: CertFile:}} Enrollment:{ Name: Secret:**** CAName: AttrReqs:[] Profile: Label: CSR:<nil> Type:  } CSR:{CN: Names:[] Hosts:[] KeyRequest:<nil> CA:<nil> SerialNumber:} ID:{Name: Type: Secret: MaxEnrollments:0 Affiliation: Attributes:[] CAName:} Revoke:{Name: Serial: AKI: Reason: CAName: GenCRL:false} CAInfo:{CAName:} CAName: CSP:0xc42036ac30}
2018/08/08 03:54:38 [DEBUG] Initializing BCCSP: &{ProviderName:SW SwOpts:0xc42036ac90 PluginOpts:<nil> Pkcs11Opts:<nil>}
2018/08/08 03:54:38 [DEBUG] Initializing BCCSP with software options &{SecLevel:256 HashFamily:SHA2 Ephemeral:false FileKeystore:0xc420383fe0 DummyKeystore:<nil>}
2018/08/08 03:54:38 [INFO] generating key: &{A:ecdsa S:256}
2018/08/08 03:54:38 [DEBUG] generate key from request: algo=ecdsa, size=256
2018/08/08 03:54:38 [INFO] encoded CSR
2018/08/08 03:54:38 [INFO] signed certificate with serial number 588019692790261006252776953058095773449171155762
2018/08/08 03:54:38 [DEBUG] DB: Insert Certificate
2018/08/08 03:54:38 [DEBUG] Saved serial number as hex 66ffb7079e36b0680001f3c867fe7613670abb32
2018/08/08 03:54:38 [DEBUG] saved certificate with serial number 588019692790261006252776953058095773449171155762
2018/08/08 03:54:38 [DEBUG] TLS Certificate: /etc/hyperledger/fabric-ca/tls-cert.pem, TLS Key: 
2018/08/08 03:54:38 [DEBUG] Client authentication type requested: noclientcert
2018/08/08 03:54:38 [INFO] Listening on https://0.0.0.0:7054
2018/08/08 03:54:52 [DEBUG] Received request for /enroll
2018/08/08 03:54:52 [DEBUG] ca.Config: &{Version:1.2.0-stable Cfg:{Identities:{AllowRemove:false} Affiliations:{AllowRemove:false}} CA:{Name: Keyfile:/etc/hyperledger/fabric-ca/ca-key.pem Certfile:/etc/hyperledger/fabric-ca/ca-cert.pem Chainfile:/etc/hyperledger/fabric-ca/ca-chain.pem} Signing:0xc4203891d0 CSR:{CN:org1-ca Names:[{C:US ST:North Carolina L: O:Hyperledger OU:Fabric SerialNumber:}] Hosts:[org1-ca] KeyRequest:<nil> CA:0xc42038b780 SerialNumber:} Registry:{MaxEnrollments:-1 Identities:[{ Name:**** Pass:**** Type:client Affiliation: MaxEnrollments:0 Attrs:map[hf.GenCRL:1 hf.Registrar.Attributes:* hf.AffiliationMgr:1 hf.Registrar.Roles:* hf.Registrar.DelegateRoles:* hf.Revoker:1 hf.IntermediateCA:1]  }]} Affiliations:map[org2:[department1] org1:[department1 department2]] LDAP:{ Enabled:false URL:ldap://****:****@<host>:<port>/<base> UserFilter:(uid=%s) GroupFilter:(memberUid=%s) Attribute:{[uid member] [{ }] map[groups:[{ }]]} TLS:{false [] { }}  } DB:{ Type:sqlite3 Datasource:/etc/hyperledger/fabric-ca/fabric-ca-server.db TLS:{false [] { }}  } CSP:0xc42036ac30 Client:<nil> Intermediate:{ParentServer:{ URL: CAName:  } TLS:{Enabled:false CertFiles:[] Client:{KeyFile: CertFile:}} Enrollment:{ Name: Secret:**** CAName: AttrReqs:[] Profile: Label: CSR:<nil> Type:x509  }} CRL:{Expiry:24h0m0s} Idemix:{IssuerPublicKeyfile:/etc/hyperledger/fabric-ca/IssuerPublicKey IssuerSecretKeyfile:/etc/hyperledger/fabric-ca/msp/keystore/IssuerSecretKey RevocationPublicKeyfile:/etc/hyperledger/fabric-ca/IssuerRevocationPublicKey RevocationPrivateKeyfile:/etc/hyperledger/fabric-ca/msp/keystore/IssuerRevocationPrivateKey RHPoolSize:1000 NonceExpiration:15s NonceSweepInterval:15m}}
2018/08/08 03:54:52 [DEBUG] DB: Getting identity org1-admin-ca
2018/08/08 03:54:52 [DEBUG] DB: Login user org1-admin-ca with max enrollments of -1 and state of 0
2018/08/08 03:54:52 [DEBUG] DB: identity org1-admin-ca successfully logged in
2018/08/08 03:54:52 [DEBUG] DB: Getting identity org1-admin-ca
2018/08/08 03:54:52 [DEBUG] Processing sign request: id=org1-admin-ca, CommonName=org1-admin-ca, Subject=<nil>
2018/08/08 03:54:52 [DEBUG] Request is not for a CA signing certificate
2018/08/08 03:54:52 [DEBUG] Checking CSR fields to make sure that they do not exceed maximum character limits
2018/08/08 03:54:52 [DEBUG] Finished processing sign request
2018/08/08 03:54:52 [DEBUG] DB: Getting identity org1-admin-ca
2018/08/08 03:54:52 [INFO] signed certificate with serial number 616278470823304603233549547612618902195520236923
2018/08/08 03:54:52 [DEBUG] DB: Insert Certificate
2018/08/08 03:54:52 [DEBUG] Saved serial number as hex 6bf2e1e47729c75deda81ea1dc1c52a992a16d7b
2018/08/08 03:54:52 [DEBUG] saved certificate with serial number 616278470823304603233549547612618902195520236923
2018/08/08 03:54:52 [DEBUG] Successfully incremented state for identity org1-admin-ca to 1
2018/08/08 03:54:52 [INFO] 172.18.0.3:57082 POST /enroll 201 0 "OK"
2018/08/08 03:54:52 [DEBUG] Received request for /register
2018/08/08 03:54:52 [DEBUG] Checking for revocation/expiration of certificate owned by 'org1-admin-ca'
2018/08/08 03:54:52 [DEBUG] DB: Get certificate by serial (6bf2e1e47729c75deda81ea1dc1c52a992a16d7b) and aki (f2158e1ed54845b32174b4023b814c89dcdcb587)
2018/08/08 03:54:52 [DEBUG] DB: Getting identity org1-admin-ca
2018/08/08 03:54:52 [DEBUG] Successful token authentication of 'org1-admin-ca'
2018/08/08 03:54:52 [DEBUG] Received registration request from org1-admin-ca: { Name:org1-orderer Type:orderer Secret:**** MaxEnrollments:0 Affiliation:org1 Attributes:[] CAName:  }
2018/08/08 03:54:52 [DEBUG] canRegister - Check to see if user 'org1-admin-ca' can register
2018/08/08 03:54:52 [DEBUG] Checking to see if caller 'org1-admin-ca' can act on type 'orderer'
2018/08/08 03:54:52 [DEBUG] Checking to see if caller 'org1-admin-ca' is a registrar
2018/08/08 03:54:52 [DEBUG] Validating affiliation: org1
2018/08/08 03:54:52 [DEBUG] Checking to see if affiliation 'org1' contains caller's affiliation ''
2018/08/08 03:54:52 [DEBUG] Caller has root affiliation
2018/08/08 03:54:52 [DEBUG] DB: Get affiliation org1
2018/08/08 03:54:52 [DEBUG] Registering user id: org1-orderer
2018/08/08 03:54:52 [DEBUG] Max enrollment value verification - User specified max enrollment: 0, CA max enrollment: -1
2018/08/08 03:54:52 [DEBUG] DB: Getting identity org1-orderer
2018/08/08 03:54:52 [DEBUG] DB: Add identity org1-orderer
2018/08/08 03:54:52 [DEBUG] Successfully added identity org1-orderer to the database
2018/08/08 03:54:52 [INFO] 172.18.0.3:57084 POST /register 201 0 "OK"
2018/08/08 03:54:52 [DEBUG] Received request for /register
2018/08/08 03:54:52 [DEBUG] Checking for revocation/expiration of certificate owned by 'org1-admin-ca'
2018/08/08 03:54:52 [DEBUG] DB: Get certificate by serial (6bf2e1e47729c75deda81ea1dc1c52a992a16d7b) and aki (f2158e1ed54845b32174b4023b814c89dcdcb587)
2018/08/08 03:54:52 [DEBUG] DB: Getting identity org1-admin-ca
2018/08/08 03:54:52 [DEBUG] Successful token authentication of 'org1-admin-ca'
2018/08/08 03:54:52 [DEBUG] Received registration request from org1-admin-ca: { Name:org1-admin Type:client Secret:**** MaxEnrollments:0 Affiliation:org1 Attributes:[{hf.Registrar.Roles client false} {hf.Registrar.Attributes * false} {hf.Revoker true false} {hf.GenCRL true false} {admin true true} {abac.init true true}] CAName:  }
2018/08/08 03:54:52 [DEBUG] canRegister - Check to see if user 'org1-admin-ca' can register
2018/08/08 03:54:52 [DEBUG] Checking to see if caller 'org1-admin-ca' can act on type 'client'
2018/08/08 03:54:52 [DEBUG] Checking to see if caller 'org1-admin-ca' is a registrar
2018/08/08 03:54:52 [DEBUG] Validating affiliation: org1
2018/08/08 03:54:52 [DEBUG] Checking to see if affiliation 'org1' contains caller's affiliation ''
2018/08/08 03:54:52 [DEBUG] Caller has root affiliation
2018/08/08 03:54:52 [DEBUG] DB: Get affiliation org1
2018/08/08 03:54:52 [DEBUG] Checking to see if registrar can register the requested attributes: [{Name:hf.Registrar.Roles Value:client ECert:false} {Name:hf.Registrar.Attributes Value:* ECert:false} {Name:hf.Revoker Value:true ECert:false} {Name:hf.GenCRL Value:true ECert:false} {Name:admin Value:true ECert:true} {Name:abac.init Value:true ECert:true}]
2018/08/08 03:54:52 [DEBUG] Validating that registrar with the following values for hf.Registrar.Attributes '*' is authorized to register the requested attribute '&{Name:hf.Registrar.Roles Value:client ECert:false}'
2018/08/08 03:54:52 [DEBUG] Checking if registrar can register attribute: hf.Registrar.Roles
2018/08/08 03:54:52 [DEBUG] Performing authorization check...
2018/08/08 03:54:52 [DEBUG] Checking if caller is authorized to register attribute 'hf.Registrar.Roles' with the requested value of '%!s(func() string=0x8c9970)'
2018/08/08 03:54:52 [DEBUG] Requested attribute type is list
2018/08/08 03:54:52 [DEBUG] Validating that registrar with the following values for hf.Registrar.Attributes '*' is authorized to register the requested attribute '&{Name:hf.Registrar.Attributes Value:* ECert:false}'
2018/08/08 03:54:52 [DEBUG] Checking if registrar can register attribute: hf.Registrar.Attributes
2018/08/08 03:54:52 [DEBUG] Performing authorization check...
2018/08/08 03:54:52 [DEBUG] Checking if caller is authorized to register attribute 'hf.Registrar.Attributes' with the requested value of '%!s(func() string=0x8c9970)'
2018/08/08 03:54:52 [DEBUG] Requested attribute type is list
2018/08/08 03:54:52 [DEBUG] Perform ownshership check for requested 'hf.' attributes for the values of 'hf.Registrar.Attributes'
2018/08/08 03:54:52 [DEBUG] Checking if registrar can register attribute: *
2018/08/08 03:54:52 [DEBUG] Validating that registrar with the following values for hf.Registrar.Attributes '*' is authorized to register the requested attribute '&{Name:hf.Revoker Value:true ECert:false}'
2018/08/08 03:54:52 [DEBUG] Checking if registrar can register attribute: hf.Revoker
2018/08/08 03:54:52 [DEBUG] Performing authorization check...
2018/08/08 03:54:52 [DEBUG] Checking if caller is authorized to register attribute 'hf.Revoker' with the requested value of '%!s(func() string=0x8c9970)'
2018/08/08 03:54:52 [DEBUG] Requested attribute type is boolean
2018/08/08 03:54:52 [DEBUG] Validating that registrar with the following values for hf.Registrar.Attributes '*' is authorized to register the requested attribute '&{Name:hf.GenCRL Value:true ECert:false}'
2018/08/08 03:54:52 [DEBUG] Checking if registrar can register attribute: hf.GenCRL
2018/08/08 03:54:52 [DEBUG] Performing authorization check...
2018/08/08 03:54:52 [DEBUG] Checking if caller is authorized to register attribute 'hf.GenCRL' with the requested value of '%!s(func() string=0x8c9970)'
2018/08/08 03:54:52 [DEBUG] Requested attribute type is boolean
2018/08/08 03:54:52 [DEBUG] Validating that registrar with the following values for hf.Registrar.Attributes '*' is authorized to register the requested attribute '&{Name:admin Value:true ECert:true}'
2018/08/08 03:54:52 [DEBUG] Checking if registrar can register attribute: admin
2018/08/08 03:54:52 [DEBUG] Performing authorization check...
2018/08/08 03:54:52 [DEBUG] Validating that registrar with the following values for hf.Registrar.Attributes '*' is authorized to register the requested attribute '&{Name:abac.init Value:true ECert:true}'
2018/08/08 03:54:52 [DEBUG] Checking if registrar can register attribute: abac.init
2018/08/08 03:54:52 [DEBUG] Performing authorization check...
2018/08/08 03:54:52 [DEBUG] Registering user id: org1-admin
2018/08/08 03:54:52 [DEBUG] Max enrollment value verification - User specified max enrollment: 0, CA max enrollment: -1
2018/08/08 03:54:52 [DEBUG] DB: Getting identity org1-admin
2018/08/08 03:54:52 [DEBUG] DB: Add identity org1-admin
2018/08/08 03:54:53 [DEBUG] Successfully added identity org1-admin to the database
2018/08/08 03:54:53 [INFO] 172.18.0.3:57086 POST /register 201 0 "OK"
2018/08/08 03:54:53 [DEBUG] Received request for /register
2018/08/08 03:54:53 [DEBUG] Checking for revocation/expiration of certificate owned by 'org1-admin-ca'
2018/08/08 03:54:53 [DEBUG] DB: Get certificate by serial (6bf2e1e47729c75deda81ea1dc1c52a992a16d7b) and aki (f2158e1ed54845b32174b4023b814c89dcdcb587)
2018/08/08 03:54:53 [DEBUG] DB: Getting identity org1-admin-ca
2018/08/08 03:54:53 [DEBUG] Successful token authentication of 'org1-admin-ca'
2018/08/08 03:54:53 [DEBUG] Received registration request from org1-admin-ca: { Name:org1-peer0 Type:peer Secret:**** MaxEnrollments:0 Affiliation:org1 Attributes:[] CAName:  }
2018/08/08 03:54:53 [DEBUG] canRegister - Check to see if user 'org1-admin-ca' can register
2018/08/08 03:54:53 [DEBUG] Checking to see if caller 'org1-admin-ca' can act on type 'peer'
2018/08/08 03:54:53 [DEBUG] Checking to see if caller 'org1-admin-ca' is a registrar
2018/08/08 03:54:53 [DEBUG] Validating affiliation: org1
2018/08/08 03:54:53 [DEBUG] Checking to see if affiliation 'org1' contains caller's affiliation ''
2018/08/08 03:54:53 [DEBUG] Caller has root affiliation
2018/08/08 03:54:53 [DEBUG] DB: Get affiliation org1
2018/08/08 03:54:53 [DEBUG] Registering user id: org1-peer0
2018/08/08 03:54:53 [DEBUG] Max enrollment value verification - User specified max enrollment: 0, CA max enrollment: -1
2018/08/08 03:54:53 [DEBUG] DB: Getting identity org1-peer0
2018/08/08 03:54:53 [DEBUG] DB: Add identity org1-peer0
2018/08/08 03:54:53 [DEBUG] Successfully added identity org1-peer0 to the database
2018/08/08 03:54:53 [INFO] 172.18.0.3:57088 POST /register 201 0 "OK"
2018/08/08 03:54:53 [DEBUG] Received request for /enroll
2018/08/08 03:54:53 [DEBUG] ca.Config: &{Version:1.2.0-stable Cfg:{Identities:{AllowRemove:false} Affiliations:{AllowRemove:false}} CA:{Name: Keyfile:/etc/hyperledger/fabric-ca/ca-key.pem Certfile:/etc/hyperledger/fabric-ca/ca-cert.pem Chainfile:/etc/hyperledger/fabric-ca/ca-chain.pem} Signing:0xc4203891d0 CSR:{CN:org1-ca Names:[{C:US ST:North Carolina L: O:Hyperledger OU:Fabric SerialNumber:}] Hosts:[org1-ca] KeyRequest:<nil> CA:0xc42038b780 SerialNumber:} Registry:{MaxEnrollments:-1 Identities:[{ Name:**** Pass:**** Type:client Affiliation: MaxEnrollments:0 Attrs:map[hf.Registrar.Roles:* hf.Registrar.DelegateRoles:* hf.Revoker:1 hf.IntermediateCA:1 hf.GenCRL:1 hf.Registrar.Attributes:* hf.AffiliationMgr:1]  }]} Affiliations:map[org2:[department1] org1:[department1 department2]] LDAP:{ Enabled:false URL:ldap://****:****@<host>:<port>/<base> UserFilter:(uid=%s) GroupFilter:(memberUid=%s) Attribute:{[uid member] [{ }] map[groups:[{ }]]} TLS:{false [] { }}  } DB:{ Type:sqlite3 Datasource:/etc/hyperledger/fabric-ca/fabric-ca-server.db TLS:{false [] { }}  } CSP:0xc42036ac30 Client:<nil> Intermediate:{ParentServer:{ URL: CAName:  } TLS:{Enabled:false CertFiles:[] Client:{KeyFile: CertFile:}} Enrollment:{ Name: Secret:**** CAName: AttrReqs:[] Profile: Label: CSR:<nil> Type:x509  }} CRL:{Expiry:24h0m0s} Idemix:{IssuerPublicKeyfile:/etc/hyperledger/fabric-ca/IssuerPublicKey IssuerSecretKeyfile:/etc/hyperledger/fabric-ca/msp/keystore/IssuerSecretKey RevocationPublicKeyfile:/etc/hyperledger/fabric-ca/IssuerRevocationPublicKey RevocationPrivateKeyfile:/etc/hyperledger/fabric-ca/msp/keystore/IssuerRevocationPrivateKey RHPoolSize:1000 NonceExpiration:15s NonceSweepInterval:15m}}
2018/08/08 03:54:53 [DEBUG] DB: Getting identity org1-peer0
2018/08/08 03:54:53 [DEBUG] DB: Login user org1-peer0 with max enrollments of -1 and state of 0
2018/08/08 03:54:53 [DEBUG] DB: identity org1-peer0 successfully logged in
2018/08/08 03:54:53 [DEBUG] DB: Getting identity org1-peer0
2018/08/08 03:54:53 [DEBUG] Processing sign request: id=org1-peer0, CommonName=org1-peer0, Subject=<nil>
2018/08/08 03:54:53 [DEBUG] Request is not for a CA signing certificate
2018/08/08 03:54:53 [DEBUG] Checking CSR fields to make sure that they do not exceed maximum character limits
2018/08/08 03:54:53 [DEBUG] Finished processing sign request
2018/08/08 03:54:53 [DEBUG] DB: Getting identity org1-peer0
2018/08/08 03:54:53 [DEBUG] Attribute extension being added to certificate is: &{ID:[1 2 3 4 5 6 7 8 1] Critical:false Value:7b226174747273223a7b2268662e416666696c696174696f6e223a226f726731222c2268662e456e726f6c6c6d656e744944223a226f7267312d7065657230222c2268662e54797065223a2270656572227d7d}
2018/08/08 03:54:53 [DEBUG] Adding attribute extension to CSR: &{ID:[1 2 3 4 5 6 7 8 1] Critical:false Value:7b226174747273223a7b2268662e416666696c696174696f6e223a226f726731222c2268662e456e726f6c6c6d656e744944223a226f7267312d7065657230222c2268662e54797065223a2270656572227d7d}
2018/08/08 03:54:53 [INFO] signed certificate with serial number 185890940895391131868274477820487213617678304210
2018/08/08 03:54:53 [DEBUG] DB: Insert Certificate
2018/08/08 03:54:53 [DEBUG] Saved serial number as hex 208fa3593a9b28b125189a43dfc9de45e1e2c3d2
2018/08/08 03:54:53 [DEBUG] saved certificate with serial number 185890940895391131868274477820487213617678304210
2018/08/08 03:54:53 [DEBUG] Successfully incremented state for identity org1-peer0 to 1
2018/08/08 03:54:53 [INFO] 172.18.0.3:57090 POST /enroll 201 0 "OK"
2018/08/08 03:54:53 [DEBUG] Received request for /cainfo
2018/08/08 03:54:53 [INFO] 172.18.0.3:57092 POST /cainfo 200 0 "OK"
2018/08/08 03:54:54 [DEBUG] Received request for /enroll
2018/08/08 03:54:54 [DEBUG] ca.Config: &{Version:1.2.0-stable Cfg:{Identities:{AllowRemove:false} Affiliations:{AllowRemove:false}} CA:{Name: Keyfile:/etc/hyperledger/fabric-ca/ca-key.pem Certfile:/etc/hyperledger/fabric-ca/ca-cert.pem Chainfile:/etc/hyperledger/fabric-ca/ca-chain.pem} Signing:0xc4203891d0 CSR:{CN:org1-ca Names:[{C:US ST:North Carolina L: O:Hyperledger OU:Fabric SerialNumber:}] Hosts:[org1-ca] KeyRequest:<nil> CA:0xc42038b780 SerialNumber:} Registry:{MaxEnrollments:-1 Identities:[{ Name:**** Pass:**** Type:client Affiliation: MaxEnrollments:0 Attrs:map[hf.Registrar.Attributes:* hf.AffiliationMgr:1 hf.Registrar.Roles:* hf.Registrar.DelegateRoles:* hf.Revoker:1 hf.IntermediateCA:1 hf.GenCRL:1]  }]} Affiliations:map[org2:[department1] org1:[department1 department2]] LDAP:{ Enabled:false URL:ldap://****:****@<host>:<port>/<base> UserFilter:(uid=%s) GroupFilter:(memberUid=%s) Attribute:{[uid member] [{ }] map[groups:[{ }]]} TLS:{false [] { }}  } DB:{ Type:sqlite3 Datasource:/etc/hyperledger/fabric-ca/fabric-ca-server.db TLS:{false [] { }}  } CSP:0xc42036ac30 Client:<nil> Intermediate:{ParentServer:{ URL: CAName:  } TLS:{Enabled:false CertFiles:[] Client:{KeyFile: CertFile:}} Enrollment:{ Name: Secret:**** CAName: AttrReqs:[] Profile: Label: CSR:<nil> Type:x509  }} CRL:{Expiry:24h0m0s} Idemix:{IssuerPublicKeyfile:/etc/hyperledger/fabric-ca/IssuerPublicKey IssuerSecretKeyfile:/etc/hyperledger/fabric-ca/msp/keystore/IssuerSecretKey RevocationPublicKeyfile:/etc/hyperledger/fabric-ca/IssuerRevocationPublicKey RevocationPrivateKeyfile:/etc/hyperledger/fabric-ca/msp/keystore/IssuerRevocationPrivateKey RHPoolSize:1000 NonceExpiration:15s NonceSweepInterval:15m}}
2018/08/08 03:54:54 [DEBUG] DB: Getting identity org1-admin
2018/08/08 03:54:54 [DEBUG] DB: Login user org1-admin with max enrollments of -1 and state of 0
2018/08/08 03:54:54 [DEBUG] DB: identity org1-admin successfully logged in
2018/08/08 03:54:54 [DEBUG] DB: Getting identity org1-admin
2018/08/08 03:54:54 [DEBUG] Processing sign request: id=org1-admin, CommonName=org1-admin, Subject=<nil>
2018/08/08 03:54:54 [DEBUG] Request is not for a CA signing certificate
2018/08/08 03:54:54 [DEBUG] Checking CSR fields to make sure that they do not exceed maximum character limits
2018/08/08 03:54:54 [DEBUG] Finished processing sign request
2018/08/08 03:54:54 [DEBUG] DB: Getting identity org1-admin
2018/08/08 03:54:54 [DEBUG] Attribute extension being added to certificate is: &{ID:[1 2 3 4 5 6 7 8 1] Critical:false Value:7b226174747273223a7b22616261632e696e6974223a2274727565222c2261646d696e223a2274727565222c2268662e416666696c696174696f6e223a226f726731222c2268662e456e726f6c6c6d656e744944223a226f7267312d61646d696e222c2268662e54797065223a22636c69656e74227d7d}
2018/08/08 03:54:54 [DEBUG] Adding attribute extension to CSR: &{ID:[1 2 3 4 5 6 7 8 1] Critical:false Value:7b226174747273223a7b22616261632e696e6974223a2274727565222c2261646d696e223a2274727565222c2268662e416666696c696174696f6e223a226f726731222c2268662e456e726f6c6c6d656e744944223a226f7267312d61646d696e222c2268662e54797065223a22636c69656e74227d7d}
2018/08/08 03:54:54 [INFO] signed certificate with serial number 21973411851481808066180423465200426918134307007
2018/08/08 03:54:54 [DEBUG] DB: Insert Certificate
2018/08/08 03:54:54 [DEBUG] Saved serial number as hex 3d95265bfd03802060a7fc0b6c8831b45d658bf
2018/08/08 03:54:54 [DEBUG] saved certificate with serial number 21973411851481808066180423465200426918134307007
2018/08/08 03:54:54 [DEBUG] Successfully incremented state for identity org1-admin to 1
2018/08/08 03:54:54 [INFO] 172.18.0.3:57094 POST /enroll 201 0 "OK"
2018/08/08 03:55:13 [DEBUG] Received request for /enroll
2018/08/08 03:55:13 [DEBUG] ca.Config: &{Version:1.2.0-stable Cfg:{Identities:{AllowRemove:false} Affiliations:{AllowRemove:false}} CA:{Name: Keyfile:/etc/hyperledger/fabric-ca/ca-key.pem Certfile:/etc/hyperledger/fabric-ca/ca-cert.pem Chainfile:/etc/hyperledger/fabric-ca/ca-chain.pem} Signing:0xc4203891d0 CSR:{CN:org1-ca Names:[{C:US ST:North Carolina L: O:Hyperledger OU:Fabric SerialNumber:}] Hosts:[org1-ca] KeyRequest:<nil> CA:0xc42038b780 SerialNumber:} Registry:{MaxEnrollments:-1 Identities:[{ Name:**** Pass:**** Type:client Affiliation: MaxEnrollments:0 Attrs:map[hf.AffiliationMgr:1 hf.Registrar.Roles:* hf.Registrar.DelegateRoles:* hf.Revoker:1 hf.IntermediateCA:1 hf.GenCRL:1 hf.Registrar.Attributes:*]  }]} Affiliations:map[org2:[department1] org1:[department1 department2]] LDAP:{ Enabled:false URL:ldap://****:****@<host>:<port>/<base> UserFilter:(uid=%s) GroupFilter:(memberUid=%s) Attribute:{[uid member] [{ }] map[groups:[{ }]]} TLS:{false [] { }}  } DB:{ Type:sqlite3 Datasource:/etc/hyperledger/fabric-ca/fabric-ca-server.db TLS:{false [] { }}  } CSP:0xc42036ac30 Client:<nil> Intermediate:{ParentServer:{ URL: CAName:  } TLS:{Enabled:false CertFiles:[] Client:{KeyFile: CertFile:}} Enrollment:{ Name: Secret:**** CAName: AttrReqs:[] Profile: Label: CSR:<nil> Type:x509  }} CRL:{Expiry:24h0m0s} Idemix:{IssuerPublicKeyfile:/etc/hyperledger/fabric-ca/IssuerPublicKey IssuerSecretKeyfile:/etc/hyperledger/fabric-ca/msp/keystore/IssuerSecretKey RevocationPublicKeyfile:/etc/hyperledger/fabric-ca/IssuerRevocationPublicKey RevocationPrivateKeyfile:/etc/hyperledger/fabric-ca/msp/keystore/IssuerRevocationPrivateKey RHPoolSize:1000 NonceExpiration:15s NonceSweepInterval:15m}}
2018/08/08 03:55:13 [DEBUG] DB: Getting identity org1-orderer
2018/08/08 03:55:13 [DEBUG] DB: Login user org1-orderer with max enrollments of -1 and state of 0
2018/08/08 03:55:13 [DEBUG] DB: identity org1-orderer successfully logged in
2018/08/08 03:55:13 [DEBUG] DB: Getting identity org1-orderer
2018/08/08 03:55:13 [DEBUG] Processing sign request: id=org1-orderer, CommonName=org1-orderer, Subject=<nil>
2018/08/08 03:55:13 [DEBUG] Request is not for a CA signing certificate
2018/08/08 03:55:13 [DEBUG] Checking CSR fields to make sure that they do not exceed maximum character limits
2018/08/08 03:55:13 [DEBUG] Finished processing sign request
2018/08/08 03:55:13 [DEBUG] DB: Getting identity org1-orderer
2018/08/08 03:55:13 [DEBUG] Attribute extension being added to certificate is: &{ID:[1 2 3 4 5 6 7 8 1] Critical:false Value:7b226174747273223a7b2268662e416666696c696174696f6e223a226f726731222c2268662e456e726f6c6c6d656e744944223a226f7267312d6f726465726572222c2268662e54797065223a226f726465726572227d7d}
2018/08/08 03:55:13 [DEBUG] Adding attribute extension to CSR: &{ID:[1 2 3 4 5 6 7 8 1] Critical:false Value:7b226174747273223a7b2268662e416666696c696174696f6e223a226f726731222c2268662e456e726f6c6c6d656e744944223a226f7267312d6f726465726572222c2268662e54797065223a226f726465726572227d7d}
2018/08/08 03:55:13 [INFO] signed certificate with serial number 425515527375872353531104504110389432476123354873
2018/08/08 03:55:13 [DEBUG] DB: Insert Certificate
2018/08/08 03:55:13 [DEBUG] Saved serial number as hex 4a88c6b28b33eaee83735347458ff0672b4d56f9
2018/08/08 03:55:13 [DEBUG] saved certificate with serial number 425515527375872353531104504110389432476123354873
2018/08/08 03:55:13 [DEBUG] Successfully incremented state for identity org1-orderer to 1
2018/08/08 03:55:13 [INFO] 172.18.0.4:34224 POST /enroll 201 0 "OK"
2018/08/08 03:55:13 [DEBUG] Received request for /enroll
2018/08/08 03:55:13 [DEBUG] ca.Config: &{Version:1.2.0-stable Cfg:{Identities:{AllowRemove:false} Affiliations:{AllowRemove:false}} CA:{Name: Keyfile:/etc/hyperledger/fabric-ca/ca-key.pem Certfile:/etc/hyperledger/fabric-ca/ca-cert.pem Chainfile:/etc/hyperledger/fabric-ca/ca-chain.pem} Signing:0xc4203891d0 CSR:{CN:org1-ca Names:[{C:US ST:North Carolina L: O:Hyperledger OU:Fabric SerialNumber:}] Hosts:[org1-ca] KeyRequest:<nil> CA:0xc42038b780 SerialNumber:} Registry:{MaxEnrollments:-1 Identities:[{ Name:**** Pass:**** Type:client Affiliation: MaxEnrollments:0 Attrs:map[hf.Registrar.Attributes:* hf.AffiliationMgr:1 hf.Registrar.Roles:* hf.Registrar.DelegateRoles:* hf.Revoker:1 hf.IntermediateCA:1 hf.GenCRL:1]  }]} Affiliations:map[org2:[department1] org1:[department1 department2]] LDAP:{ Enabled:false URL:ldap://****:****@<host>:<port>/<base> UserFilter:(uid=%s) GroupFilter:(memberUid=%s) Attribute:{[uid member] [{ }] map[groups:[{ }]]} TLS:{false [] { }}  } DB:{ Type:sqlite3 Datasource:/etc/hyperledger/fabric-ca/fabric-ca-server.db TLS:{false [] { }}  } CSP:0xc42036ac30 Client:<nil> Intermediate:{ParentServer:{ URL: CAName:  } TLS:{Enabled:false CertFiles:[] Client:{KeyFile: CertFile:}} Enrollment:{ Name: Secret:**** CAName: AttrReqs:[] Profile: Label: CSR:<nil> Type:x509  }} CRL:{Expiry:24h0m0s} Idemix:{IssuerPublicKeyfile:/etc/hyperledger/fabric-ca/IssuerPublicKey IssuerSecretKeyfile:/etc/hyperledger/fabric-ca/msp/keystore/IssuerSecretKey RevocationPublicKeyfile:/etc/hyperledger/fabric-ca/IssuerRevocationPublicKey RevocationPrivateKeyfile:/etc/hyperledger/fabric-ca/msp/keystore/IssuerRevocationPrivateKey RHPoolSize:1000 NonceExpiration:15s NonceSweepInterval:15m}}
2018/08/08 03:55:13 [DEBUG] DB: Getting identity org1-orderer
2018/08/08 03:55:13 [DEBUG] DB: Login user org1-orderer with max enrollments of -1 and state of 1
2018/08/08 03:55:13 [DEBUG] DB: identity org1-orderer successfully logged in
2018/08/08 03:55:13 [DEBUG] DB: Getting identity org1-orderer
2018/08/08 03:55:13 [DEBUG] Processing sign request: id=org1-orderer, CommonName=org1-orderer, Subject=<nil>
2018/08/08 03:55:13 [DEBUG] Request is not for a CA signing certificate
2018/08/08 03:55:13 [DEBUG] Checking CSR fields to make sure that they do not exceed maximum character limits
2018/08/08 03:55:13 [DEBUG] Finished processing sign request
2018/08/08 03:55:13 [DEBUG] DB: Getting identity org1-orderer
2018/08/08 03:55:13 [DEBUG] Attribute extension being added to certificate is: &{ID:[1 2 3 4 5 6 7 8 1] Critical:false Value:7b226174747273223a7b2268662e416666696c696174696f6e223a226f726731222c2268662e456e726f6c6c6d656e744944223a226f7267312d6f726465726572222c2268662e54797065223a226f726465726572227d7d}
2018/08/08 03:55:13 [DEBUG] Adding attribute extension to CSR: &{ID:[1 2 3 4 5 6 7 8 1] Critical:false Value:7b226174747273223a7b2268662e416666696c696174696f6e223a226f726731222c2268662e456e726f6c6c6d656e744944223a226f7267312d6f726465726572222c2268662e54797065223a226f726465726572227d7d}
2018/08/08 03:55:13 [INFO] signed certificate with serial number 547659757942073965920567664367723871212308675754
2018/08/08 03:55:13 [DEBUG] DB: Insert Certificate
2018/08/08 03:55:13 [DEBUG] Saved serial number as hex 5fede9b315828e62fea1f82f9056c23d47263caa
2018/08/08 03:55:13 [DEBUG] saved certificate with serial number 547659757942073965920567664367723871212308675754
2018/08/08 03:55:13 [DEBUG] Successfully incremented state for identity org1-orderer to 2
2018/08/08 03:55:13 [INFO] 172.18.0.4:34226 POST /enroll 201 0 "OK"
2018/08/08 03:55:25 [DEBUG] Received request for /enroll
2018/08/08 03:55:25 [DEBUG] ca.Config: &{Version:1.2.0-stable Cfg:{Identities:{AllowRemove:false} Affiliations:{AllowRemove:false}} CA:{Name: Keyfile:/etc/hyperledger/fabric-ca/ca-key.pem Certfile:/etc/hyperledger/fabric-ca/ca-cert.pem Chainfile:/etc/hyperledger/fabric-ca/ca-chain.pem} Signing:0xc4203891d0 CSR:{CN:org1-ca Names:[{C:US ST:North Carolina L: O:Hyperledger OU:Fabric SerialNumber:}] Hosts:[org1-ca] KeyRequest:<nil> CA:0xc42038b780 SerialNumber:} Registry:{MaxEnrollments:-1 Identities:[{ Name:**** Pass:**** Type:client Affiliation: MaxEnrollments:0 Attrs:map[hf.Registrar.Roles:* hf.Registrar.DelegateRoles:* hf.Revoker:1 hf.IntermediateCA:1 hf.GenCRL:1 hf.Registrar.Attributes:* hf.AffiliationMgr:1]  }]} Affiliations:map[org2:[department1] org1:[department1 department2]] LDAP:{ Enabled:false URL:ldap://****:****@<host>:<port>/<base> UserFilter:(uid=%s) GroupFilter:(memberUid=%s) Attribute:{[uid member] [{ }] map[groups:[{ }]]} TLS:{false [] { }}  } DB:{ Type:sqlite3 Datasource:/etc/hyperledger/fabric-ca/fabric-ca-server.db TLS:{false [] { }}  } CSP:0xc42036ac30 Client:<nil> Intermediate:{ParentServer:{ URL: CAName:  } TLS:{Enabled:false CertFiles:[] Client:{KeyFile: CertFile:}} Enrollment:{ Name: Secret:**** CAName: AttrReqs:[] Profile: Label: CSR:<nil> Type:x509  }} CRL:{Expiry:24h0m0s} Idemix:{IssuerPublicKeyfile:/etc/hyperledger/fabric-ca/IssuerPublicKey IssuerSecretKeyfile:/etc/hyperledger/fabric-ca/msp/keystore/IssuerSecretKey RevocationPublicKeyfile:/etc/hyperledger/fabric-ca/IssuerRevocationPublicKey RevocationPrivateKeyfile:/etc/hyperledger/fabric-ca/msp/keystore/IssuerRevocationPrivateKey RHPoolSize:1000 NonceExpiration:15s NonceSweepInterval:15m}}
2018/08/08 03:55:25 [DEBUG] DB: Getting identity org1-peer0
2018/08/08 03:55:25 [DEBUG] DB: Login user org1-peer0 with max enrollments of -1 and state of 1
2018/08/08 03:55:25 [DEBUG] DB: identity org1-peer0 successfully logged in
2018/08/08 03:55:25 [DEBUG] DB: Getting identity org1-peer0
2018/08/08 03:55:25 [DEBUG] Processing sign request: id=org1-peer0, CommonName=org1-peer0, Subject=<nil>
2018/08/08 03:55:25 [DEBUG] Request is not for a CA signing certificate
2018/08/08 03:55:25 [DEBUG] Checking CSR fields to make sure that they do not exceed maximum character limits
2018/08/08 03:55:25 [DEBUG] Finished processing sign request
2018/08/08 03:55:25 [DEBUG] DB: Getting identity org1-peer0
2018/08/08 03:55:25 [DEBUG] Attribute extension being added to certificate is: &{ID:[1 2 3 4 5 6 7 8 1] Critical:false Value:7b226174747273223a7b2268662e416666696c696174696f6e223a226f726731222c2268662e456e726f6c6c6d656e744944223a226f7267312d7065657230222c2268662e54797065223a2270656572227d7d}
2018/08/08 03:55:25 [DEBUG] Adding attribute extension to CSR: &{ID:[1 2 3 4 5 6 7 8 1] Critical:false Value:7b226174747273223a7b2268662e416666696c696174696f6e223a226f726731222c2268662e456e726f6c6c6d656e744944223a226f7267312d7065657230222c2268662e54797065223a2270656572227d7d}
2018/08/08 03:55:25 [INFO] signed certificate with serial number 386141472069961214742026972534213361767435960033
2018/08/08 03:55:25 [DEBUG] DB: Insert Certificate
2018/08/08 03:55:25 [DEBUG] Saved serial number as hex 43a32eb597529431014ef1ba6bce3bc460c37ee1
2018/08/08 03:55:25 [DEBUG] saved certificate with serial number 386141472069961214742026972534213361767435960033
2018/08/08 03:55:25 [DEBUG] Successfully incremented state for identity org1-peer0 to 2
2018/08/08 03:55:25 [INFO] 172.18.0.5:33724 POST /enroll 201 0 "OK"
2018/08/08 03:55:25 [DEBUG] Received request for /enroll
2018/08/08 03:55:25 [DEBUG] ca.Config: &{Version:1.2.0-stable Cfg:{Identities:{AllowRemove:false} Affiliations:{AllowRemove:false}} CA:{Name: Keyfile:/etc/hyperledger/fabric-ca/ca-key.pem Certfile:/etc/hyperledger/fabric-ca/ca-cert.pem Chainfile:/etc/hyperledger/fabric-ca/ca-chain.pem} Signing:0xc4203891d0 CSR:{CN:org1-ca Names:[{C:US ST:North Carolina L: O:Hyperledger OU:Fabric SerialNumber:}] Hosts:[org1-ca] KeyRequest:<nil> CA:0xc42038b780 SerialNumber:} Registry:{MaxEnrollments:-1 Identities:[{ Name:**** Pass:**** Type:client Affiliation: MaxEnrollments:0 Attrs:map[hf.GenCRL:1 hf.Registrar.Attributes:* hf.AffiliationMgr:1 hf.Registrar.Roles:* hf.Registrar.DelegateRoles:* hf.Revoker:1 hf.IntermediateCA:1]  }]} Affiliations:map[org2:[department1] org1:[department1 department2]] LDAP:{ Enabled:false URL:ldap://****:****@<host>:<port>/<base> UserFilter:(uid=%s) GroupFilter:(memberUid=%s) Attribute:{[uid member] [{ }] map[groups:[{ }]]} TLS:{false [] { }}  } DB:{ Type:sqlite3 Datasource:/etc/hyperledger/fabric-ca/fabric-ca-server.db TLS:{false [] { }}  } CSP:0xc42036ac30 Client:<nil> Intermediate:{ParentServer:{ URL: CAName:  } TLS:{Enabled:false CertFiles:[] Client:{KeyFile: CertFile:}} Enrollment:{ Name: Secret:**** CAName: AttrReqs:[] Profile: Label: CSR:<nil> Type:x509  }} CRL:{Expiry:24h0m0s} Idemix:{IssuerPublicKeyfile:/etc/hyperledger/fabric-ca/IssuerPublicKey IssuerSecretKeyfile:/etc/hyperledger/fabric-ca/msp/keystore/IssuerSecretKey RevocationPublicKeyfile:/etc/hyperledger/fabric-ca/IssuerRevocationPublicKey RevocationPrivateKeyfile:/etc/hyperledger/fabric-ca/msp/keystore/IssuerRevocationPrivateKey RHPoolSize:1000 NonceExpiration:15s NonceSweepInterval:15m}}
2018/08/08 03:55:25 [DEBUG] DB: Getting identity org1-peer0
2018/08/08 03:55:25 [DEBUG] DB: Login user org1-peer0 with max enrollments of -1 and state of 2
2018/08/08 03:55:25 [DEBUG] DB: identity org1-peer0 successfully logged in
2018/08/08 03:55:25 [DEBUG] DB: Getting identity org1-peer0
2018/08/08 03:55:25 [DEBUG] Processing sign request: id=org1-peer0, CommonName=org1-peer0, Subject=<nil>
2018/08/08 03:55:25 [DEBUG] Request is not for a CA signing certificate
2018/08/08 03:55:25 [DEBUG] Checking CSR fields to make sure that they do not exceed maximum character limits
2018/08/08 03:55:25 [DEBUG] Finished processing sign request
2018/08/08 03:55:25 [DEBUG] DB: Getting identity org1-peer0
2018/08/08 03:55:25 [DEBUG] Attribute extension being added to certificate is: &{ID:[1 2 3 4 5 6 7 8 1] Critical:false Value:7b226174747273223a7b2268662e416666696c696174696f6e223a226f726731222c2268662e456e726f6c6c6d656e744944223a226f7267312d7065657230222c2268662e54797065223a2270656572227d7d}
2018/08/08 03:55:25 [DEBUG] Adding attribute extension to CSR: &{ID:[1 2 3 4 5 6 7 8 1] Critical:false Value:7b226174747273223a7b2268662e416666696c696174696f6e223a226f726731222c2268662e456e726f6c6c6d656e744944223a226f7267312d7065657230222c2268662e54797065223a2270656572227d7d}
2018/08/08 03:55:25 [INFO] signed certificate with serial number 642026774251034780877701846059502110950004038837
2018/08/08 03:55:25 [DEBUG] DB: Insert Certificate
2018/08/08 03:55:25 [DEBUG] Saved serial number as hex 707579eb85992f2edf6fe0f69b3e92a49a9f1cb5
2018/08/08 03:55:25 [DEBUG] saved certificate with serial number 642026774251034780877701846059502110950004038837
2018/08/08 03:55:25 [DEBUG] Successfully incremented state for identity org1-peer0 to 3
2018/08/08 03:55:25 [INFO] 172.18.0.5:33726 POST /enroll 201 0 "OK"
2018/08/08 04:09:38 [DEBUG] Cleaning up expired nonces for CA ''
2018/08/08 04:24:38 [DEBUG] Cleaning up expired nonces for CA ''
2018/08/08 04:39:38 [DEBUG] Cleaning up expired nonces for CA ''
